INFO - 2024-02-08 02:43:59 --> Session: Class initialized using 'CodeIgniter\Session\Handlers\FileHandler' driver.
WARNING - 2024-02-08 02:43:59 --> Session: Sessions is enabled, and one exists. Please don't $session->start();
INFO - 2024-02-08 02:44:44 --> Session: Class initialized using 'CodeIgniter\Session\Handlers\FileHandler' driver.
WARNING - 2024-02-08 02:44:44 --> Session: Sessions is enabled, and one exists. Please don't $session->start();
INFO - 2024-02-08 02:53:10 --> Session: Class initialized using 'CodeIgniter\Session\Handlers\FileHandler' driver.
WARNING - 2024-02-08 02:53:10 --> Session: Sessions is enabled, and one exists. Please don't $session->start();
INFO - 2024-02-08 02:54:29 --> Session: Class initialized using 'CodeIgniter\Session\Handlers\FileHandler' driver.
WARNING - 2024-02-08 02:54:29 --> Session: Sessions is enabled, and one exists. Please don't $session->start();
INFO - 2024-02-08 02:58:14 --> Session: Class initialized using 'CodeIgniter\Session\Handlers\FileHandler' driver.
WARNING - 2024-02-08 02:58:14 --> Session: Sessions is enabled, and one exists. Please don't $session->start();
INFO - 2024-02-08 03:03:43 --> Session: Class initialized using 'CodeIgniter\Session\Handlers\FileHandler' driver.
WARNING - 2024-02-08 03:03:43 --> Session: Sessions is enabled, and one exists. Please don't $session->start();
CRITICAL - 2024-02-08 03:03:45 --> ErrorException: Undefined property: stdClass::$gambar
in APPPATH\Views\user\user.php on line 77.
 1 APPPATH\Views\user\user.php(77): CodeIgniter\Debug\Exceptions->errorHandler(8, 'Undefined property: stdClass::$gambar', 'C:\\xampp\\htdocs\\POS_CODEIGNITER\\app\\Views\\user\\user.php', 77, [...])
 2 SYSTEMPATH\View\View.php(228): include('C:\\xampp\\htdocs\\POS_CODEIGNITER\\app\\Views\\user\\user.php')
 3 SYSTEMPATH\View\View.php(231): CodeIgniter\View\View->CodeIgniter\View\{closure}()
 4 SYSTEMPATH\Common.php(1178): CodeIgniter\View\View->render('user/user', [], true)
 5 APPPATH\Controllers\User.php(23): view('user/user', [...])
 6 SYSTEMPATH\CodeIgniter.php(941): App\Controllers\User->index()
 7 SYSTEMPATH\CodeIgniter.php(502): CodeIgniter\CodeIgniter->runController(Object(App\Controllers\User))
 8 SYSTEMPATH\CodeIgniter.php(361): CodeIgniter\CodeIgniter->handleRequest(null, Object(Config\Cache), false)
 9 FCPATH\index.php(79): CodeIgniter\CodeIgniter->run()
10 SYSTEMPATH\Commands\Server\rewrite.php(47): require_once('C:\\xampp\\htdocs\\POS_CODEIGNITER\\public\\index.php')
INFO - 2024-02-08 03:03:58 --> Session: Class initialized using 'CodeIgniter\Session\Handlers\FileHandler' driver.
WARNING - 2024-02-08 03:03:58 --> Session: Sessions is enabled, and one exists. Please don't $session->start();
CRITICAL - 2024-02-08 03:04:00 --> ErrorException: Undefined property: stdClass::$photo
in APPPATH\Views\user\user.php on line 77.
 1 APPPATH\Views\user\user.php(77): CodeIgniter\Debug\Exceptions->errorHandler(8, 'Undefined property: stdClass::$photo', 'C:\\xampp\\htdocs\\POS_CODEIGNITER\\app\\Views\\user\\user.php', 77, [...])
 2 SYSTEMPATH\View\View.php(228): include('C:\\xampp\\htdocs\\POS_CODEIGNITER\\app\\Views\\user\\user.php')
 3 SYSTEMPATH\View\View.php(231): CodeIgniter\View\View->CodeIgniter\View\{closure}()
 4 SYSTEMPATH\Common.php(1178): CodeIgniter\View\View->render('user/user', [], true)
 5 APPPATH\Controllers\User.php(23): view('user/user', [...])
 6 SYSTEMPATH\CodeIgniter.php(941): App\Controllers\User->index()
 7 SYSTEMPATH\CodeIgniter.php(502): CodeIgniter\CodeIgniter->runController(Object(App\Controllers\User))
 8 SYSTEMPATH\CodeIgniter.php(361): CodeIgniter\CodeIgniter->handleRequest(null, Object(Config\Cache), false)
 9 FCPATH\index.php(79): CodeIgniter\CodeIgniter->run()
10 SYSTEMPATH\Commands\Server\rewrite.php(47): require_once('C:\\xampp\\htdocs\\POS_CODEIGNITER\\public\\index.php')
INFO - 2024-02-08 03:04:31 --> Session: Class initialized using 'CodeIgniter\Session\Handlers\FileHandler' driver.
WARNING - 2024-02-08 03:04:31 --> Session: Sessions is enabled, and one exists. Please don't $session->start();
CRITICAL - 2024-02-08 03:04:32 --> ErrorException: A non-numeric value encountered
in APPPATH\Views\user\user.php on line 77.
 1 APPPATH\Views\user\user.php(77): CodeIgniter\Debug\Exceptions->errorHandler(2, 'A non-numeric value encountered', 'C:\\xampp\\htdocs\\POS_CODEIGNITER\\app\\Views\\user\\user.php', 77, [...])
 2 SYSTEMPATH\View\View.php(228): include('C:\\xampp\\htdocs\\POS_CODEIGNITER\\app\\Views\\user\\user.php')
 3 SYSTEMPATH\View\View.php(231): CodeIgniter\View\View->CodeIgniter\View\{closure}()
 4 SYSTEMPATH\Common.php(1178): CodeIgniter\View\View->render('user/user', [], true)
 5 APPPATH\Controllers\User.php(23): view('user/user', [...])
 6 SYSTEMPATH\CodeIgniter.php(941): App\Controllers\User->index()
 7 SYSTEMPATH\CodeIgniter.php(502): CodeIgniter\CodeIgniter->runController(Object(App\Controllers\User))
 8 SYSTEMPATH\CodeIgniter.php(361): CodeIgniter\CodeIgniter->handleRequest(null, Object(Config\Cache), false)
 9 FCPATH\index.php(79): CodeIgniter\CodeIgniter->run()
10 SYSTEMPATH\Commands\Server\rewrite.php(47): require_once('C:\\xampp\\htdocs\\POS_CODEIGNITER\\public\\index.php')
INFO - 2024-02-08 03:05:18 --> Session: Class initialized using 'CodeIgniter\Session\Handlers\FileHandler' driver.
WARNING - 2024-02-08 03:05:18 --> Session: Sessions is enabled, and one exists. Please don't $session->start();
CRITICAL - 2024-02-08 03:05:19 --> ErrorException: A non-numeric value encountered
in APPPATH\Views\user\user.php on line 77.
 1 APPPATH\Views\user\user.php(77): CodeIgniter\Debug\Exceptions->errorHandler(2, 'A non-numeric value encountered', 'C:\\xampp\\htdocs\\POS_CODEIGNITER\\app\\Views\\user\\user.php', 77, [...])
 2 SYSTEMPATH\View\View.php(228): include('C:\\xampp\\htdocs\\POS_CODEIGNITER\\app\\Views\\user\\user.php')
 3 SYSTEMPATH\View\View.php(231): CodeIgniter\View\View->CodeIgniter\View\{closure}()
 4 SYSTEMPATH\Common.php(1178): CodeIgniter\View\View->render('user/user', [], true)
 5 APPPATH\Controllers\User.php(23): view('user/user', [...])
 6 SYSTEMPATH\CodeIgniter.php(941): App\Controllers\User->index()
 7 SYSTEMPATH\CodeIgniter.php(502): CodeIgniter\CodeIgniter->runController(Object(App\Controllers\User))
 8 SYSTEMPATH\CodeIgniter.php(361): CodeIgniter\CodeIgniter->handleRequest(null, Object(Config\Cache), false)
 9 FCPATH\index.php(79): CodeIgniter\CodeIgniter->run()
10 SYSTEMPATH\Commands\Server\rewrite.php(47): require_once('C:\\xampp\\htdocs\\POS_CODEIGNITER\\public\\index.php')
INFO - 2024-02-08 03:06:27 --> Session: Class initialized using 'CodeIgniter\Session\Handlers\FileHandler' driver.
WARNING - 2024-02-08 03:06:27 --> Session: Sessions is enabled, and one exists. Please don't $session->start();
INFO - 2024-02-08 03:07:25 --> Session: Class initialized using 'CodeIgniter\Session\Handlers\FileHandler' driver.
WARNING - 2024-02-08 03:07:25 --> Session: Sessions is enabled, and one exists. Please don't $session->start();
INFO - 2024-02-08 03:07:45 --> Session: Class initialized using 'CodeIgniter\Session\Handlers\FileHandler' driver.
WARNING - 2024-02-08 03:07:45 --> Session: Sessions is enabled, and one exists. Please don't $session->start();
INFO - 2024-02-08 03:08:52 --> Session: Class initialized using 'CodeIgniter\Session\Handlers\FileHandler' driver.
WARNING - 2024-02-08 03:08:52 --> Session: Sessions is enabled, and one exists. Please don't $session->start();
INFO - 2024-02-08 03:09:30 --> Session: Class initialized using 'CodeIgniter\Session\Handlers\FileHandler' driver.
WARNING - 2024-02-08 03:09:30 --> Session: Sessions is enabled, and one exists. Please don't $session->start();
INFO - 2024-02-08 03:11:15 --> Session: Class initialized using 'CodeIgniter\Session\Handlers\FileHandler' driver.
WARNING - 2024-02-08 03:11:15 --> Session: Sessions is enabled, and one exists. Please don't $session->start();
INFO - 2024-02-08 03:12:00 --> Session: Class initialized using 'CodeIgniter\Session\Handlers\FileHandler' driver.
WARNING - 2024-02-08 03:12:00 --> Session: Sessions is enabled, and one exists. Please don't $session->start();
INFO - 2024-02-08 03:12:18 --> Session: Class initialized using 'CodeIgniter\Session\Handlers\FileHandler' driver.
WARNING - 2024-02-08 03:12:18 --> Session: Sessions is enabled, and one exists. Please don't $session->start();
CRITICAL - 2024-02-08 03:12:19 --> CodeIgniter\HTTP\Exceptions\HTTPException: The original file is not a valid file.
in SYSTEMPATH\HTTP\Files\UploadedFile.php on line 146.
 1 SYSTEMPATH\HTTP\Files\UploadedFile.php(146): CodeIgniter\HTTP\Exceptions\HTTPException::forInvalidFile()
 2 APPPATH\Controllers\User.php(94): CodeIgniter\HTTP\Files\UploadedFile->move('assets/gambar-profil/', '13.')
 3 SYSTEMPATH\CodeIgniter.php(941): App\Controllers\User->save()
 4 SYSTEMPATH\CodeIgniter.php(502): CodeIgniter\CodeIgniter->runController(Object(App\Controllers\User))
 5 SYSTEMPATH\CodeIgniter.php(361): CodeIgniter\CodeIgniter->handleRequest(null, Object(Config\Cache), false)
 6 FCPATH\index.php(79): CodeIgniter\CodeIgniter->run()
 7 SYSTEMPATH\Commands\Server\rewrite.php(47): require_once('C:\\xampp\\htdocs\\POS_CODEIGNITER\\public\\index.php')
INFO - 2024-02-08 03:13:09 --> Session: Class initialized using 'CodeIgniter\Session\Handlers\FileHandler' driver.
WARNING - 2024-02-08 03:13:09 --> Session: Sessions is enabled, and one exists. Please don't $session->start();
CRITICAL - 2024-02-08 03:13:10 --> CodeIgniter\HTTP\Exceptions\HTTPException: The original file is not a valid file.
in SYSTEMPATH\HTTP\Files\UploadedFile.php on line 146.
 1 SYSTEMPATH\HTTP\Files\UploadedFile.php(146): CodeIgniter\HTTP\Exceptions\HTTPException::forInvalidFile()
 2 APPPATH\Controllers\User.php(94): CodeIgniter\HTTP\Files\UploadedFile->move('assets/gambar-profil/', '14.')
 3 SYSTEMPATH\CodeIgniter.php(941): App\Controllers\User->save()
 4 SYSTEMPATH\CodeIgniter.php(502): CodeIgniter\CodeIgniter->runController(Object(App\Controllers\User))
 5 SYSTEMPATH\CodeIgniter.php(361): CodeIgniter\CodeIgniter->handleRequest(null, Object(Config\Cache), false)
 6 FCPATH\index.php(79): CodeIgniter\CodeIgniter->run()
 7 SYSTEMPATH\Commands\Server\rewrite.php(47): require_once('C:\\xampp\\htdocs\\POS_CODEIGNITER\\public\\index.php')
INFO - 2024-02-08 03:13:11 --> Session: Class initialized using 'CodeIgniter\Session\Handlers\FileHandler' driver.
WARNING - 2024-02-08 03:13:11 --> Session: Sessions is enabled, and one exists. Please don't $session->start();
INFO - 2024-02-08 03:13:14 --> Session: Class initialized using 'CodeIgniter\Session\Handlers\FileHandler' driver.
WARNING - 2024-02-08 03:13:14 --> Session: Sessions is enabled, and one exists. Please don't $session->start();
INFO - 2024-02-08 03:13:29 --> Session: Class initialized using 'CodeIgniter\Session\Handlers\FileHandler' driver.
WARNING - 2024-02-08 03:13:29 --> Session: Sessions is enabled, and one exists. Please don't $session->start();
CRITICAL - 2024-02-08 03:13:30 --> CodeIgniter\HTTP\Exceptions\HTTPException: The original file is not a valid file.
in SYSTEMPATH\HTTP\Files\UploadedFile.php on line 146.
 1 SYSTEMPATH\HTTP\Files\UploadedFile.php(146): CodeIgniter\HTTP\Exceptions\HTTPException::forInvalidFile()
 2 APPPATH\Controllers\User.php(94): CodeIgniter\HTTP\Files\UploadedFile->move('assets/gambar-profil/', '15.')
 3 SYSTEMPATH\CodeIgniter.php(941): App\Controllers\User->save()
 4 SYSTEMPATH\CodeIgniter.php(502): CodeIgniter\CodeIgniter->runController(Object(App\Controllers\User))
 5 SYSTEMPATH\CodeIgniter.php(361): CodeIgniter\CodeIgniter->handleRequest(null, Object(Config\Cache), false)
 6 FCPATH\index.php(79): CodeIgniter\CodeIgniter->run()
 7 SYSTEMPATH\Commands\Server\rewrite.php(47): require_once('C:\\xampp\\htdocs\\POS_CODEIGNITER\\public\\index.php')
INFO - 2024-02-08 03:14:35 --> Session: Class initialized using 'CodeIgniter\Session\Handlers\FileHandler' driver.
WARNING - 2024-02-08 03:14:35 --> Session: Sessions is enabled, and one exists. Please don't $session->start();
INFO - 2024-02-08 03:15:45 --> Session: Class initialized using 'CodeIgniter\Session\Handlers\FileHandler' driver.
WARNING - 2024-02-08 03:15:45 --> Session: Sessions is enabled, and one exists. Please don't $session->start();
INFO - 2024-02-08 03:16:03 --> Session: Class initialized using 'CodeIgniter\Session\Handlers\FileHandler' driver.
WARNING - 2024-02-08 03:16:03 --> Session: Sessions is enabled, and one exists. Please don't $session->start();
CRITICAL - 2024-02-08 03:16:03 --> CodeIgniter\HTTP\Exceptions\HTTPException: The original file is not a valid file.
in SYSTEMPATH\HTTP\Files\UploadedFile.php on line 146.
 1 SYSTEMPATH\HTTP\Files\UploadedFile.php(146): CodeIgniter\HTTP\Exceptions\HTTPException::forInvalidFile()
 2 APPPATH\Controllers\User.php(94): CodeIgniter\HTTP\Files\UploadedFile->move('assets/gambar-profil/', '16.')
 3 SYSTEMPATH\CodeIgniter.php(941): App\Controllers\User->save()
 4 SYSTEMPATH\CodeIgniter.php(502): CodeIgniter\CodeIgniter->runController(Object(App\Controllers\User))
 5 SYSTEMPATH\CodeIgniter.php(361): CodeIgniter\CodeIgniter->handleRequest(null, Object(Config\Cache), false)
 6 FCPATH\index.php(79): CodeIgniter\CodeIgniter->run()
 7 SYSTEMPATH\Commands\Server\rewrite.php(47): require_once('C:\\xampp\\htdocs\\POS_CODEIGNITER\\public\\index.php')
INFO - 2024-02-08 03:17:26 --> Session: Class initialized using 'CodeIgniter\Session\Handlers\FileHandler' driver.
WARNING - 2024-02-08 03:17:26 --> Session: Sessions is enabled, and one exists. Please don't $session->start();
CRITICAL - 2024-02-08 03:17:27 --> CodeIgniter\HTTP\Exceptions\HTTPException: The original file is not a valid file.
in SYSTEMPATH\HTTP\Files\UploadedFile.php on line 146.
 1 SYSTEMPATH\HTTP\Files\UploadedFile.php(146): CodeIgniter\HTTP\Exceptions\HTTPException::forInvalidFile()
 2 APPPATH\Controllers\User.php(94): CodeIgniter\HTTP\Files\UploadedFile->move('assets/gambar-profil/', '17.')
 3 SYSTEMPATH\CodeIgniter.php(941): App\Controllers\User->save()
 4 SYSTEMPATH\CodeIgniter.php(502): CodeIgniter\CodeIgniter->runController(Object(App\Controllers\User))
 5 SYSTEMPATH\CodeIgniter.php(361): CodeIgniter\CodeIgniter->handleRequest(null, Object(Config\Cache), false)
 6 FCPATH\index.php(79): CodeIgniter\CodeIgniter->run()
 7 SYSTEMPATH\Commands\Server\rewrite.php(47): require_once('C:\\xampp\\htdocs\\POS_CODEIGNITER\\public\\index.php')
INFO - 2024-02-08 03:27:01 --> Session: Class initialized using 'CodeIgniter\Session\Handlers\FileHandler' driver.
WARNING - 2024-02-08 03:27:01 --> Session: Sessions is enabled, and one exists. Please don't $session->start();
CRITICAL - 2024-02-08 03:27:02 --> CodeIgniter\HTTP\Exceptions\HTTPException: The original file is not a valid file.
in SYSTEMPATH\HTTP\Files\UploadedFile.php on line 146.
 1 SYSTEMPATH\HTTP\Files\UploadedFile.php(146): CodeIgniter\HTTP\Exceptions\HTTPException::forInvalidFile()
 2 APPPATH\Controllers\User.php(94): CodeIgniter\HTTP\Files\UploadedFile->move('assets/gambar-profil/', '18.')
 3 SYSTEMPATH\CodeIgniter.php(941): App\Controllers\User->save()
 4 SYSTEMPATH\CodeIgniter.php(502): CodeIgniter\CodeIgniter->runController(Object(App\Controllers\User))
 5 SYSTEMPATH\CodeIgniter.php(361): CodeIgniter\CodeIgniter->handleRequest(null, Object(Config\Cache), false)
 6 FCPATH\index.php(79): CodeIgniter\CodeIgniter->run()
 7 SYSTEMPATH\Commands\Server\rewrite.php(47): require_once('C:\\xampp\\htdocs\\POS_CODEIGNITER\\public\\index.php')
INFO - 2024-02-08 03:27:20 --> Session: Class initialized using 'CodeIgniter\Session\Handlers\FileHandler' driver.
WARNING - 2024-02-08 03:27:20 --> Session: Sessions is enabled, and one exists. Please don't $session->start();
INFO - 2024-02-08 03:28:14 --> Session: Class initialized using 'CodeIgniter\Session\Handlers\FileHandler' driver.
WARNING - 2024-02-08 03:28:14 --> Session: Sessions is enabled, and one exists. Please don't $session->start();
INFO - 2024-02-08 03:28:40 --> Session: Class initialized using 'CodeIgniter\Session\Handlers\FileHandler' driver.
WARNING - 2024-02-08 03:28:40 --> Session: Sessions is enabled, and one exists. Please don't $session->start();
CRITICAL - 2024-02-08 03:28:41 --> CodeIgniter\HTTP\Exceptions\HTTPException: The original file is not a valid file.
in SYSTEMPATH\HTTP\Files\UploadedFile.php on line 146.
 1 SYSTEMPATH\HTTP\Files\UploadedFile.php(146): CodeIgniter\HTTP\Exceptions\HTTPException::forInvalidFile()
 2 APPPATH\Controllers\User.php(94): CodeIgniter\HTTP\Files\UploadedFile->move('assets/gambar-profil/', '21.')
 3 SYSTEMPATH\CodeIgniter.php(941): App\Controllers\User->save()
 4 SYSTEMPATH\CodeIgniter.php(502): CodeIgniter\CodeIgniter->runController(Object(App\Controllers\User))
 5 SYSTEMPATH\CodeIgniter.php(361): CodeIgniter\CodeIgniter->handleRequest(null, Object(Config\Cache), false)
 6 FCPATH\index.php(79): CodeIgniter\CodeIgniter->run()
 7 SYSTEMPATH\Commands\Server\rewrite.php(47): require_once('C:\\xampp\\htdocs\\POS_CODEIGNITER\\public\\index.php')
INFO - 2024-02-08 03:28:46 --> Session: Class initialized using 'CodeIgniter\Session\Handlers\FileHandler' driver.
WARNING - 2024-02-08 03:28:46 --> Session: Sessions is enabled, and one exists. Please don't $session->start();
CRITICAL - 2024-02-08 03:28:47 --> CodeIgniter\HTTP\Exceptions\HTTPException: The original file is not a valid file.
in SYSTEMPATH\HTTP\Files\UploadedFile.php on line 146.
 1 SYSTEMPATH\HTTP\Files\UploadedFile.php(146): CodeIgniter\HTTP\Exceptions\HTTPException::forInvalidFile()
 2 APPPATH\Controllers\User.php(94): CodeIgniter\HTTP\Files\UploadedFile->move('assets/gambar-profil/', '22.')
 3 SYSTEMPATH\CodeIgniter.php(941): App\Controllers\User->save()
 4 SYSTEMPATH\CodeIgniter.php(502): CodeIgniter\CodeIgniter->runController(Object(App\Controllers\User))
 5 SYSTEMPATH\CodeIgniter.php(361): CodeIgniter\CodeIgniter->handleRequest(null, Object(Config\Cache), false)
 6 FCPATH\index.php(79): CodeIgniter\CodeIgniter->run()
 7 SYSTEMPATH\Commands\Server\rewrite.php(47): require_once('C:\\xampp\\htdocs\\POS_CODEIGNITER\\public\\index.php')
INFO - 2024-02-08 03:30:12 --> Session: Class initialized using 'CodeIgniter\Session\Handlers\FileHandler' driver.
WARNING - 2024-02-08 03:30:12 --> Session: Sessions is enabled, and one exists. Please don't $session->start();
INFO - 2024-02-08 03:30:14 --> Session: Class initialized using 'CodeIgniter\Session\Handlers\FileHandler' driver.
WARNING - 2024-02-08 03:30:14 --> Session: Sessions is enabled, and one exists. Please don't $session->start();
INFO - 2024-02-08 03:31:31 --> Session: Class initialized using 'CodeIgniter\Session\Handlers\FileHandler' driver.
WARNING - 2024-02-08 03:31:31 --> Session: Sessions is enabled, and one exists. Please don't $session->start();
INFO - 2024-02-08 03:31:58 --> Session: Class initialized using 'CodeIgniter\Session\Handlers\FileHandler' driver.
WARNING - 2024-02-08 03:31:58 --> Session: Sessions is enabled, and one exists. Please don't $session->start();
INFO - 2024-02-08 03:32:00 --> Session: Class initialized using 'CodeIgniter\Session\Handlers\FileHandler' driver.
WARNING - 2024-02-08 03:32:00 --> Session: Sessions is enabled, and one exists. Please don't $session->start();
INFO - 2024-02-08 03:32:15 --> Session: Class initialized using 'CodeIgniter\Session\Handlers\FileHandler' driver.
WARNING - 2024-02-08 03:32:15 --> Session: Sessions is enabled, and one exists. Please don't $session->start();
INFO - 2024-02-08 03:32:39 --> Session: Class initialized using 'CodeIgniter\Session\Handlers\FileHandler' driver.
WARNING - 2024-02-08 03:32:39 --> Session: Sessions is enabled, and one exists. Please don't $session->start();
INFO - 2024-02-08 03:32:40 --> Session: Class initialized using 'CodeIgniter\Session\Handlers\FileHandler' driver.
WARNING - 2024-02-08 03:32:40 --> Session: Sessions is enabled, and one exists. Please don't $session->start();
INFO - 2024-02-08 03:36:46 --> Session: Class initialized using 'CodeIgniter\Session\Handlers\FileHandler' driver.
WARNING - 2024-02-08 03:36:46 --> Session: Sessions is enabled, and one exists. Please don't $session->start();
INFO - 2024-02-08 03:38:26 --> Session: Class initialized using 'CodeIgniter\Session\Handlers\FileHandler' driver.
WARNING - 2024-02-08 03:38:26 --> Session: Sessions is enabled, and one exists. Please don't $session->start();
INFO - 2024-02-08 03:39:01 --> Session: Class initialized using 'CodeIgniter\Session\Handlers\FileHandler' driver.
WARNING - 2024-02-08 03:39:01 --> Session: Sessions is enabled, and one exists. Please don't $session->start();
INFO - 2024-02-08 03:48:15 --> Session: Class initialized using 'CodeIgniter\Session\Handlers\FileHandler' driver.
WARNING - 2024-02-08 03:48:15 --> Session: Sessions is enabled, and one exists. Please don't $session->start();
ERROR - 2024-02-08 03:48:15 --> Error connecting to the database: ErrorException: pg_connect(): Unable to connect to PostgreSQL server: could not connect to server: No route to host (0x00002751/10065)
	Is the server running on host &quot;10.20.30.1&quot; and accepting
	TCP/IP connections on port 5432? in C:\xampp\htdocs\POS_CODEIGNITER\system\Database\Postgre\Connection.php:72
Stack trace:
#0 [internal function]: CodeIgniter\Debug\Exceptions->errorHandler(2, 'pg_connect(): U...', 'C:\\xampp\\htdocs...', 72, Array)
#1 C:\xampp\htdocs\POS_CODEIGNITER\system\Database\Postgre\Connection.php(72): pg_connect('host=10.20.30.1...')
#2 C:\xampp\htdocs\POS_CODEIGNITER\system\Database\BaseConnection.php(392): CodeIgniter\Database\Postgre\Connection->connect(false)
#3 C:\xampp\htdocs\POS_CODEIGNITER\system\Database\BaseConnection.php(575): CodeIgniter\Database\BaseConnection->initialize()
#4 C:\xampp\htdocs\POS_CODEIGNITER\app\Controllers\User.php(18): CodeIgniter\Database\BaseConnection->query('SELECT userid,f...', 'f')
#5 C:\xampp\htdocs\POS_CODEIGNITER\system\CodeIgniter.php(941): App\Controllers\User->index()
#6 C:\xampp\htdocs\POS_CODEIGNITER\system\CodeIgniter.php(502): CodeIgniter\CodeIgniter->runController(Object(App\Controllers\User))
#7 C:\xampp\htdocs\POS_CODEIGNITER\system\CodeIgniter.php(361): CodeIgniter\CodeIgniter->handleRequest(NULL, Object(Config\Cache), false)
#8 C:\xampp\htdocs\POS_CODEIGNITER\public\index.php(79): CodeIgniter\CodeIgniter->run()
#9 C:\xampp\htdocs\POS_CODEIGNITER\system\Commands\Server\rewrite.php(47): require_once('C:\\xampp\\htdocs...')
#10 {main}
CRITICAL - 2024-02-08 03:48:15 --> CodeIgniter\Database\Exceptions\DatabaseException: Unable to connect to the database.
Main connection [Postgre]: pg_connect(): Unable to connect to PostgreSQL server: could not connect to server: No route to host (0x00002751/10065)
	Is the server running on host &quot;10.20.30.1&quot; and accepting
	TCP/IP connections on port 5432?
in SYSTEMPATH\Database\BaseConnection.php on line 428.
 1 SYSTEMPATH\Database\BaseConnection.php(575): CodeIgniter\Database\BaseConnection->initialize()
 2 APPPATH\Controllers\User.php(18): CodeIgniter\Database\BaseConnection->query('SELECT userid,fullname as namalengkap,gender as jeniskelamin,photo as profil,address as alamat, tbm_user.remarks as deskripsi, tbm_user.opadd as dibuatoleh, usergroupname  FROM tbm_user JOIN tbm_usergroup ON tbm_user.usergroupid = tbm_usergroup.usergroupid WHERE tbm_user.dlt =?', 'f')
 3 SYSTEMPATH\CodeIgniter.php(941): App\Controllers\User->index()
 4 SYSTEMPATH\CodeIgniter.php(502): CodeIgniter\CodeIgniter->runController(Object(App\Controllers\User))
 5 SYSTEMPATH\CodeIgniter.php(361): CodeIgniter\CodeIgniter->handleRequest(null, Object(Config\Cache), false)
 6 FCPATH\index.php(79): CodeIgniter\CodeIgniter->run()
 7 SYSTEMPATH\Commands\Server\rewrite.php(47): require_once('C:\\xampp\\htdocs\\POS_CODEIGNITER\\public\\index.php')
INFO - 2024-02-08 03:48:53 --> Session: Class initialized using 'CodeIgniter\Session\Handlers\FileHandler' driver.
WARNING - 2024-02-08 03:48:53 --> Session: Sessions is enabled, and one exists. Please don't $session->start();
ERROR - 2024-02-08 03:49:06 --> Error connecting to the database: ErrorException: pg_connect(): Unable to connect to PostgreSQL server: server closed the connection unexpectedly
	This probably means the server terminated abnormally
	before or while processing the request. in C:\xampp\htdocs\POS_CODEIGNITER\system\Database\Postgre\Connection.php:72
Stack trace:
#0 [internal function]: CodeIgniter\Debug\Exceptions->errorHandler(2, 'pg_connect(): U...', 'C:\\xampp\\htdocs...', 72, Array)
#1 C:\xampp\htdocs\POS_CODEIGNITER\system\Database\Postgre\Connection.php(72): pg_connect('host=10.20.30.1...')
#2 C:\xampp\htdocs\POS_CODEIGNITER\system\Database\BaseConnection.php(392): CodeIgniter\Database\Postgre\Connection->connect(false)
#3 C:\xampp\htdocs\POS_CODEIGNITER\system\Database\BaseConnection.php(575): CodeIgniter\Database\BaseConnection->initialize()
#4 C:\xampp\htdocs\POS_CODEIGNITER\app\Controllers\User.php(18): CodeIgniter\Database\BaseConnection->query('SELECT userid,f...', 'f')
#5 C:\xampp\htdocs\POS_CODEIGNITER\system\CodeIgniter.php(941): App\Controllers\User->index()
#6 C:\xampp\htdocs\POS_CODEIGNITER\system\CodeIgniter.php(502): CodeIgniter\CodeIgniter->runController(Object(App\Controllers\User))
#7 C:\xampp\htdocs\POS_CODEIGNITER\system\CodeIgniter.php(361): CodeIgniter\CodeIgniter->handleRequest(NULL, Object(Config\Cache), false)
#8 C:\xampp\htdocs\POS_CODEIGNITER\public\index.php(79): CodeIgniter\CodeIgniter->run()
#9 C:\xampp\htdocs\POS_CODEIGNITER\system\Commands\Server\rewrite.php(47): require_once('C:\\xampp\\htdocs...')
#10 {main}
CRITICAL - 2024-02-08 03:49:06 --> CodeIgniter\Database\Exceptions\DatabaseException: Unable to connect to the database.
Main connection [Postgre]: pg_connect(): Unable to connect to PostgreSQL server: server closed the connection unexpectedly
	This probably means the server terminated abnormally
	before or while processing the request.
in SYSTEMPATH\Database\BaseConnection.php on line 428.
 1 SYSTEMPATH\Database\BaseConnection.php(575): CodeIgniter\Database\BaseConnection->initialize()
 2 APPPATH\Controllers\User.php(18): CodeIgniter\Database\BaseConnection->query('SELECT userid,fullname as namalengkap,gender as jeniskelamin,photo as profil,address as alamat, tbm_user.remarks as deskripsi, tbm_user.opadd as dibuatoleh, usergroupname  FROM tbm_user JOIN tbm_usergroup ON tbm_user.usergroupid = tbm_usergroup.usergroupid WHERE tbm_user.dlt =?', 'f')
 3 SYSTEMPATH\CodeIgniter.php(941): App\Controllers\User->index()
 4 SYSTEMPATH\CodeIgniter.php(502): CodeIgniter\CodeIgniter->runController(Object(App\Controllers\User))
 5 SYSTEMPATH\CodeIgniter.php(361): CodeIgniter\CodeIgniter->handleRequest(null, Object(Config\Cache), false)
 6 FCPATH\index.php(79): CodeIgniter\CodeIgniter->run()
 7 SYSTEMPATH\Commands\Server\rewrite.php(47): require_once('C:\\xampp\\htdocs\\POS_CODEIGNITER\\public\\index.php')
INFO - 2024-02-08 03:49:09 --> Session: Class initialized using 'CodeIgniter\Session\Handlers\FileHandler' driver.
WARNING - 2024-02-08 03:49:09 --> Session: Sessions is enabled, and one exists. Please don't $session->start();
