INFO - 2024-02-09 02:06:30 --> Session: Class initialized using 'CodeIgniter\Session\Handlers\FileHandler' driver.
WARNING - 2024-02-09 02:06:30 --> Session: Sessions is enabled, and one exists. Please don't $session->start();
INFO - 2024-02-09 02:07:23 --> Session: Class initialized using 'CodeIgniter\Session\Handlers\FileHandler' driver.
WARNING - 2024-02-09 02:07:23 --> Session: Sessions is enabled, and one exists. Please don't $session->start();
ERROR - 2024-02-09 02:07:35 --> Error connecting to the database: ErrorException: pg_connect(): Unable to connect to PostgreSQL server: server closed the connection unexpectedly
	This probably means the server terminated abnormally
	before or while processing the request. in C:\xampp\htdocs\POS_CODEIGNITER\system\Database\Postgre\Connection.php:72
Stack trace:
#0 [internal function]: CodeIgniter\Debug\Exceptions->errorHandler(2, 'pg_connect(): U...', 'C:\\xampp\\htdocs...', 72, Array)
#1 C:\xampp\htdocs\POS_CODEIGNITER\system\Database\Postgre\Connection.php(72): pg_connect('host=10.20.30.1...')
#2 C:\xampp\htdocs\POS_CODEIGNITER\system\Database\BaseConnection.php(392): CodeIgniter\Database\Postgre\Connection->connect(false)
#3 C:\xampp\htdocs\POS_CODEIGNITER\system\Database\BaseConnection.php(575): CodeIgniter\Database\BaseConnection->initialize()
#4 C:\xampp\htdocs\POS_CODEIGNITER\app\Controllers\User.php(18): CodeIgniter\Database\BaseConnection->query('SELECT userid,f...', 'f')
#5 C:\xampp\htdocs\POS_CODEIGNITER\system\CodeIgniter.php(941): App\Controllers\User->index()
#6 C:\xampp\htdocs\POS_CODEIGNITER\system\CodeIgniter.php(502): CodeIgniter\CodeIgniter->runController(Object(App\Controllers\User))
#7 C:\xampp\htdocs\POS_CODEIGNITER\system\CodeIgniter.php(361): CodeIgniter\CodeIgniter->handleRequest(NULL, Object(Config\Cache), false)
#8 C:\xampp\htdocs\POS_CODEIGNITER\public\index.php(79): CodeIgniter\CodeIgniter->run()
#9 C:\xampp\htdocs\POS_CODEIGNITER\system\Commands\Server\rewrite.php(47): require_once('C:\\xampp\\htdocs...')
#10 {main}
CRITICAL - 2024-02-09 02:07:36 --> CodeIgniter\Database\Exceptions\DatabaseException: Unable to connect to the database.
Main connection [Postgre]: pg_connect(): Unable to connect to PostgreSQL server: server closed the connection unexpectedly
	This probably means the server terminated abnormally
	before or while processing the request.
in SYSTEMPATH\Database\BaseConnection.php on line 428.
 1 SYSTEMPATH\Database\BaseConnection.php(575): CodeIgniter\Database\BaseConnection->initialize()
 2 APPPATH\Controllers\User.php(18): CodeIgniter\Database\BaseConnection->query('SELECT userid,fullname as namalengkap,gender as jeniskelamin,photo as profil,address as alamat, tbm_user.remarks as deskripsi, tbm_user.opadd as dibuatoleh, usergroupname  FROM tbm_user JOIN tbm_usergroup ON tbm_user.usergroupid = tbm_usergroup.usergroupid WHERE tbm_user.dlt =?', 'f')
 3 SYSTEMPATH\CodeIgniter.php(941): App\Controllers\User->index()
 4 SYSTEMPATH\CodeIgniter.php(502): CodeIgniter\CodeIgniter->runController(Object(App\Controllers\User))
 5 SYSTEMPATH\CodeIgniter.php(361): CodeIgniter\CodeIgniter->handleRequest(null, Object(Config\Cache), false)
 6 FCPATH\index.php(79): CodeIgniter\CodeIgniter->run()
 7 SYSTEMPATH\Commands\Server\rewrite.php(47): require_once('C:\\xampp\\htdocs\\POS_CODEIGNITER\\public\\index.php')
INFO - 2024-02-09 02:08:06 --> Session: Class initialized using 'CodeIgniter\Session\Handlers\FileHandler' driver.
WARNING - 2024-02-09 02:08:06 --> Session: Sessions is enabled, and one exists. Please don't $session->start();
INFO - 2024-02-09 02:30:20 --> Session: Class initialized using 'CodeIgniter\Session\Handlers\FileHandler' driver.
WARNING - 2024-02-09 02:30:20 --> Session: Sessions is enabled, and one exists. Please don't $session->start();
INFO - 2024-02-09 02:30:31 --> Session: Class initialized using 'CodeIgniter\Session\Handlers\FileHandler' driver.
WARNING - 2024-02-09 02:30:31 --> Session: Sessions is enabled, and one exists. Please don't $session->start();
INFO - 2024-02-09 02:32:30 --> Session: Class initialized using 'CodeIgniter\Session\Handlers\FileHandler' driver.
WARNING - 2024-02-09 02:32:30 --> Session: Sessions is enabled, and one exists. Please don't $session->start();
INFO - 2024-02-09 02:32:46 --> Session: Class initialized using 'CodeIgniter\Session\Handlers\FileHandler' driver.
WARNING - 2024-02-09 02:32:46 --> Session: Sessions is enabled, and one exists. Please don't $session->start();
INFO - 2024-02-09 02:34:19 --> Session: Class initialized using 'CodeIgniter\Session\Handlers\FileHandler' driver.
WARNING - 2024-02-09 02:34:19 --> Session: Sessions is enabled, and one exists. Please don't $session->start();
INFO - 2024-02-09 02:34:35 --> Session: Class initialized using 'CodeIgniter\Session\Handlers\FileHandler' driver.
WARNING - 2024-02-09 02:34:35 --> Session: Sessions is enabled, and one exists. Please don't $session->start();
INFO - 2024-02-09 02:43:31 --> Session: Class initialized using 'CodeIgniter\Session\Handlers\FileHandler' driver.
WARNING - 2024-02-09 02:43:31 --> Session: Sessions is enabled, and one exists. Please don't $session->start();
INFO - 2024-02-09 02:43:45 --> Session: Class initialized using 'CodeIgniter\Session\Handlers\FileHandler' driver.
WARNING - 2024-02-09 02:43:45 --> Session: Sessions is enabled, and one exists. Please don't $session->start();
INFO - 2024-02-09 02:52:57 --> Session: Class initialized using 'CodeIgniter\Session\Handlers\FileHandler' driver.
WARNING - 2024-02-09 02:52:57 --> Session: Sessions is enabled, and one exists. Please don't $session->start();
INFO - 2024-02-09 02:53:21 --> Session: Class initialized using 'CodeIgniter\Session\Handlers\FileHandler' driver.
WARNING - 2024-02-09 02:53:21 --> Session: Sessions is enabled, and one exists. Please don't $session->start();
INFO - 2024-02-09 02:54:26 --> Session: Class initialized using 'CodeIgniter\Session\Handlers\FileHandler' driver.
WARNING - 2024-02-09 02:54:26 --> Session: Sessions is enabled, and one exists. Please don't $session->start();
INFO - 2024-02-09 02:54:34 --> Session: Class initialized using 'CodeIgniter\Session\Handlers\FileHandler' driver.
WARNING - 2024-02-09 02:54:34 --> Session: Sessions is enabled, and one exists. Please don't $session->start();
INFO - 2024-02-09 02:58:07 --> Session: Class initialized using 'CodeIgniter\Session\Handlers\FileHandler' driver.
WARNING - 2024-02-09 02:58:07 --> Session: Sessions is enabled, and one exists. Please don't $session->start();
INFO - 2024-02-09 02:58:14 --> Session: Class initialized using 'CodeIgniter\Session\Handlers\FileHandler' driver.
WARNING - 2024-02-09 02:58:14 --> Session: Sessions is enabled, and one exists. Please don't $session->start();
INFO - 2024-02-09 02:59:59 --> Session: Class initialized using 'CodeIgniter\Session\Handlers\FileHandler' driver.
WARNING - 2024-02-09 02:59:59 --> Session: Sessions is enabled, and one exists. Please don't $session->start();
INFO - 2024-02-09 03:02:37 --> Session: Class initialized using 'CodeIgniter\Session\Handlers\FileHandler' driver.
WARNING - 2024-02-09 03:02:37 --> Session: Sessions is enabled, and one exists. Please don't $session->start();
INFO - 2024-02-09 03:03:25 --> Session: Class initialized using 'CodeIgniter\Session\Handlers\FileHandler' driver.
WARNING - 2024-02-09 03:03:25 --> Session: Sessions is enabled, and one exists. Please don't $session->start();
INFO - 2024-02-09 03:03:47 --> Session: Class initialized using 'CodeIgniter\Session\Handlers\FileHandler' driver.
WARNING - 2024-02-09 03:03:47 --> Session: Sessions is enabled, and one exists. Please don't $session->start();
INFO - 2024-02-09 03:04:14 --> Session: Class initialized using 'CodeIgniter\Session\Handlers\FileHandler' driver.
WARNING - 2024-02-09 03:04:14 --> Session: Sessions is enabled, and one exists. Please don't $session->start();
INFO - 2024-02-09 03:04:36 --> Session: Class initialized using 'CodeIgniter\Session\Handlers\FileHandler' driver.
WARNING - 2024-02-09 03:04:36 --> Session: Sessions is enabled, and one exists. Please don't $session->start();
INFO - 2024-02-09 03:09:43 --> Session: Class initialized using 'CodeIgniter\Session\Handlers\FileHandler' driver.
WARNING - 2024-02-09 03:09:43 --> Session: Sessions is enabled, and one exists. Please don't $session->start();
INFO - 2024-02-09 03:10:55 --> Session: Class initialized using 'CodeIgniter\Session\Handlers\FileHandler' driver.
WARNING - 2024-02-09 03:10:55 --> Session: Sessions is enabled, and one exists. Please don't $session->start();
INFO - 2024-02-09 03:11:09 --> Session: Class initialized using 'CodeIgniter\Session\Handlers\FileHandler' driver.
WARNING - 2024-02-09 03:11:10 --> Session: Sessions is enabled, and one exists. Please don't $session->start();
INFO - 2024-02-09 03:11:28 --> Session: Class initialized using 'CodeIgniter\Session\Handlers\FileHandler' driver.
WARNING - 2024-02-09 03:11:28 --> Session: Sessions is enabled, and one exists. Please don't $session->start();
INFO - 2024-02-09 03:11:48 --> Session: Class initialized using 'CodeIgniter\Session\Handlers\FileHandler' driver.
WARNING - 2024-02-09 03:11:49 --> Session: Sessions is enabled, and one exists. Please don't $session->start();
INFO - 2024-02-09 03:14:18 --> Session: Class initialized using 'CodeIgniter\Session\Handlers\FileHandler' driver.
WARNING - 2024-02-09 03:14:18 --> Session: Sessions is enabled, and one exists. Please don't $session->start();
CRITICAL - 2024-02-09 03:14:19 --> ErrorException: Undefined variable: data
in APPPATH\Views\user\user.php on line 67.
 1 APPPATH\Views\user\user.php(67): CodeIgniter\Debug\Exceptions->errorHandler(8, 'Undefined variable: data', 'C:\\xampp\\htdocs\\POS_CODEIGNITER\\app\\Views\\user\\user.php', 67, [...])
 2 SYSTEMPATH\View\View.php(228): include('C:\\xampp\\htdocs\\POS_CODEIGNITER\\app\\Views\\user\\user.php')
 3 SYSTEMPATH\View\View.php(231): CodeIgniter\View\View->CodeIgniter\View\{closure}()
 4 SYSTEMPATH\Common.php(1178): CodeIgniter\View\View->render('user/user', [], true)
 5 APPPATH\Controllers\User.php(32): view('user/user', [...])
 6 SYSTEMPATH\CodeIgniter.php(941): App\Controllers\User->index()
 7 SYSTEMPATH\CodeIgniter.php(502): CodeIgniter\CodeIgniter->runController(Object(App\Controllers\User))
 8 SYSTEMPATH\CodeIgniter.php(361): CodeIgniter\CodeIgniter->handleRequest(null, Object(Config\Cache), false)
 9 FCPATH\index.php(79): CodeIgniter\CodeIgniter->run()
10 SYSTEMPATH\Commands\Server\rewrite.php(47): require_once('C:\\xampp\\htdocs\\POS_CODEIGNITER\\public\\index.php')
INFO - 2024-02-09 03:14:19 --> Session: Class initialized using 'CodeIgniter\Session\Handlers\FileHandler' driver.
WARNING - 2024-02-09 03:14:19 --> Session: Sessions is enabled, and one exists. Please don't $session->start();
CRITICAL - 2024-02-09 03:14:20 --> ErrorException: Undefined variable: data
in APPPATH\Views\user\user.php on line 67.
 1 APPPATH\Views\user\user.php(67): CodeIgniter\Debug\Exceptions->errorHandler(8, 'Undefined variable: data', 'C:\\xampp\\htdocs\\POS_CODEIGNITER\\app\\Views\\user\\user.php', 67, [...])
 2 SYSTEMPATH\View\View.php(228): include('C:\\xampp\\htdocs\\POS_CODEIGNITER\\app\\Views\\user\\user.php')
 3 SYSTEMPATH\View\View.php(231): CodeIgniter\View\View->CodeIgniter\View\{closure}()
 4 SYSTEMPATH\Common.php(1178): CodeIgniter\View\View->render('user/user', [], true)
 5 APPPATH\Controllers\User.php(32): view('user/user', [...])
 6 SYSTEMPATH\CodeIgniter.php(941): App\Controllers\User->index()
 7 SYSTEMPATH\CodeIgniter.php(502): CodeIgniter\CodeIgniter->runController(Object(App\Controllers\User))
 8 SYSTEMPATH\CodeIgniter.php(361): CodeIgniter\CodeIgniter->handleRequest(null, Object(Config\Cache), false)
 9 FCPATH\index.php(79): CodeIgniter\CodeIgniter->run()
10 SYSTEMPATH\Commands\Server\rewrite.php(47): require_once('C:\\xampp\\htdocs\\POS_CODEIGNITER\\public\\index.php')
INFO - 2024-02-09 03:14:32 --> Session: Class initialized using 'CodeIgniter\Session\Handlers\FileHandler' driver.
WARNING - 2024-02-09 03:14:32 --> Session: Sessions is enabled, and one exists. Please don't $session->start();
CRITICAL - 2024-02-09 03:14:35 --> ErrorException: Undefined variable: data
in APPPATH\Views\user\user.php on line 67.
 1 APPPATH\Views\user\user.php(67): CodeIgniter\Debug\Exceptions->errorHandler(8, 'Undefined variable: data', 'C:\\xampp\\htdocs\\POS_CODEIGNITER\\app\\Views\\user\\user.php', 67, [...])
 2 SYSTEMPATH\View\View.php(228): include('C:\\xampp\\htdocs\\POS_CODEIGNITER\\app\\Views\\user\\user.php')
 3 SYSTEMPATH\View\View.php(231): CodeIgniter\View\View->CodeIgniter\View\{closure}()
 4 SYSTEMPATH\Common.php(1178): CodeIgniter\View\View->render('user/user', [], true)
 5 APPPATH\Controllers\User.php(32): view('user/user', [...])
 6 SYSTEMPATH\CodeIgniter.php(941): App\Controllers\User->index()
 7 SYSTEMPATH\CodeIgniter.php(502): CodeIgniter\CodeIgniter->runController(Object(App\Controllers\User))
 8 SYSTEMPATH\CodeIgniter.php(361): CodeIgniter\CodeIgniter->handleRequest(null, Object(Config\Cache), false)
 9 FCPATH\index.php(79): CodeIgniter\CodeIgniter->run()
10 SYSTEMPATH\Commands\Server\rewrite.php(47): require_once('C:\\xampp\\htdocs\\POS_CODEIGNITER\\public\\index.php')
INFO - 2024-02-09 03:15:09 --> Session: Class initialized using 'CodeIgniter\Session\Handlers\FileHandler' driver.
WARNING - 2024-02-09 03:15:09 --> Session: Sessions is enabled, and one exists. Please don't $session->start();
CRITICAL - 2024-02-09 03:15:12 --> ErrorException: Undefined variable: data
in APPPATH\Views\user\user.php on line 67.
 1 APPPATH\Views\user\user.php(67): CodeIgniter\Debug\Exceptions->errorHandler(8, 'Undefined variable: data', 'C:\\xampp\\htdocs\\POS_CODEIGNITER\\app\\Views\\user\\user.php', 67, [...])
 2 SYSTEMPATH\View\View.php(228): include('C:\\xampp\\htdocs\\POS_CODEIGNITER\\app\\Views\\user\\user.php')
 3 SYSTEMPATH\View\View.php(231): CodeIgniter\View\View->CodeIgniter\View\{closure}()
 4 SYSTEMPATH\Common.php(1178): CodeIgniter\View\View->render('user/user', [], true)
 5 APPPATH\Controllers\User.php(32): view('user/user', [...])
 6 SYSTEMPATH\CodeIgniter.php(941): App\Controllers\User->index()
 7 SYSTEMPATH\CodeIgniter.php(502): CodeIgniter\CodeIgniter->runController(Object(App\Controllers\User))
 8 SYSTEMPATH\CodeIgniter.php(361): CodeIgniter\CodeIgniter->handleRequest(null, Object(Config\Cache), false)
 9 FCPATH\index.php(79): CodeIgniter\CodeIgniter->run()
10 SYSTEMPATH\Commands\Server\rewrite.php(47): require_once('C:\\xampp\\htdocs\\POS_CODEIGNITER\\public\\index.php')
INFO - 2024-02-09 03:15:26 --> Session: Class initialized using 'CodeIgniter\Session\Handlers\FileHandler' driver.
WARNING - 2024-02-09 03:15:26 --> Session: Sessions is enabled, and one exists. Please don't $session->start();
CRITICAL - 2024-02-09 03:15:27 --> ErrorException: Undefined variable: data
in APPPATH\Views\user\user.php on line 67.
 1 APPPATH\Views\user\user.php(67): CodeIgniter\Debug\Exceptions->errorHandler(8, 'Undefined variable: data', 'C:\\xampp\\htdocs\\POS_CODEIGNITER\\app\\Views\\user\\user.php', 67, [...])
 2 SYSTEMPATH\View\View.php(228): include('C:\\xampp\\htdocs\\POS_CODEIGNITER\\app\\Views\\user\\user.php')
 3 SYSTEMPATH\View\View.php(231): CodeIgniter\View\View->CodeIgniter\View\{closure}()
 4 SYSTEMPATH\Common.php(1178): CodeIgniter\View\View->render('user/user', [], true)
 5 APPPATH\Controllers\User.php(32): view('user/user', [...])
 6 SYSTEMPATH\CodeIgniter.php(941): App\Controllers\User->index()
 7 SYSTEMPATH\CodeIgniter.php(502): CodeIgniter\CodeIgniter->runController(Object(App\Controllers\User))
 8 SYSTEMPATH\CodeIgniter.php(361): CodeIgniter\CodeIgniter->handleRequest(null, Object(Config\Cache), false)
 9 FCPATH\index.php(79): CodeIgniter\CodeIgniter->run()
10 SYSTEMPATH\Commands\Server\rewrite.php(47): require_once('C:\\xampp\\htdocs\\POS_CODEIGNITER\\public\\index.php')
INFO - 2024-02-09 03:15:47 --> Session: Class initialized using 'CodeIgniter\Session\Handlers\FileHandler' driver.
WARNING - 2024-02-09 03:15:47 --> Session: Sessions is enabled, and one exists. Please don't $session->start();
INFO - 2024-02-09 03:16:09 --> Session: Class initialized using 'CodeIgniter\Session\Handlers\FileHandler' driver.
WARNING - 2024-02-09 03:16:09 --> Session: Sessions is enabled, and one exists. Please don't $session->start();
INFO - 2024-02-09 03:16:21 --> Session: Class initialized using 'CodeIgniter\Session\Handlers\FileHandler' driver.
WARNING - 2024-02-09 03:16:21 --> Session: Sessions is enabled, and one exists. Please don't $session->start();
INFO - 2024-02-09 03:16:37 --> Session: Class initialized using 'CodeIgniter\Session\Handlers\FileHandler' driver.
WARNING - 2024-02-09 03:16:37 --> Session: Sessions is enabled, and one exists. Please don't $session->start();
INFO - 2024-02-09 03:17:08 --> Session: Class initialized using 'CodeIgniter\Session\Handlers\FileHandler' driver.
WARNING - 2024-02-09 03:17:08 --> Session: Sessions is enabled, and one exists. Please don't $session->start();
INFO - 2024-02-09 03:17:25 --> Session: Class initialized using 'CodeIgniter\Session\Handlers\FileHandler' driver.
WARNING - 2024-02-09 03:17:25 --> Session: Sessions is enabled, and one exists. Please don't $session->start();
INFO - 2024-02-09 03:18:15 --> Session: Class initialized using 'CodeIgniter\Session\Handlers\FileHandler' driver.
WARNING - 2024-02-09 03:18:15 --> Session: Sessions is enabled, and one exists. Please don't $session->start();
INFO - 2024-02-09 03:18:29 --> Session: Class initialized using 'CodeIgniter\Session\Handlers\FileHandler' driver.
WARNING - 2024-02-09 03:18:29 --> Session: Sessions is enabled, and one exists. Please don't $session->start();
INFO - 2024-02-09 03:19:53 --> Session: Class initialized using 'CodeIgniter\Session\Handlers\FileHandler' driver.
WARNING - 2024-02-09 03:19:53 --> Session: Sessions is enabled, and one exists. Please don't $session->start();
INFO - 2024-02-09 03:20:22 --> Session: Class initialized using 'CodeIgniter\Session\Handlers\FileHandler' driver.
WARNING - 2024-02-09 03:20:22 --> Session: Sessions is enabled, and one exists. Please don't $session->start();
INFO - 2024-02-09 03:31:45 --> Session: Class initialized using 'CodeIgniter\Session\Handlers\FileHandler' driver.
WARNING - 2024-02-09 03:31:45 --> Session: Sessions is enabled, and one exists. Please don't $session->start();
ERROR - 2024-02-09 03:31:58 --> Error connecting to the database: ErrorException: pg_connect(): Unable to connect to PostgreSQL server: server closed the connection unexpectedly
	This probably means the server terminated abnormally
	before or while processing the request. in C:\xampp\htdocs\POS_CODEIGNITER\system\Database\Postgre\Connection.php:72
Stack trace:
#0 [internal function]: CodeIgniter\Debug\Exceptions->errorHandler(2, 'pg_connect(): U...', 'C:\\xampp\\htdocs...', 72, Array)
#1 C:\xampp\htdocs\POS_CODEIGNITER\system\Database\Postgre\Connection.php(72): pg_connect('host=10.20.30.1...')
#2 C:\xampp\htdocs\POS_CODEIGNITER\system\Database\BaseConnection.php(392): CodeIgniter\Database\Postgre\Connection->connect(false)
#3 C:\xampp\htdocs\POS_CODEIGNITER\system\Database\BaseConnection.php(575): CodeIgniter\Database\BaseConnection->initialize()
#4 C:\xampp\htdocs\POS_CODEIGNITER\app\Controllers\User.php(22): CodeIgniter\Database\BaseConnection->query('SELECT userid,f...', 'f')
#5 C:\xampp\htdocs\POS_CODEIGNITER\system\CodeIgniter.php(941): App\Controllers\User->index()
#6 C:\xampp\htdocs\POS_CODEIGNITER\system\CodeIgniter.php(502): CodeIgniter\CodeIgniter->runController(Object(App\Controllers\User))
#7 C:\xampp\htdocs\POS_CODEIGNITER\system\CodeIgniter.php(361): CodeIgniter\CodeIgniter->handleRequest(NULL, Object(Config\Cache), false)
#8 C:\xampp\htdocs\POS_CODEIGNITER\public\index.php(79): CodeIgniter\CodeIgniter->run()
#9 C:\xampp\htdocs\POS_CODEIGNITER\system\Commands\Server\rewrite.php(47): require_once('C:\\xampp\\htdocs...')
#10 {main}
CRITICAL - 2024-02-09 03:31:58 --> CodeIgniter\Database\Exceptions\DatabaseException: Unable to connect to the database.
Main connection [Postgre]: pg_connect(): Unable to connect to PostgreSQL server: server closed the connection unexpectedly
	This probably means the server terminated abnormally
	before or while processing the request.
in SYSTEMPATH\Database\BaseConnection.php on line 428.
 1 SYSTEMPATH\Database\BaseConnection.php(575): CodeIgniter\Database\BaseConnection->initialize()
 2 APPPATH\Controllers\User.php(22): CodeIgniter\Database\BaseConnection->query('SELECT userid,fullname as namalengkap,gender as jeniskelamin,photo as profil,address as alamat, tbm_user.remarks as deskripsi, tbm_user.opadd as dibuatoleh, usergroupname  FROM tbm_user JOIN tbm_usergroup ON tbm_user.usergroupid = tbm_usergroup.usergroupid WHERE tbm_user.dlt =?', 'f')
 3 SYSTEMPATH\CodeIgniter.php(941): App\Controllers\User->index()
 4 SYSTEMPATH\CodeIgniter.php(502): CodeIgniter\CodeIgniter->runController(Object(App\Controllers\User))
 5 SYSTEMPATH\CodeIgniter.php(361): CodeIgniter\CodeIgniter->handleRequest(null, Object(Config\Cache), false)
 6 FCPATH\index.php(79): CodeIgniter\CodeIgniter->run()
 7 SYSTEMPATH\Commands\Server\rewrite.php(47): require_once('C:\\xampp\\htdocs\\POS_CODEIGNITER\\public\\index.php')
INFO - 2024-02-09 03:32:32 --> Session: Class initialized using 'CodeIgniter\Session\Handlers\FileHandler' driver.
WARNING - 2024-02-09 03:32:32 --> Session: Sessions is enabled, and one exists. Please don't $session->start();
INFO - 2024-02-09 03:33:38 --> Session: Class initialized using 'CodeIgniter\Session\Handlers\FileHandler' driver.
WARNING - 2024-02-09 03:33:38 --> Session: Sessions is enabled, and one exists. Please don't $session->start();
INFO - 2024-02-09 03:33:47 --> Session: Class initialized using 'CodeIgniter\Session\Handlers\FileHandler' driver.
WARNING - 2024-02-09 03:33:47 --> Session: Sessions is enabled, and one exists. Please don't $session->start();
INFO - 2024-02-09 03:33:59 --> Session: Class initialized using 'CodeIgniter\Session\Handlers\FileHandler' driver.
WARNING - 2024-02-09 03:33:59 --> Session: Sessions is enabled, and one exists. Please don't $session->start();
INFO - 2024-02-09 03:34:17 --> Session: Class initialized using 'CodeIgniter\Session\Handlers\FileHandler' driver.
WARNING - 2024-02-09 03:34:17 --> Session: Sessions is enabled, and one exists. Please don't $session->start();
INFO - 2024-02-09 03:34:27 --> Session: Class initialized using 'CodeIgniter\Session\Handlers\FileHandler' driver.
WARNING - 2024-02-09 03:34:27 --> Session: Sessions is enabled, and one exists. Please don't $session->start();
INFO - 2024-02-09 03:34:37 --> Session: Class initialized using 'CodeIgniter\Session\Handlers\FileHandler' driver.
WARNING - 2024-02-09 03:34:37 --> Session: Sessions is enabled, and one exists. Please don't $session->start();
INFO - 2024-02-09 03:34:52 --> Session: Class initialized using 'CodeIgniter\Session\Handlers\FileHandler' driver.
WARNING - 2024-02-09 03:34:52 --> Session: Sessions is enabled, and one exists. Please don't $session->start();
INFO - 2024-02-09 03:35:24 --> Session: Class initialized using 'CodeIgniter\Session\Handlers\FileHandler' driver.
WARNING - 2024-02-09 03:35:24 --> Session: Sessions is enabled, and one exists. Please don't $session->start();
INFO - 2024-02-09 03:36:19 --> Session: Class initialized using 'CodeIgniter\Session\Handlers\FileHandler' driver.
WARNING - 2024-02-09 03:36:19 --> Session: Sessions is enabled, and one exists. Please don't $session->start();
INFO - 2024-02-09 03:36:28 --> Session: Class initialized using 'CodeIgniter\Session\Handlers\FileHandler' driver.
WARNING - 2024-02-09 03:36:28 --> Session: Sessions is enabled, and one exists. Please don't $session->start();
INFO - 2024-02-09 03:36:44 --> Session: Class initialized using 'CodeIgniter\Session\Handlers\FileHandler' driver.
WARNING - 2024-02-09 03:36:44 --> Session: Sessions is enabled, and one exists. Please don't $session->start();
INFO - 2024-02-09 03:37:08 --> Session: Class initialized using 'CodeIgniter\Session\Handlers\FileHandler' driver.
WARNING - 2024-02-09 03:37:08 --> Session: Sessions is enabled, and one exists. Please don't $session->start();
INFO - 2024-02-09 03:38:06 --> Session: Class initialized using 'CodeIgniter\Session\Handlers\FileHandler' driver.
WARNING - 2024-02-09 03:38:06 --> Session: Sessions is enabled, and one exists. Please don't $session->start();
