CRITICAL - 2024-01-25 03:48:30 --> ErrorException: Undefined variable: title
in APPPATH\Views\layouts\maintemplate.php on line 11.
 1 APPPATH\Views\layouts\maintemplate.php(11): CodeIgniter\Debug\Exceptions->errorHandler(8, 'Undefined variable: title', 'C:\\xampp\\htdocs\\POS_CODEIGNITER\\app\\Views\\layouts\\maintemplate.php', 11, [])
 2 SYSTEMPATH\View\View.php(228): include('C:\\xampp\\htdocs\\POS_CODEIGNITER\\app\\Views\\layouts\\maintemplate.php')
 3 SYSTEMPATH\View\View.php(231): CodeIgniter\View\View->CodeIgniter\View\{closure}()
 4 SYSTEMPATH\View\View.php(244): CodeIgniter\View\View->render('layouts/maintemplate', [], true)
 5 SYSTEMPATH\Common.php(1178): CodeIgniter\View\View->render('welcome_message', [], true)
 6 APPPATH\Controllers\Home.php(9): view('welcome_message')
 7 SYSTEMPATH\CodeIgniter.php(941): App\Controllers\Home->index()
 8 SYSTEMPATH\CodeIgniter.php(502): CodeIgniter\CodeIgniter->runController(Object(App\Controllers\Home))
 9 SYSTEMPATH\CodeIgniter.php(361): CodeIgniter\CodeIgniter->handleRequest(null, Object(Config\Cache), false)
10 FCPATH\index.php(79): CodeIgniter\CodeIgniter->run()
11 SYSTEMPATH\Commands\Server\rewrite.php(47): require_once('C:\\xampp\\htdocs\\POS_CODEIGNITER\\public\\index.php')
CRITICAL - 2024-01-25 03:55:10 --> TypeError: Argument 2 passed to CodeIgniter\Validation\StrictRules\Rules::is_unique() must be of the type string, null given, called in C:\xampp\htdocs\POS_CODEIGNITER\system\Validation\Validation.php on line 327
in SYSTEMPATH\Validation\StrictRules\Rules.php on line 199.
 1 SYSTEMPATH\Validation\Validation.php(327): CodeIgniter\Validation\StrictRules\Rules->is_unique('admin01', null)
 2 SYSTEMPATH\Validation\Validation.php(200): CodeIgniter\Validation\Validation->processRules('username', 'username', 'admin01', [...], [...])
 3 SYSTEMPATH\Controller.php(152): CodeIgniter\Validation\Validation->run()
 4 APPPATH\Controllers\Auth.php(22): CodeIgniter\Controller->validate([...])
 5 SYSTEMPATH\CodeIgniter.php(941): App\Controllers\Auth->login()
 6 SYSTEMPATH\CodeIgniter.php(502): CodeIgniter\CodeIgniter->runController(Object(App\Controllers\Auth))
 7 SYSTEMPATH\CodeIgniter.php(361): CodeIgniter\CodeIgniter->handleRequest(null, Object(Config\Cache), false)
 8 FCPATH\index.php(79): CodeIgniter\CodeIgniter->run()
 9 SYSTEMPATH\Commands\Server\rewrite.php(47): require_once('C:\\xampp\\htdocs\\POS_CODEIGNITER\\public\\index.php')
CRITICAL - 2024-01-25 03:59:41 --> ParseError: syntax error, unexpected '}'
in APPPATH\Controllers\Auth.php on line 29.
 1 SYSTEMPATH\Autoloader\Autoloader.php(288): CodeIgniter\Autoloader\Autoloader->includeFile('C:\\xampp\\htdocs\\POS_CODEIGNITER\\app\\Controllers\\Auth.php')
 2 SYSTEMPATH\Autoloader\Autoloader.php(266): CodeIgniter\Autoloader\Autoloader->loadInNamespace('App\\Controllers\\Auth')
 3 [internal function]: CodeIgniter\Autoloader\Autoloader->loadClass('App\\Controllers\\Auth')
 4 [internal function]: spl_autoload_call('App\\Controllers\\Auth')
 5 SYSTEMPATH\CodeIgniter.php(899): class_exists('\\App\\Controllers\\Auth', true)
 6 SYSTEMPATH\CodeIgniter.php(489): CodeIgniter\CodeIgniter->startController()
 7 SYSTEMPATH\CodeIgniter.php(361): CodeIgniter\CodeIgniter->handleRequest(null, Object(Config\Cache), false)
 8 FCPATH\index.php(79): CodeIgniter\CodeIgniter->run()
 9 SYSTEMPATH\Commands\Server\rewrite.php(47): require_once('C:\\xampp\\htdocs\\POS_CODEIGNITER\\public\\index.php')
CRITICAL - 2024-01-25 04:03:39 --> ErrorException: Undefined index: password
in APPPATH\Controllers\Auth.php on line 29.
 1 APPPATH\Controllers\Auth.php(29): CodeIgniter\Debug\Exceptions->errorHandler(8, 'Undefined index: password', 'C:\\xampp\\htdocs\\POS_CODEIGNITER\\app\\Controllers\\Auth.php', 29, [...])
 2 SYSTEMPATH\CodeIgniter.php(941): App\Controllers\Auth->login()
 3 SYSTEMPATH\CodeIgniter.php(502): CodeIgniter\CodeIgniter->runController(Object(App\Controllers\Auth))
 4 SYSTEMPATH\CodeIgniter.php(361): CodeIgniter\CodeIgniter->handleRequest(null, Object(Config\Cache), false)
 5 FCPATH\index.php(79): CodeIgniter\CodeIgniter->run()
 6 SYSTEMPATH\Commands\Server\rewrite.php(47): require_once('C:\\xampp\\htdocs\\POS_CODEIGNITER\\public\\index.php')
CRITICAL - 2024-01-25 04:06:21 --> ErrorException: Trying to get property 'password' of non-object
in APPPATH\Controllers\Auth.php on line 30.
 1 APPPATH\Controllers\Auth.php(30): CodeIgniter\Debug\Exceptions->errorHandler(8, 'Trying to get property \'password\' of non-object', 'C:\\xampp\\htdocs\\POS_CODEIGNITER\\app\\Controllers\\Auth.php', 30, [...])
 2 SYSTEMPATH\CodeIgniter.php(941): App\Controllers\Auth->login()
 3 SYSTEMPATH\CodeIgniter.php(502): CodeIgniter\CodeIgniter->runController(Object(App\Controllers\Auth))
 4 SYSTEMPATH\CodeIgniter.php(361): CodeIgniter\CodeIgniter->handleRequest(null, Object(Config\Cache), false)
 5 FCPATH\index.php(79): CodeIgniter\CodeIgniter->run()
 6 SYSTEMPATH\Commands\Server\rewrite.php(47): require_once('C:\\xampp\\htdocs\\POS_CODEIGNITER\\public\\index.php')
CRITICAL - 2024-01-25 04:11:54 --> CodeIgniter\View\Exceptions\ViewException: Invalid file: "/login.php"
in SYSTEMPATH\Exceptions\FrameworkException.php on line 39.
 1 SYSTEMPATH\View\View.php(216): CodeIgniter\Exceptions\FrameworkException::forInvalidFile('/login.php')
 2 SYSTEMPATH\Common.php(1178): CodeIgniter\View\View->render('/login', [], true)
 3 APPPATH\Controllers\Auth.php(26): view('/login')
 4 SYSTEMPATH\CodeIgniter.php(941): App\Controllers\Auth->login()
 5 SYSTEMPATH\CodeIgniter.php(502): CodeIgniter\CodeIgniter->runController(Object(App\Controllers\Auth))
 6 SYSTEMPATH\CodeIgniter.php(361): CodeIgniter\CodeIgniter->handleRequest(null, Object(Config\Cache), false)
 7 FCPATH\index.php(79): CodeIgniter\CodeIgniter->run()
 8 SYSTEMPATH\Commands\Server\rewrite.php(47): require_once('C:\\xampp\\htdocs\\POS_CODEIGNITER\\public\\index.php')
CRITICAL - 2024-01-25 04:12:18 --> ErrorException: Undefined variable: title
in APPPATH\Views\auth\login.php on line 11.
 1 APPPATH\Views\auth\login.php(11): CodeIgniter\Debug\Exceptions->errorHandler(8, 'Undefined variable: title', 'C:\\xampp\\htdocs\\POS_CODEIGNITER\\app\\Views\\auth\\login.php', 11, [])
 2 SYSTEMPATH\View\View.php(228): include('C:\\xampp\\htdocs\\POS_CODEIGNITER\\app\\Views\\auth\\login.php')
 3 SYSTEMPATH\View\View.php(231): CodeIgniter\View\View->CodeIgniter\View\{closure}()
 4 SYSTEMPATH\Common.php(1178): CodeIgniter\View\View->render('auth/login', [], true)
 5 APPPATH\Controllers\Auth.php(26): view('auth/login')
 6 SYSTEMPATH\CodeIgniter.php(941): App\Controllers\Auth->login()
 7 SYSTEMPATH\CodeIgniter.php(502): CodeIgniter\CodeIgniter->runController(Object(App\Controllers\Auth))
 8 SYSTEMPATH\CodeIgniter.php(361): CodeIgniter\CodeIgniter->handleRequest(null, Object(Config\Cache), false)
 9 FCPATH\index.php(79): CodeIgniter\CodeIgniter->run()
10 SYSTEMPATH\Commands\Server\rewrite.php(47): require_once('C:\\xampp\\htdocs\\POS_CODEIGNITER\\public\\index.php')
CRITICAL - 2024-01-25 04:12:47 --> ErrorException: Undefined variable: title
in APPPATH\Views\auth\login.php on line 11.
 1 APPPATH\Views\auth\login.php(11): CodeIgniter\Debug\Exceptions->errorHandler(8, 'Undefined variable: title', 'C:\\xampp\\htdocs\\POS_CODEIGNITER\\app\\Views\\auth\\login.php', 11, [])
 2 SYSTEMPATH\View\View.php(228): include('C:\\xampp\\htdocs\\POS_CODEIGNITER\\app\\Views\\auth\\login.php')
 3 SYSTEMPATH\View\View.php(231): CodeIgniter\View\View->CodeIgniter\View\{closure}()
 4 SYSTEMPATH\Common.php(1178): CodeIgniter\View\View->render('auth/login', [], true)
 5 APPPATH\Controllers\Auth.php(26): view('auth/login')
 6 SYSTEMPATH\CodeIgniter.php(941): App\Controllers\Auth->login()
 7 SYSTEMPATH\CodeIgniter.php(502): CodeIgniter\CodeIgniter->runController(Object(App\Controllers\Auth))
 8 SYSTEMPATH\CodeIgniter.php(361): CodeIgniter\CodeIgniter->handleRequest(null, Object(Config\Cache), false)
 9 FCPATH\index.php(79): CodeIgniter\CodeIgniter->run()
10 SYSTEMPATH\Commands\Server\rewrite.php(47): require_once('C:\\xampp\\htdocs\\POS_CODEIGNITER\\public\\index.php')
CRITICAL - 2024-01-25 04:31:25 --> ErrorException: Undefined variable: title
in APPPATH\Views\layouts\maintemplate.php on line 11.
 1 APPPATH\Views\layouts\maintemplate.php(11): CodeIgniter\Debug\Exceptions->errorHandler(8, 'Undefined variable: title', 'C:\\xampp\\htdocs\\POS_CODEIGNITER\\app\\Views\\layouts\\maintemplate.php', 11, [])
 2 SYSTEMPATH\View\View.php(228): include('C:\\xampp\\htdocs\\POS_CODEIGNITER\\app\\Views\\layouts\\maintemplate.php')
 3 SYSTEMPATH\View\View.php(231): CodeIgniter\View\View->CodeIgniter\View\{closure}()
 4 SYSTEMPATH\View\View.php(244): CodeIgniter\View\View->render('layouts/maintemplate', [], true)
 5 SYSTEMPATH\Common.php(1178): CodeIgniter\View\View->render('welcome_message', [], true)
 6 APPPATH\Controllers\Home.php(9): view('welcome_message')
 7 SYSTEMPATH\CodeIgniter.php(941): App\Controllers\Home->index()
 8 SYSTEMPATH\CodeIgniter.php(502): CodeIgniter\CodeIgniter->runController(Object(App\Controllers\Home))
 9 SYSTEMPATH\CodeIgniter.php(361): CodeIgniter\CodeIgniter->handleRequest(null, Object(Config\Cache), false)
10 FCPATH\index.php(79): CodeIgniter\CodeIgniter->run()
11 SYSTEMPATH\Commands\Server\rewrite.php(47): require_once('C:\\xampp\\htdocs\\POS_CODEIGNITER\\public\\index.php')
CRITICAL - 2024-01-25 04:31:48 --> ErrorException: Undefined variable: title
in APPPATH\Views\layouts\maintemplate.php on line 11.
 1 APPPATH\Views\layouts\maintemplate.php(11): CodeIgniter\Debug\Exceptions->errorHandler(8, 'Undefined variable: title', 'C:\\xampp\\htdocs\\POS_CODEIGNITER\\app\\Views\\layouts\\maintemplate.php', 11, [])
 2 SYSTEMPATH\View\View.php(228): include('C:\\xampp\\htdocs\\POS_CODEIGNITER\\app\\Views\\layouts\\maintemplate.php')
 3 SYSTEMPATH\View\View.php(231): CodeIgniter\View\View->CodeIgniter\View\{closure}()
 4 SYSTEMPATH\View\View.php(244): CodeIgniter\View\View->render('layouts/maintemplate', [], true)
 5 SYSTEMPATH\Common.php(1178): CodeIgniter\View\View->render('welcome_message', [], true)
 6 APPPATH\Controllers\Home.php(9): view('welcome_message')
 7 SYSTEMPATH\CodeIgniter.php(941): App\Controllers\Home->index()
 8 SYSTEMPATH\CodeIgniter.php(502): CodeIgniter\CodeIgniter->runController(Object(App\Controllers\Home))
 9 SYSTEMPATH\CodeIgniter.php(361): CodeIgniter\CodeIgniter->handleRequest(null, Object(Config\Cache), false)
10 FCPATH\index.php(79): CodeIgniter\CodeIgniter->run()
11 SYSTEMPATH\Commands\Server\rewrite.php(47): require_once('C:\\xampp\\htdocs\\POS_CODEIGNITER\\public\\index.php')
CRITICAL - 2024-01-25 04:32:06 --> ErrorException: Undefined variable: title
in APPPATH\Views\layouts\maintemplate.php on line 11.
 1 APPPATH\Views\layouts\maintemplate.php(11): CodeIgniter\Debug\Exceptions->errorHandler(8, 'Undefined variable: title', 'C:\\xampp\\htdocs\\POS_CODEIGNITER\\app\\Views\\layouts\\maintemplate.php', 11, [])
 2 SYSTEMPATH\View\View.php(228): include('C:\\xampp\\htdocs\\POS_CODEIGNITER\\app\\Views\\layouts\\maintemplate.php')
 3 SYSTEMPATH\View\View.php(231): CodeIgniter\View\View->CodeIgniter\View\{closure}()
 4 SYSTEMPATH\View\View.php(244): CodeIgniter\View\View->render('layouts/maintemplate', [], true)
 5 SYSTEMPATH\Common.php(1178): CodeIgniter\View\View->render('welcome_message', [], true)
 6 APPPATH\Controllers\Home.php(9): view('welcome_message')
 7 SYSTEMPATH\CodeIgniter.php(941): App\Controllers\Home->index()
 8 SYSTEMPATH\CodeIgniter.php(502): CodeIgniter\CodeIgniter->runController(Object(App\Controllers\Home))
 9 SYSTEMPATH\CodeIgniter.php(361): CodeIgniter\CodeIgniter->handleRequest(null, Object(Config\Cache), false)
10 FCPATH\index.php(79): CodeIgniter\CodeIgniter->run()
11 SYSTEMPATH\Commands\Server\rewrite.php(47): require_once('C:\\xampp\\htdocs\\POS_CODEIGNITER\\public\\index.php')
