INFO - 2024-02-10 02:20:50 --> Session: Class initialized using 'CodeIgniter\Session\Handlers\FileHandler' driver.
WARNING - 2024-02-10 02:20:50 --> Session: Sessions is enabled, and one exists. Please don't $session->start();
INFO - 2024-02-10 02:21:02 --> Session: Class initialized using 'CodeIgniter\Session\Handlers\FileHandler' driver.
WARNING - 2024-02-10 02:21:02 --> Session: Sessions is enabled, and one exists. Please don't $session->start();
INFO - 2024-02-10 02:22:59 --> Session: Class initialized using 'CodeIgniter\Session\Handlers\FileHandler' driver.
WARNING - 2024-02-10 02:22:59 --> Session: Sessions is enabled, and one exists. Please don't $session->start();
INFO - 2024-02-10 02:23:07 --> Session: Class initialized using 'CodeIgniter\Session\Handlers\FileHandler' driver.
INFO - 2024-02-10 02:23:11 --> Session: Class initialized using 'CodeIgniter\Session\Handlers\FileHandler' driver.
INFO - 2024-02-10 02:31:19 --> Session: Class initialized using 'CodeIgniter\Session\Handlers\FileHandler' driver.
INFO - 2024-02-10 02:31:51 --> Session: Class initialized using 'CodeIgniter\Session\Handlers\FileHandler' driver.
INFO - 2024-02-10 02:32:21 --> Session: Class initialized using 'CodeIgniter\Session\Handlers\FileHandler' driver.
INFO - 2024-02-10 02:33:35 --> Session: Class initialized using 'CodeIgniter\Session\Handlers\FileHandler' driver.
WARNING - 2024-02-10 02:33:35 --> Session: Sessions is enabled, and one exists. Please don't $session->start();
INFO - 2024-02-10 02:33:45 --> Session: Class initialized using 'CodeIgniter\Session\Handlers\FileHandler' driver.
WARNING - 2024-02-10 02:33:45 --> Session: Sessions is enabled, and one exists. Please don't $session->start();
INFO - 2024-02-10 02:34:51 --> Session: Class initialized using 'CodeIgniter\Session\Handlers\FileHandler' driver.
WARNING - 2024-02-10 02:34:51 --> Session: Sessions is enabled, and one exists. Please don't $session->start();
INFO - 2024-02-10 02:36:24 --> Session: Class initialized using 'CodeIgniter\Session\Handlers\FileHandler' driver.
WARNING - 2024-02-10 02:36:24 --> Session: Sessions is enabled, and one exists. Please don't $session->start();
INFO - 2024-02-10 02:36:28 --> Session: Class initialized using 'CodeIgniter\Session\Handlers\FileHandler' driver.
WARNING - 2024-02-10 02:36:28 --> Session: Sessions is enabled, and one exists. Please don't $session->start();
INFO - 2024-02-10 02:37:20 --> Session: Class initialized using 'CodeIgniter\Session\Handlers\FileHandler' driver.
WARNING - 2024-02-10 02:37:20 --> Session: Sessions is enabled, and one exists. Please don't $session->start();
INFO - 2024-02-10 02:39:21 --> Session: Class initialized using 'CodeIgniter\Session\Handlers\FileHandler' driver.
WARNING - 2024-02-10 02:39:21 --> Session: Sessions is enabled, and one exists. Please don't $session->start();
INFO - 2024-02-10 02:40:07 --> Session: Class initialized using 'CodeIgniter\Session\Handlers\FileHandler' driver.
WARNING - 2024-02-10 02:40:07 --> Session: Sessions is enabled, and one exists. Please don't $session->start();
INFO - 2024-02-10 02:40:55 --> Session: Class initialized using 'CodeIgniter\Session\Handlers\FileHandler' driver.
WARNING - 2024-02-10 02:40:55 --> Session: Sessions is enabled, and one exists. Please don't $session->start();
INFO - 2024-02-10 02:40:56 --> Session: Class initialized using 'CodeIgniter\Session\Handlers\FileHandler' driver.
WARNING - 2024-02-10 02:40:56 --> Session: Sessions is enabled, and one exists. Please don't $session->start();
INFO - 2024-02-10 02:41:07 --> Session: Class initialized using 'CodeIgniter\Session\Handlers\FileHandler' driver.
WARNING - 2024-02-10 02:41:07 --> Session: Sessions is enabled, and one exists. Please don't $session->start();
INFO - 2024-02-10 02:41:16 --> Session: Class initialized using 'CodeIgniter\Session\Handlers\FileHandler' driver.
WARNING - 2024-02-10 02:41:16 --> Session: Sessions is enabled, and one exists. Please don't $session->start();
INFO - 2024-02-10 02:42:36 --> Session: Class initialized using 'CodeIgniter\Session\Handlers\FileHandler' driver.
WARNING - 2024-02-10 02:42:36 --> Session: Sessions is enabled, and one exists. Please don't $session->start();
CRITICAL - 2024-02-10 02:42:38 --> ErrorException: Undefined property: stdClass::$namapengguna
in APPPATH\Views\user\user.php on line 82.
 1 APPPATH\Views\user\user.php(82): CodeIgniter\Debug\Exceptions->errorHandler(8, 'Undefined property: stdClass::$namapengguna', 'C:\\xampp\\htdocs\\POS_CODEIGNITER\\app\\Views\\user\\user.php', 82, [...])
 2 SYSTEMPATH\View\View.php(228): include('C:\\xampp\\htdocs\\POS_CODEIGNITER\\app\\Views\\user\\user.php')
 3 SYSTEMPATH\View\View.php(231): CodeIgniter\View\View->CodeIgniter\View\{closure}()
 4 SYSTEMPATH\Common.php(1178): CodeIgniter\View\View->render('user/user', [], true)
 5 APPPATH\Controllers\User.php(23): view('user/user', [...])
 6 SYSTEMPATH\CodeIgniter.php(941): App\Controllers\User->index()
 7 SYSTEMPATH\CodeIgniter.php(502): CodeIgniter\CodeIgniter->runController(Object(App\Controllers\User))
 8 SYSTEMPATH\CodeIgniter.php(361): CodeIgniter\CodeIgniter->handleRequest(null, Object(Config\Cache), false)
 9 FCPATH\index.php(79): CodeIgniter\CodeIgniter->run()
10 SYSTEMPATH\Commands\Server\rewrite.php(47): require_once('C:\\xampp\\htdocs\\POS_CODEIGNITER\\public\\index.php')
INFO - 2024-02-10 02:43:19 --> Session: Class initialized using 'CodeIgniter\Session\Handlers\FileHandler' driver.
WARNING - 2024-02-10 02:43:19 --> Session: Sessions is enabled, and one exists. Please don't $session->start();
INFO - 2024-02-10 02:43:43 --> Session: Class initialized using 'CodeIgniter\Session\Handlers\FileHandler' driver.
WARNING - 2024-02-10 02:43:43 --> Session: Sessions is enabled, and one exists. Please don't $session->start();
INFO - 2024-02-10 03:07:28 --> Session: Class initialized using 'CodeIgniter\Session\Handlers\FileHandler' driver.
WARNING - 2024-02-10 03:07:28 --> Session: Sessions is enabled, and one exists. Please don't $session->start();
INFO - 2024-02-10 03:08:16 --> Session: Class initialized using 'CodeIgniter\Session\Handlers\FileHandler' driver.
WARNING - 2024-02-10 03:08:16 --> Session: Sessions is enabled, and one exists. Please don't $session->start();
INFO - 2024-02-10 03:08:24 --> Session: Class initialized using 'CodeIgniter\Session\Handlers\FileHandler' driver.
WARNING - 2024-02-10 03:08:24 --> Session: Sessions is enabled, and one exists. Please don't $session->start();
CRITICAL - 2024-02-10 03:08:24 --> ArgumentCountError: Too few arguments to function App\Controllers\User::edit(), 0 passed in C:\xampp\htdocs\POS_CODEIGNITER\system\CodeIgniter.php on line 941 and exactly 1 expected
in APPPATH\Controllers\User.php on line 135.
 1 SYSTEMPATH\CodeIgniter.php(941): App\Controllers\User->edit()
 2 SYSTEMPATH\CodeIgniter.php(502): CodeIgniter\CodeIgniter->runController(Object(App\Controllers\User))
 3 SYSTEMPATH\CodeIgniter.php(361): CodeIgniter\CodeIgniter->handleRequest(null, Object(Config\Cache), false)
 4 FCPATH\index.php(79): CodeIgniter\CodeIgniter->run()
 5 SYSTEMPATH\Commands\Server\rewrite.php(47): require_once('C:\\xampp\\htdocs\\POS_CODEIGNITER\\public\\index.php')
INFO - 2024-02-10 03:09:04 --> Session: Class initialized using 'CodeIgniter\Session\Handlers\FileHandler' driver.
WARNING - 2024-02-10 03:09:04 --> Session: Sessions is enabled, and one exists. Please don't $session->start();
ERROR - 2024-02-10 03:09:05 --> ErrorException: pg_query(): Query failed: ERROR:  column reference &quot;usergroupid&quot; is ambiguous
LINE 1: ...psi, tbm_user.opadd as dibuatoleh, usergroupname, usergroupi...
                                                             ^ in C:\xampp\htdocs\POS_CODEIGNITER\system\Database\Postgre\Connection.php:187
Stack trace:
#0 [internal function]: CodeIgniter\Debug\Exceptions->errorHandler(2, 'pg_query(): Que...', 'C:\\xampp\\htdocs...', 187, Array)
#1 C:\xampp\htdocs\POS_CODEIGNITER\system\Database\Postgre\Connection.php(187): pg_query(Resource id #134, 'SELECT userid,f...')
#2 C:\xampp\htdocs\POS_CODEIGNITER\system\Database\BaseConnection.php(693): CodeIgniter\Database\Postgre\Connection->execute('SELECT userid,f...')
#3 C:\xampp\htdocs\POS_CODEIGNITER\system\Database\BaseConnection.php(607): CodeIgniter\Database\BaseConnection->simpleQuery('SELECT userid,f...')
#4 C:\xampp\htdocs\POS_CODEIGNITER\app\Controllers\User.php(138): CodeIgniter\Database\BaseConnection->query('SELECT userid,f...', '26')
#5 C:\xampp\htdocs\POS_CODEIGNITER\system\CodeIgniter.php(941): App\Controllers\User->edit('26')
#6 C:\xampp\htdocs\POS_CODEIGNITER\system\CodeIgniter.php(502): CodeIgniter\CodeIgniter->runController(Object(App\Controllers\User))
#7 C:\xampp\htdocs\POS_CODEIGNITER\system\CodeIgniter.php(361): CodeIgniter\CodeIgniter->handleRequest(NULL, Object(Config\Cache), false)
#8 C:\xampp\htdocs\POS_CODEIGNITER\public\index.php(79): CodeIgniter\CodeIgniter->run()
#9 C:\xampp\htdocs\POS_CODEIGNITER\system\Commands\Server\rewrite.php(47): require_once('C:\\xampp\\htdocs...')
#10 {main}
CRITICAL - 2024-02-10 03:09:05 --> CodeIgniter\Database\Exceptions\DatabaseException: pg_query(): Query failed: ERROR:  column reference &quot;usergroupid&quot; is ambiguous
LINE 1: ...psi, tbm_user.opadd as dibuatoleh, usergroupname, usergroupi...
                                                             ^
in SYSTEMPATH\Database\BaseConnection.php on line 647.
 1 APPPATH\Controllers\User.php(138): CodeIgniter\Database\BaseConnection->query('SELECT userid,fullname as namalengkap, username as namapengguna,gender as jeniskelamin,photo as profil,address as alamat, tbm_user.remarks as deskripsi, tbm_user.opadd as dibuatoleh, usergroupname, usergroupid  FROM tbm_user JOIN tbm_usergroup ON tbm_user.usergroupid = tbm_usergroup.usergroupid WHERE tbm_user.userid =?', '26')
 2 SYSTEMPATH\CodeIgniter.php(941): App\Controllers\User->edit('26')
 3 SYSTEMPATH\CodeIgniter.php(502): CodeIgniter\CodeIgniter->runController(Object(App\Controllers\User))
 4 SYSTEMPATH\CodeIgniter.php(361): CodeIgniter\CodeIgniter->handleRequest(null, Object(Config\Cache), false)
 5 FCPATH\index.php(79): CodeIgniter\CodeIgniter->run()
 6 SYSTEMPATH\Commands\Server\rewrite.php(47): require_once('C:\\xampp\\htdocs\\POS_CODEIGNITER\\public\\index.php')
CRITICAL - 2024-02-10 03:09:05 --> [Caused by] CodeIgniter\Database\Exceptions\DatabaseException: pg_query(): Query failed: ERROR:  column reference &quot;usergroupid&quot; is ambiguous
LINE 1: ...psi, tbm_user.opadd as dibuatoleh, usergroupname, usergroupi...
                                                             ^
in SYSTEMPATH\Database\Postgre\Connection.php on line 192.
 1 SYSTEMPATH\Database\BaseConnection.php(693): CodeIgniter\Database\Postgre\Connection->execute('SELECT userid,fullname as namalengkap, username as namapengguna,gender as jeniskelamin,photo as profil,address as alamat, tbm_user.remarks as deskripsi, tbm_user.opadd as dibuatoleh, usergroupname, usergroupid  FROM tbm_user JOIN tbm_usergroup ON tbm_user.usergroupid = tbm_usergroup.usergroupid WHERE tbm_user.userid =\'26\'')
 2 SYSTEMPATH\Database\BaseConnection.php(607): CodeIgniter\Database\BaseConnection->simpleQuery('SELECT userid,fullname as namalengkap, username as namapengguna,gender as jeniskelamin,photo as profil,address as alamat, tbm_user.remarks as deskripsi, tbm_user.opadd as dibuatoleh, usergroupname, usergroupid  FROM tbm_user JOIN tbm_usergroup ON tbm_user.usergroupid = tbm_usergroup.usergroupid WHERE tbm_user.userid =\'26\'')
 3 APPPATH\Controllers\User.php(138): CodeIgniter\Database\BaseConnection->query('SELECT userid,fullname as namalengkap, username as namapengguna,gender as jeniskelamin,photo as profil,address as alamat, tbm_user.remarks as deskripsi, tbm_user.opadd as dibuatoleh, usergroupname, usergroupid  FROM tbm_user JOIN tbm_usergroup ON tbm_user.usergroupid = tbm_usergroup.usergroupid WHERE tbm_user.userid =?', '26')
 4 SYSTEMPATH\CodeIgniter.php(941): App\Controllers\User->edit('26')
 5 SYSTEMPATH\CodeIgniter.php(502): CodeIgniter\CodeIgniter->runController(Object(App\Controllers\User))
 6 SYSTEMPATH\CodeIgniter.php(361): CodeIgniter\CodeIgniter->handleRequest(null, Object(Config\Cache), false)
 7 FCPATH\index.php(79): CodeIgniter\CodeIgniter->run()
 8 SYSTEMPATH\Commands\Server\rewrite.php(47): require_once('C:\\xampp\\htdocs\\POS_CODEIGNITER\\public\\index.php')
CRITICAL - 2024-02-10 03:09:05 --> [Caused by] ErrorException: pg_query(): Query failed: ERROR:  column reference &quot;usergroupid&quot; is ambiguous
LINE 1: ...psi, tbm_user.opadd as dibuatoleh, usergroupname, usergroupi...
                                                             ^
in SYSTEMPATH\Database\Postgre\Connection.php on line 187.
 1 [internal function]: CodeIgniter\Debug\Exceptions->errorHandler(2, 'pg_query(): Query failed: ERROR:  column reference &quot;usergroupid&quot; is ambiguous
LINE 1: ...psi, tbm_user.opadd as dibuatoleh, usergroupname, usergroupi...
                                                             ^', 'C:\\xampp\\htdocs\\POS_CODEIGNITER\\system\\Database\\Postgre\\Connection.php', 187, [...])
 2 SYSTEMPATH\Database\Postgre\Connection.php(187): pg_query(resource (pgsql link), 'SELECT userid,fullname as namalengkap, username as namapengguna,gender as jeniskelamin,photo as profil,address as alamat, tbm_user.remarks as deskripsi, tbm_user.opadd as dibuatoleh, usergroupname, usergroupid  FROM tbm_user JOIN tbm_usergroup ON tbm_user.usergroupid = tbm_usergroup.usergroupid WHERE tbm_user.userid =\'26\'')
 3 SYSTEMPATH\Database\BaseConnection.php(693): CodeIgniter\Database\Postgre\Connection->execute('SELECT userid,fullname as namalengkap, username as namapengguna,gender as jeniskelamin,photo as profil,address as alamat, tbm_user.remarks as deskripsi, tbm_user.opadd as dibuatoleh, usergroupname, usergroupid  FROM tbm_user JOIN tbm_usergroup ON tbm_user.usergroupid = tbm_usergroup.usergroupid WHERE tbm_user.userid =\'26\'')
 4 SYSTEMPATH\Database\BaseConnection.php(607): CodeIgniter\Database\BaseConnection->simpleQuery('SELECT userid,fullname as namalengkap, username as namapengguna,gender as jeniskelamin,photo as profil,address as alamat, tbm_user.remarks as deskripsi, tbm_user.opadd as dibuatoleh, usergroupname, usergroupid  FROM tbm_user JOIN tbm_usergroup ON tbm_user.usergroupid = tbm_usergroup.usergroupid WHERE tbm_user.userid =\'26\'')
 5 APPPATH\Controllers\User.php(138): CodeIgniter\Database\BaseConnection->query('SELECT userid,fullname as namalengkap, username as namapengguna,gender as jeniskelamin,photo as profil,address as alamat, tbm_user.remarks as deskripsi, tbm_user.opadd as dibuatoleh, usergroupname, usergroupid  FROM tbm_user JOIN tbm_usergroup ON tbm_user.usergroupid = tbm_usergroup.usergroupid WHERE tbm_user.userid =?', '26')
 6 SYSTEMPATH\CodeIgniter.php(941): App\Controllers\User->edit('26')
 7 SYSTEMPATH\CodeIgniter.php(502): CodeIgniter\CodeIgniter->runController(Object(App\Controllers\User))
 8 SYSTEMPATH\CodeIgniter.php(361): CodeIgniter\CodeIgniter->handleRequest(null, Object(Config\Cache), false)
 9 FCPATH\index.php(79): CodeIgniter\CodeIgniter->run()
10 SYSTEMPATH\Commands\Server\rewrite.php(47): require_once('C:\\xampp\\htdocs\\POS_CODEIGNITER\\public\\index.php')
INFO - 2024-02-10 03:10:04 --> Session: Class initialized using 'CodeIgniter\Session\Handlers\FileHandler' driver.
WARNING - 2024-02-10 03:10:04 --> Session: Sessions is enabled, and one exists. Please don't $session->start();
INFO - 2024-02-10 03:10:40 --> Session: Class initialized using 'CodeIgniter\Session\Handlers\FileHandler' driver.
WARNING - 2024-02-10 03:10:40 --> Session: Sessions is enabled, and one exists. Please don't $session->start();
CRITICAL - 2024-02-10 03:10:41 --> ErrorException: Trying to get property 'namapengguna' of non-object
in APPPATH\Controllers\User.php on line 139.
 1 APPPATH\Controllers\User.php(139): CodeIgniter\Debug\Exceptions->errorHandler(8, 'Trying to get property \'namapengguna\' of non-object', 'C:\\xampp\\htdocs\\POS_CODEIGNITER\\app\\Controllers\\User.php', 139, [...])
 2 SYSTEMPATH\CodeIgniter.php(941): App\Controllers\User->edit('26')
 3 SYSTEMPATH\CodeIgniter.php(502): CodeIgniter\CodeIgniter->runController(Object(App\Controllers\User))
 4 SYSTEMPATH\CodeIgniter.php(361): CodeIgniter\CodeIgniter->handleRequest(null, Object(Config\Cache), false)
 5 FCPATH\index.php(79): CodeIgniter\CodeIgniter->run()
 6 SYSTEMPATH\Commands\Server\rewrite.php(47): require_once('C:\\xampp\\htdocs\\POS_CODEIGNITER\\public\\index.php')
INFO - 2024-02-10 03:10:53 --> Session: Class initialized using 'CodeIgniter\Session\Handlers\FileHandler' driver.
WARNING - 2024-02-10 03:10:53 --> Session: Sessions is enabled, and one exists. Please don't $session->start();
INFO - 2024-02-10 03:11:15 --> Session: Class initialized using 'CodeIgniter\Session\Handlers\FileHandler' driver.
WARNING - 2024-02-10 03:11:15 --> Session: Sessions is enabled, and one exists. Please don't $session->start();
INFO - 2024-02-10 03:30:26 --> Session: Class initialized using 'CodeIgniter\Session\Handlers\FileHandler' driver.
WARNING - 2024-02-10 03:30:26 --> Session: Sessions is enabled, and one exists. Please don't $session->start();
ERROR - 2024-02-10 03:30:38 --> Error connecting to the database: ErrorException: pg_connect(): Unable to connect to PostgreSQL server: server closed the connection unexpectedly
	This probably means the server terminated abnormally
	before or while processing the request. in C:\xampp\htdocs\POS_CODEIGNITER\system\Database\Postgre\Connection.php:72
Stack trace:
#0 [internal function]: CodeIgniter\Debug\Exceptions->errorHandler(2, 'pg_connect(): U...', 'C:\\xampp\\htdocs...', 72, Array)
#1 C:\xampp\htdocs\POS_CODEIGNITER\system\Database\Postgre\Connection.php(72): pg_connect('host=10.20.30.1...')
#2 C:\xampp\htdocs\POS_CODEIGNITER\system\Database\BaseConnection.php(392): CodeIgniter\Database\Postgre\Connection->connect(false)
#3 C:\xampp\htdocs\POS_CODEIGNITER\system\Database\BaseConnection.php(575): CodeIgniter\Database\BaseConnection->initialize()
#4 C:\xampp\htdocs\POS_CODEIGNITER\app\Controllers\User.php(20): CodeIgniter\Database\BaseConnection->query('SELECT userid,f...', 'f')
#5 C:\xampp\htdocs\POS_CODEIGNITER\system\CodeIgniter.php(941): App\Controllers\User->index()
#6 C:\xampp\htdocs\POS_CODEIGNITER\system\CodeIgniter.php(502): CodeIgniter\CodeIgniter->runController(Object(App\Controllers\User))
#7 C:\xampp\htdocs\POS_CODEIGNITER\system\CodeIgniter.php(361): CodeIgniter\CodeIgniter->handleRequest(NULL, Object(Config\Cache), false)
#8 C:\xampp\htdocs\POS_CODEIGNITER\public\index.php(79): CodeIgniter\CodeIgniter->run()
#9 C:\xampp\htdocs\POS_CODEIGNITER\system\Commands\Server\rewrite.php(47): require_once('C:\\xampp\\htdocs...')
#10 {main}
CRITICAL - 2024-02-10 03:30:38 --> CodeIgniter\Database\Exceptions\DatabaseException: Unable to connect to the database.
Main connection [Postgre]: pg_connect(): Unable to connect to PostgreSQL server: server closed the connection unexpectedly
	This probably means the server terminated abnormally
	before or while processing the request.
in SYSTEMPATH\Database\BaseConnection.php on line 428.
 1 SYSTEMPATH\Database\BaseConnection.php(575): CodeIgniter\Database\BaseConnection->initialize()
 2 APPPATH\Controllers\User.php(20): CodeIgniter\Database\BaseConnection->query('SELECT userid,fullname as namalengkap,gender as jeniskelamin,photo as profil,address as alamat, tbm_user.remarks as deskripsi, tbm_user.opadd as dibuatoleh, usergroupname  FROM tbm_user JOIN tbm_usergroup ON tbm_user.usergroupid = tbm_usergroup.usergroupid WHERE tbm_user.dlt =?', 'f')
 3 SYSTEMPATH\CodeIgniter.php(941): App\Controllers\User->index()
 4 SYSTEMPATH\CodeIgniter.php(502): CodeIgniter\CodeIgniter->runController(Object(App\Controllers\User))
 5 SYSTEMPATH\CodeIgniter.php(361): CodeIgniter\CodeIgniter->handleRequest(null, Object(Config\Cache), false)
 6 FCPATH\index.php(79): CodeIgniter\CodeIgniter->run()
 7 SYSTEMPATH\Commands\Server\rewrite.php(47): require_once('C:\\xampp\\htdocs\\POS_CODEIGNITER\\public\\index.php')
INFO - 2024-02-10 03:30:42 --> Session: Class initialized using 'CodeIgniter\Session\Handlers\FileHandler' driver.
WARNING - 2024-02-10 03:30:42 --> Session: Sessions is enabled, and one exists. Please don't $session->start();
INFO - 2024-02-10 03:30:50 --> Session: Class initialized using 'CodeIgniter\Session\Handlers\FileHandler' driver.
WARNING - 2024-02-10 03:30:50 --> Session: Sessions is enabled, and one exists. Please don't $session->start();
INFO - 2024-02-10 03:30:51 --> Session: Class initialized using 'CodeIgniter\Session\Handlers\FileHandler' driver.
WARNING - 2024-02-10 03:30:51 --> Session: Sessions is enabled, and one exists. Please don't $session->start();
INFO - 2024-02-10 03:30:59 --> Session: Class initialized using 'CodeIgniter\Session\Handlers\FileHandler' driver.
WARNING - 2024-02-10 03:30:59 --> Session: Sessions is enabled, and one exists. Please don't $session->start();
INFO - 2024-02-10 03:31:00 --> Session: Class initialized using 'CodeIgniter\Session\Handlers\FileHandler' driver.
WARNING - 2024-02-10 03:31:00 --> Session: Sessions is enabled, and one exists. Please don't $session->start();
INFO - 2024-02-10 03:31:06 --> Session: Class initialized using 'CodeIgniter\Session\Handlers\FileHandler' driver.
WARNING - 2024-02-10 03:31:06 --> Session: Sessions is enabled, and one exists. Please don't $session->start();
INFO - 2024-02-10 03:31:07 --> Session: Class initialized using 'CodeIgniter\Session\Handlers\FileHandler' driver.
WARNING - 2024-02-10 03:31:07 --> Session: Sessions is enabled, and one exists. Please don't $session->start();
INFO - 2024-02-10 03:31:56 --> Session: Class initialized using 'CodeIgniter\Session\Handlers\FileHandler' driver.
WARNING - 2024-02-10 03:31:56 --> Session: Sessions is enabled, and one exists. Please don't $session->start();
