INFO - 2024-02-18 08:35:03 --> Session: Class initialized using 'CodeIgniter\Session\Handlers\FileHandler' driver.
WARNING - 2024-02-18 08:35:03 --> Session: Sessions is enabled, and one exists. Please don't $session->start();
INFO - 2024-02-18 08:35:17 --> Session: Class initialized using 'CodeIgniter\Session\Handlers\FileHandler' driver.
INFO - 2024-02-18 08:35:27 --> Session: Class initialized using 'CodeIgniter\Session\Handlers\FileHandler' driver.
INFO - 2024-02-18 08:36:12 --> Session: Class initialized using 'CodeIgniter\Session\Handlers\FileHandler' driver.
INFO - 2024-02-18 08:36:15 --> Session: Class initialized using 'CodeIgniter\Session\Handlers\FileHandler' driver.
INFO - 2024-02-18 08:37:10 --> Session: Class initialized using 'CodeIgniter\Session\Handlers\FileHandler' driver.
INFO - 2024-02-18 08:37:11 --> Session: Class initialized using 'CodeIgniter\Session\Handlers\FileHandler' driver.
INFO - 2024-02-18 08:37:19 --> Session: Class initialized using 'CodeIgniter\Session\Handlers\FileHandler' driver.
INFO - 2024-02-18 08:37:20 --> Session: Class initialized using 'CodeIgniter\Session\Handlers\FileHandler' driver.
INFO - 2024-02-18 08:37:25 --> Session: Class initialized using 'CodeIgniter\Session\Handlers\FileHandler' driver.
INFO - 2024-02-18 08:39:22 --> Session: Class initialized using 'CodeIgniter\Session\Handlers\FileHandler' driver.
INFO - 2024-02-18 08:39:40 --> Session: Class initialized using 'CodeIgniter\Session\Handlers\FileHandler' driver.
INFO - 2024-02-18 08:39:50 --> Session: Class initialized using 'CodeIgniter\Session\Handlers\FileHandler' driver.
INFO - 2024-02-18 08:39:51 --> Session: Class initialized using 'CodeIgniter\Session\Handlers\FileHandler' driver.
INFO - 2024-02-18 08:41:09 --> Session: Class initialized using 'CodeIgniter\Session\Handlers\FileHandler' driver.
INFO - 2024-02-18 08:41:15 --> Session: Class initialized using 'CodeIgniter\Session\Handlers\FileHandler' driver.
INFO - 2024-02-18 08:41:15 --> Session: Class initialized using 'CodeIgniter\Session\Handlers\FileHandler' driver.
INFO - 2024-02-18 08:41:24 --> Session: Class initialized using 'CodeIgniter\Session\Handlers\FileHandler' driver.
INFO - 2024-02-18 08:42:02 --> Session: Class initialized using 'CodeIgniter\Session\Handlers\FileHandler' driver.
INFO - 2024-02-18 08:42:41 --> Session: Class initialized using 'CodeIgniter\Session\Handlers\FileHandler' driver.
INFO - 2024-02-18 08:43:11 --> Session: Class initialized using 'CodeIgniter\Session\Handlers\FileHandler' driver.
INFO - 2024-02-18 08:44:14 --> Session: Class initialized using 'CodeIgniter\Session\Handlers\FileHandler' driver.
INFO - 2024-02-18 08:53:46 --> Session: Class initialized using 'CodeIgniter\Session\Handlers\FileHandler' driver.
INFO - 2024-02-18 09:34:23 --> Session: Class initialized using 'CodeIgniter\Session\Handlers\FileHandler' driver.
INFO - 2024-02-18 09:36:29 --> Session: Class initialized using 'CodeIgniter\Session\Handlers\FileHandler' driver.
INFO - 2024-02-18 09:37:14 --> Session: Class initialized using 'CodeIgniter\Session\Handlers\FileHandler' driver.
INFO - 2024-02-18 09:37:26 --> Session: Class initialized using 'CodeIgniter\Session\Handlers\FileHandler' driver.
ERROR - 2024-02-18 09:37:30 --> ErrorException: pg_query(): Query failed: ERROR:  missing FROM-clause entry for table &quot;tbm_barangmasuk&quot;
LINE 1: ...me FROM tbl_barangmasuk LEFT JOIN tbm_supplier ON tbm_barang...
                                                             ^ in C:\xampp\htdocs\POS_CODEIGNITER\system\Database\Postgre\Connection.php:187
Stack trace:
#0 [internal function]: CodeIgniter\Debug\Exceptions->errorHandler(2, 'pg_query(): Que...', 'C:\\xampp\\htdocs...', 187, Array)
#1 C:\xampp\htdocs\POS_CODEIGNITER\system\Database\Postgre\Connection.php(187): pg_query(Resource id #120, 'SELECT barangma...')
#2 C:\xampp\htdocs\POS_CODEIGNITER\system\Database\BaseConnection.php(693): CodeIgniter\Database\Postgre\Connection->execute('SELECT barangma...')
#3 C:\xampp\htdocs\POS_CODEIGNITER\system\Database\BaseConnection.php(607): CodeIgniter\Database\BaseConnection->simpleQuery('SELECT barangma...')
#4 C:\xampp\htdocs\POS_CODEIGNITER\app\Controllers\BarangMasuk.php(16): CodeIgniter\Database\BaseConnection->query('SELECT barangma...', 'f')
#5 C:\xampp\htdocs\POS_CODEIGNITER\system\CodeIgniter.php(941): App\Controllers\BarangMasuk->index()
#6 C:\xampp\htdocs\POS_CODEIGNITER\system\CodeIgniter.php(502): CodeIgniter\CodeIgniter->runController(Object(App\Controllers\BarangMasuk))
#7 C:\xampp\htdocs\POS_CODEIGNITER\system\CodeIgniter.php(361): CodeIgniter\CodeIgniter->handleRequest(NULL, Object(Config\Cache), false)
#8 C:\xampp\htdocs\POS_CODEIGNITER\public\index.php(79): CodeIgniter\CodeIgniter->run()
#9 C:\xampp\htdocs\POS_CODEIGNITER\system\Commands\Server\rewrite.php(47): require_once('C:\\xampp\\htdocs...')
#10 {main}
CRITICAL - 2024-02-18 09:37:30 --> CodeIgniter\Database\Exceptions\DatabaseException: pg_query(): Query failed: ERROR:  missing FROM-clause entry for table &quot;tbm_barangmasuk&quot;
LINE 1: ...me FROM tbl_barangmasuk LEFT JOIN tbm_supplier ON tbm_barang...
                                                             ^
in SYSTEMPATH\Database\BaseConnection.php on line 647.
 1 APPPATH\Controllers\BarangMasuk.php(16): CodeIgniter\Database\BaseConnection->query('SELECT barangmasukid, barangmasukcode, qty, supplier_name FROM tbl_barangmasuk LEFT JOIN tbm_supplier ON tbm_barangmasuk.supplierid = tbm_supplier.supplierid WHERE tbl_barangmasuk.dlt =? ORDER BY barangmasukid DESC', 'f')
 2 SYSTEMPATH\CodeIgniter.php(941): App\Controllers\BarangMasuk->index()
 3 SYSTEMPATH\CodeIgniter.php(502): CodeIgniter\CodeIgniter->runController(Object(App\Controllers\BarangMasuk))
 4 SYSTEMPATH\CodeIgniter.php(361): CodeIgniter\CodeIgniter->handleRequest(null, Object(Config\Cache), false)
 5 FCPATH\index.php(79): CodeIgniter\CodeIgniter->run()
 6 SYSTEMPATH\Commands\Server\rewrite.php(47): require_once('C:\\xampp\\htdocs\\POS_CODEIGNITER\\public\\index.php')
CRITICAL - 2024-02-18 09:37:30 --> [Caused by] CodeIgniter\Database\Exceptions\DatabaseException: pg_query(): Query failed: ERROR:  missing FROM-clause entry for table &quot;tbm_barangmasuk&quot;
LINE 1: ...me FROM tbl_barangmasuk LEFT JOIN tbm_supplier ON tbm_barang...
                                                             ^
in SYSTEMPATH\Database\Postgre\Connection.php on line 192.
 1 SYSTEMPATH\Database\BaseConnection.php(693): CodeIgniter\Database\Postgre\Connection->execute('SELECT barangmasukid, barangmasukcode, qty, supplier_name FROM tbl_barangmasuk LEFT JOIN tbm_supplier ON tbm_barangmasuk.supplierid = tbm_supplier.supplierid WHERE tbl_barangmasuk.dlt =\'f\' ORDER BY barangmasukid DESC')
 2 SYSTEMPATH\Database\BaseConnection.php(607): CodeIgniter\Database\BaseConnection->simpleQuery('SELECT barangmasukid, barangmasukcode, qty, supplier_name FROM tbl_barangmasuk LEFT JOIN tbm_supplier ON tbm_barangmasuk.supplierid = tbm_supplier.supplierid WHERE tbl_barangmasuk.dlt =\'f\' ORDER BY barangmasukid DESC')
 3 APPPATH\Controllers\BarangMasuk.php(16): CodeIgniter\Database\BaseConnection->query('SELECT barangmasukid, barangmasukcode, qty, supplier_name FROM tbl_barangmasuk LEFT JOIN tbm_supplier ON tbm_barangmasuk.supplierid = tbm_supplier.supplierid WHERE tbl_barangmasuk.dlt =? ORDER BY barangmasukid DESC', 'f')
 4 SYSTEMPATH\CodeIgniter.php(941): App\Controllers\BarangMasuk->index()
 5 SYSTEMPATH\CodeIgniter.php(502): CodeIgniter\CodeIgniter->runController(Object(App\Controllers\BarangMasuk))
 6 SYSTEMPATH\CodeIgniter.php(361): CodeIgniter\CodeIgniter->handleRequest(null, Object(Config\Cache), false)
 7 FCPATH\index.php(79): CodeIgniter\CodeIgniter->run()
 8 SYSTEMPATH\Commands\Server\rewrite.php(47): require_once('C:\\xampp\\htdocs\\POS_CODEIGNITER\\public\\index.php')
CRITICAL - 2024-02-18 09:37:30 --> [Caused by] ErrorException: pg_query(): Query failed: ERROR:  missing FROM-clause entry for table &quot;tbm_barangmasuk&quot;
LINE 1: ...me FROM tbl_barangmasuk LEFT JOIN tbm_supplier ON tbm_barang...
                                                             ^
in SYSTEMPATH\Database\Postgre\Connection.php on line 187.
 1 [internal function]: CodeIgniter\Debug\Exceptions->errorHandler(2, 'pg_query(): Query failed: ERROR:  missing FROM-clause entry for table &quot;tbm_barangmasuk&quot;
LINE 1: ...me FROM tbl_barangmasuk LEFT JOIN tbm_supplier ON tbm_barang...
                                                             ^', 'C:\\xampp\\htdocs\\POS_CODEIGNITER\\system\\Database\\Postgre\\Connection.php', 187, [...])
 2 SYSTEMPATH\Database\Postgre\Connection.php(187): pg_query(resource (pgsql link), 'SELECT barangmasukid, barangmasukcode, qty, supplier_name FROM tbl_barangmasuk LEFT JOIN tbm_supplier ON tbm_barangmasuk.supplierid = tbm_supplier.supplierid WHERE tbl_barangmasuk.dlt =\'f\' ORDER BY barangmasukid DESC')
 3 SYSTEMPATH\Database\BaseConnection.php(693): CodeIgniter\Database\Postgre\Connection->execute('SELECT barangmasukid, barangmasukcode, qty, supplier_name FROM tbl_barangmasuk LEFT JOIN tbm_supplier ON tbm_barangmasuk.supplierid = tbm_supplier.supplierid WHERE tbl_barangmasuk.dlt =\'f\' ORDER BY barangmasukid DESC')
 4 SYSTEMPATH\Database\BaseConnection.php(607): CodeIgniter\Database\BaseConnection->simpleQuery('SELECT barangmasukid, barangmasukcode, qty, supplier_name FROM tbl_barangmasuk LEFT JOIN tbm_supplier ON tbm_barangmasuk.supplierid = tbm_supplier.supplierid WHERE tbl_barangmasuk.dlt =\'f\' ORDER BY barangmasukid DESC')
 5 APPPATH\Controllers\BarangMasuk.php(16): CodeIgniter\Database\BaseConnection->query('SELECT barangmasukid, barangmasukcode, qty, supplier_name FROM tbl_barangmasuk LEFT JOIN tbm_supplier ON tbm_barangmasuk.supplierid = tbm_supplier.supplierid WHERE tbl_barangmasuk.dlt =? ORDER BY barangmasukid DESC', 'f')
 6 SYSTEMPATH\CodeIgniter.php(941): App\Controllers\BarangMasuk->index()
 7 SYSTEMPATH\CodeIgniter.php(502): CodeIgniter\CodeIgniter->runController(Object(App\Controllers\BarangMasuk))
 8 SYSTEMPATH\CodeIgniter.php(361): CodeIgniter\CodeIgniter->handleRequest(null, Object(Config\Cache), false)
 9 FCPATH\index.php(79): CodeIgniter\CodeIgniter->run()
10 SYSTEMPATH\Commands\Server\rewrite.php(47): require_once('C:\\xampp\\htdocs\\POS_CODEIGNITER\\public\\index.php')
ERROR - 2024-02-18 09:39:06 --> ErrorException: pg_query(): Query failed: ERROR:  missing FROM-clause entry for table &quot;tbm_barangmasuk&quot;
LINE 1: ...me FROM tbl_barangmasuk LEFT JOIN tbm_supplier ON tbm_barang...
                                                             ^ in C:\xampp\htdocs\POS_CODEIGNITER\system\Database\Postgre\Connection.php:187
Stack trace:
#0 [internal function]: CodeIgniter\Debug\Exceptions->errorHandler(2, 'pg_query(): Que...', 'C:\\xampp\\htdocs...', 187, Array)
#1 C:\xampp\htdocs\POS_CODEIGNITER\system\Database\Postgre\Connection.php(187): pg_query(Resource id #120, 'SELECT tbl_bara...')
#2 C:\xampp\htdocs\POS_CODEIGNITER\system\Database\BaseConnection.php(693): CodeIgniter\Database\Postgre\Connection->execute('SELECT tbl_bara...')
#3 C:\xampp\htdocs\POS_CODEIGNITER\system\Database\BaseConnection.php(607): CodeIgniter\Database\BaseConnection->simpleQuery('SELECT tbl_bara...')
#4 C:\xampp\htdocs\POS_CODEIGNITER\app\Controllers\BarangMasuk.php(16): CodeIgniter\Database\BaseConnection->query('SELECT tbl_bara...', 'f')
#5 C:\xampp\htdocs\POS_CODEIGNITER\system\CodeIgniter.php(941): App\Controllers\BarangMasuk->index()
#6 C:\xampp\htdocs\POS_CODEIGNITER\system\CodeIgniter.php(502): CodeIgniter\CodeIgniter->runController(Object(App\Controllers\BarangMasuk))
#7 C:\xampp\htdocs\POS_CODEIGNITER\system\CodeIgniter.php(361): CodeIgniter\CodeIgniter->handleRequest(NULL, Object(Config\Cache), false)
#8 C:\xampp\htdocs\POS_CODEIGNITER\public\index.php(79): CodeIgniter\CodeIgniter->run()
#9 C:\xampp\htdocs\POS_CODEIGNITER\system\Commands\Server\rewrite.php(47): require_once('C:\\xampp\\htdocs...')
#10 {main}
CRITICAL - 2024-02-18 09:39:06 --> CodeIgniter\Database\Exceptions\DatabaseException: pg_query(): Query failed: ERROR:  missing FROM-clause entry for table &quot;tbm_barangmasuk&quot;
LINE 1: ...me FROM tbl_barangmasuk LEFT JOIN tbm_supplier ON tbm_barang...
                                                             ^
in SYSTEMPATH\Database\BaseConnection.php on line 647.
 1 APPPATH\Controllers\BarangMasuk.php(16): CodeIgniter\Database\BaseConnection->query('SELECT tbl_barangmasuk.barangmasukid, tbl_barangmasuk.barangmasukcode, tbl_barangmasuk.qty, tbm_supplier.supplier_name FROM tbl_barangmasuk LEFT JOIN tbm_supplier ON tbm_barangmasuk.supplierid = tbm_supplier.supplierid WHERE tbl_barangmasuk.dlt =? ORDER BY tbl_barangmasuk.barangmasukid DESC', 'f')
 2 SYSTEMPATH\CodeIgniter.php(941): App\Controllers\BarangMasuk->index()
 3 SYSTEMPATH\CodeIgniter.php(502): CodeIgniter\CodeIgniter->runController(Object(App\Controllers\BarangMasuk))
 4 SYSTEMPATH\CodeIgniter.php(361): CodeIgniter\CodeIgniter->handleRequest(null, Object(Config\Cache), false)
 5 FCPATH\index.php(79): CodeIgniter\CodeIgniter->run()
 6 SYSTEMPATH\Commands\Server\rewrite.php(47): require_once('C:\\xampp\\htdocs\\POS_CODEIGNITER\\public\\index.php')
CRITICAL - 2024-02-18 09:39:06 --> [Caused by] CodeIgniter\Database\Exceptions\DatabaseException: pg_query(): Query failed: ERROR:  missing FROM-clause entry for table &quot;tbm_barangmasuk&quot;
LINE 1: ...me FROM tbl_barangmasuk LEFT JOIN tbm_supplier ON tbm_barang...
                                                             ^
in SYSTEMPATH\Database\Postgre\Connection.php on line 192.
 1 SYSTEMPATH\Database\BaseConnection.php(693): CodeIgniter\Database\Postgre\Connection->execute('SELECT tbl_barangmasuk.barangmasukid, tbl_barangmasuk.barangmasukcode, tbl_barangmasuk.qty, tbm_supplier.supplier_name FROM tbl_barangmasuk LEFT JOIN tbm_supplier ON tbm_barangmasuk.supplierid = tbm_supplier.supplierid WHERE tbl_barangmasuk.dlt =\'f\' ORDER BY tbl_barangmasuk.barangmasukid DESC')
 2 SYSTEMPATH\Database\BaseConnection.php(607): CodeIgniter\Database\BaseConnection->simpleQuery('SELECT tbl_barangmasuk.barangmasukid, tbl_barangmasuk.barangmasukcode, tbl_barangmasuk.qty, tbm_supplier.supplier_name FROM tbl_barangmasuk LEFT JOIN tbm_supplier ON tbm_barangmasuk.supplierid = tbm_supplier.supplierid WHERE tbl_barangmasuk.dlt =\'f\' ORDER BY tbl_barangmasuk.barangmasukid DESC')
 3 APPPATH\Controllers\BarangMasuk.php(16): CodeIgniter\Database\BaseConnection->query('SELECT tbl_barangmasuk.barangmasukid, tbl_barangmasuk.barangmasukcode, tbl_barangmasuk.qty, tbm_supplier.supplier_name FROM tbl_barangmasuk LEFT JOIN tbm_supplier ON tbm_barangmasuk.supplierid = tbm_supplier.supplierid WHERE tbl_barangmasuk.dlt =? ORDER BY tbl_barangmasuk.barangmasukid DESC', 'f')
 4 SYSTEMPATH\CodeIgniter.php(941): App\Controllers\BarangMasuk->index()
 5 SYSTEMPATH\CodeIgniter.php(502): CodeIgniter\CodeIgniter->runController(Object(App\Controllers\BarangMasuk))
 6 SYSTEMPATH\CodeIgniter.php(361): CodeIgniter\CodeIgniter->handleRequest(null, Object(Config\Cache), false)
 7 FCPATH\index.php(79): CodeIgniter\CodeIgniter->run()
 8 SYSTEMPATH\Commands\Server\rewrite.php(47): require_once('C:\\xampp\\htdocs\\POS_CODEIGNITER\\public\\index.php')
CRITICAL - 2024-02-18 09:39:06 --> [Caused by] ErrorException: pg_query(): Query failed: ERROR:  missing FROM-clause entry for table &quot;tbm_barangmasuk&quot;
LINE 1: ...me FROM tbl_barangmasuk LEFT JOIN tbm_supplier ON tbm_barang...
                                                             ^
in SYSTEMPATH\Database\Postgre\Connection.php on line 187.
 1 [internal function]: CodeIgniter\Debug\Exceptions->errorHandler(2, 'pg_query(): Query failed: ERROR:  missing FROM-clause entry for table &quot;tbm_barangmasuk&quot;
LINE 1: ...me FROM tbl_barangmasuk LEFT JOIN tbm_supplier ON tbm_barang...
                                                             ^', 'C:\\xampp\\htdocs\\POS_CODEIGNITER\\system\\Database\\Postgre\\Connection.php', 187, [...])
 2 SYSTEMPATH\Database\Postgre\Connection.php(187): pg_query(resource (pgsql link), 'SELECT tbl_barangmasuk.barangmasukid, tbl_barangmasuk.barangmasukcode, tbl_barangmasuk.qty, tbm_supplier.supplier_name FROM tbl_barangmasuk LEFT JOIN tbm_supplier ON tbm_barangmasuk.supplierid = tbm_supplier.supplierid WHERE tbl_barangmasuk.dlt =\'f\' ORDER BY tbl_barangmasuk.barangmasukid DESC')
 3 SYSTEMPATH\Database\BaseConnection.php(693): CodeIgniter\Database\Postgre\Connection->execute('SELECT tbl_barangmasuk.barangmasukid, tbl_barangmasuk.barangmasukcode, tbl_barangmasuk.qty, tbm_supplier.supplier_name FROM tbl_barangmasuk LEFT JOIN tbm_supplier ON tbm_barangmasuk.supplierid = tbm_supplier.supplierid WHERE tbl_barangmasuk.dlt =\'f\' ORDER BY tbl_barangmasuk.barangmasukid DESC')
 4 SYSTEMPATH\Database\BaseConnection.php(607): CodeIgniter\Database\BaseConnection->simpleQuery('SELECT tbl_barangmasuk.barangmasukid, tbl_barangmasuk.barangmasukcode, tbl_barangmasuk.qty, tbm_supplier.supplier_name FROM tbl_barangmasuk LEFT JOIN tbm_supplier ON tbm_barangmasuk.supplierid = tbm_supplier.supplierid WHERE tbl_barangmasuk.dlt =\'f\' ORDER BY tbl_barangmasuk.barangmasukid DESC')
 5 APPPATH\Controllers\BarangMasuk.php(16): CodeIgniter\Database\BaseConnection->query('SELECT tbl_barangmasuk.barangmasukid, tbl_barangmasuk.barangmasukcode, tbl_barangmasuk.qty, tbm_supplier.supplier_name FROM tbl_barangmasuk LEFT JOIN tbm_supplier ON tbm_barangmasuk.supplierid = tbm_supplier.supplierid WHERE tbl_barangmasuk.dlt =? ORDER BY tbl_barangmasuk.barangmasukid DESC', 'f')
 6 SYSTEMPATH\CodeIgniter.php(941): App\Controllers\BarangMasuk->index()
 7 SYSTEMPATH\CodeIgniter.php(502): CodeIgniter\CodeIgniter->runController(Object(App\Controllers\BarangMasuk))
 8 SYSTEMPATH\CodeIgniter.php(361): CodeIgniter\CodeIgniter->handleRequest(null, Object(Config\Cache), false)
 9 FCPATH\index.php(79): CodeIgniter\CodeIgniter->run()
10 SYSTEMPATH\Commands\Server\rewrite.php(47): require_once('C:\\xampp\\htdocs\\POS_CODEIGNITER\\public\\index.php')
INFO - 2024-02-18 09:39:48 --> Session: Class initialized using 'CodeIgniter\Session\Handlers\FileHandler' driver.
ERROR - 2024-02-18 09:40:08 --> ErrorException: pg_query(): Query failed: ERROR:  missing FROM-clause entry for table &quot;tbm_barangmasuk&quot;
LINE 1: ...er_name FROM tbl_barangmasuk JOIN tbm_supplier ON tbm_barang...
                                                             ^ in C:\xampp\htdocs\POS_CODEIGNITER\system\Database\Postgre\Connection.php:187
Stack trace:
#0 [internal function]: CodeIgniter\Debug\Exceptions->errorHandler(2, 'pg_query(): Que...', 'C:\\xampp\\htdocs...', 187, Array)
#1 C:\xampp\htdocs\POS_CODEIGNITER\system\Database\Postgre\Connection.php(187): pg_query(Resource id #120, 'SELECT tbl_bara...')
#2 C:\xampp\htdocs\POS_CODEIGNITER\system\Database\BaseConnection.php(693): CodeIgniter\Database\Postgre\Connection->execute('SELECT tbl_bara...')
#3 C:\xampp\htdocs\POS_CODEIGNITER\system\Database\BaseConnection.php(607): CodeIgniter\Database\BaseConnection->simpleQuery('SELECT tbl_bara...')
#4 C:\xampp\htdocs\POS_CODEIGNITER\app\Controllers\BarangMasuk.php(16): CodeIgniter\Database\BaseConnection->query('SELECT tbl_bara...', 'f')
#5 C:\xampp\htdocs\POS_CODEIGNITER\system\CodeIgniter.php(941): App\Controllers\BarangMasuk->index()
#6 C:\xampp\htdocs\POS_CODEIGNITER\system\CodeIgniter.php(502): CodeIgniter\CodeIgniter->runController(Object(App\Controllers\BarangMasuk))
#7 C:\xampp\htdocs\POS_CODEIGNITER\system\CodeIgniter.php(361): CodeIgniter\CodeIgniter->handleRequest(NULL, Object(Config\Cache), false)
#8 C:\xampp\htdocs\POS_CODEIGNITER\public\index.php(79): CodeIgniter\CodeIgniter->run()
#9 C:\xampp\htdocs\POS_CODEIGNITER\system\Commands\Server\rewrite.php(47): require_once('C:\\xampp\\htdocs...')
#10 {main}
CRITICAL - 2024-02-18 09:40:08 --> CodeIgniter\Database\Exceptions\DatabaseException: pg_query(): Query failed: ERROR:  missing FROM-clause entry for table &quot;tbm_barangmasuk&quot;
LINE 1: ...er_name FROM tbl_barangmasuk JOIN tbm_supplier ON tbm_barang...
                                                             ^
in SYSTEMPATH\Database\BaseConnection.php on line 647.
 1 APPPATH\Controllers\BarangMasuk.php(16): CodeIgniter\Database\BaseConnection->query('SELECT tbl_barangmasuk.barangmasukid, tbl_barangmasuk.barangmasukcode, tbl_barangmasuk.qty, tbm_supplier.supplier_name FROM tbl_barangmasuk JOIN tbm_supplier ON tbm_barangmasuk.supplierid = tbm_supplier.supplierid WHERE tbl_barangmasuk.dlt =? ORDER BY tbl_barangmasuk.barangmasukid DESC', 'f')
 2 SYSTEMPATH\CodeIgniter.php(941): App\Controllers\BarangMasuk->index()
 3 SYSTEMPATH\CodeIgniter.php(502): CodeIgniter\CodeIgniter->runController(Object(App\Controllers\BarangMasuk))
 4 SYSTEMPATH\CodeIgniter.php(361): CodeIgniter\CodeIgniter->handleRequest(null, Object(Config\Cache), false)
 5 FCPATH\index.php(79): CodeIgniter\CodeIgniter->run()
 6 SYSTEMPATH\Commands\Server\rewrite.php(47): require_once('C:\\xampp\\htdocs\\POS_CODEIGNITER\\public\\index.php')
CRITICAL - 2024-02-18 09:40:08 --> [Caused by] CodeIgniter\Database\Exceptions\DatabaseException: pg_query(): Query failed: ERROR:  missing FROM-clause entry for table &quot;tbm_barangmasuk&quot;
LINE 1: ...er_name FROM tbl_barangmasuk JOIN tbm_supplier ON tbm_barang...
                                                             ^
in SYSTEMPATH\Database\Postgre\Connection.php on line 192.
 1 SYSTEMPATH\Database\BaseConnection.php(693): CodeIgniter\Database\Postgre\Connection->execute('SELECT tbl_barangmasuk.barangmasukid, tbl_barangmasuk.barangmasukcode, tbl_barangmasuk.qty, tbm_supplier.supplier_name FROM tbl_barangmasuk JOIN tbm_supplier ON tbm_barangmasuk.supplierid = tbm_supplier.supplierid WHERE tbl_barangmasuk.dlt =\'f\' ORDER BY tbl_barangmasuk.barangmasukid DESC')
 2 SYSTEMPATH\Database\BaseConnection.php(607): CodeIgniter\Database\BaseConnection->simpleQuery('SELECT tbl_barangmasuk.barangmasukid, tbl_barangmasuk.barangmasukcode, tbl_barangmasuk.qty, tbm_supplier.supplier_name FROM tbl_barangmasuk JOIN tbm_supplier ON tbm_barangmasuk.supplierid = tbm_supplier.supplierid WHERE tbl_barangmasuk.dlt =\'f\' ORDER BY tbl_barangmasuk.barangmasukid DESC')
 3 APPPATH\Controllers\BarangMasuk.php(16): CodeIgniter\Database\BaseConnection->query('SELECT tbl_barangmasuk.barangmasukid, tbl_barangmasuk.barangmasukcode, tbl_barangmasuk.qty, tbm_supplier.supplier_name FROM tbl_barangmasuk JOIN tbm_supplier ON tbm_barangmasuk.supplierid = tbm_supplier.supplierid WHERE tbl_barangmasuk.dlt =? ORDER BY tbl_barangmasuk.barangmasukid DESC', 'f')
 4 SYSTEMPATH\CodeIgniter.php(941): App\Controllers\BarangMasuk->index()
 5 SYSTEMPATH\CodeIgniter.php(502): CodeIgniter\CodeIgniter->runController(Object(App\Controllers\BarangMasuk))
 6 SYSTEMPATH\CodeIgniter.php(361): CodeIgniter\CodeIgniter->handleRequest(null, Object(Config\Cache), false)
 7 FCPATH\index.php(79): CodeIgniter\CodeIgniter->run()
 8 SYSTEMPATH\Commands\Server\rewrite.php(47): require_once('C:\\xampp\\htdocs\\POS_CODEIGNITER\\public\\index.php')
CRITICAL - 2024-02-18 09:40:08 --> [Caused by] ErrorException: pg_query(): Query failed: ERROR:  missing FROM-clause entry for table &quot;tbm_barangmasuk&quot;
LINE 1: ...er_name FROM tbl_barangmasuk JOIN tbm_supplier ON tbm_barang...
                                                             ^
in SYSTEMPATH\Database\Postgre\Connection.php on line 187.
 1 [internal function]: CodeIgniter\Debug\Exceptions->errorHandler(2, 'pg_query(): Query failed: ERROR:  missing FROM-clause entry for table &quot;tbm_barangmasuk&quot;
LINE 1: ...er_name FROM tbl_barangmasuk JOIN tbm_supplier ON tbm_barang...
                                                             ^', 'C:\\xampp\\htdocs\\POS_CODEIGNITER\\system\\Database\\Postgre\\Connection.php', 187, [...])
 2 SYSTEMPATH\Database\Postgre\Connection.php(187): pg_query(resource (pgsql link), 'SELECT tbl_barangmasuk.barangmasukid, tbl_barangmasuk.barangmasukcode, tbl_barangmasuk.qty, tbm_supplier.supplier_name FROM tbl_barangmasuk JOIN tbm_supplier ON tbm_barangmasuk.supplierid = tbm_supplier.supplierid WHERE tbl_barangmasuk.dlt =\'f\' ORDER BY tbl_barangmasuk.barangmasukid DESC')
 3 SYSTEMPATH\Database\BaseConnection.php(693): CodeIgniter\Database\Postgre\Connection->execute('SELECT tbl_barangmasuk.barangmasukid, tbl_barangmasuk.barangmasukcode, tbl_barangmasuk.qty, tbm_supplier.supplier_name FROM tbl_barangmasuk JOIN tbm_supplier ON tbm_barangmasuk.supplierid = tbm_supplier.supplierid WHERE tbl_barangmasuk.dlt =\'f\' ORDER BY tbl_barangmasuk.barangmasukid DESC')
 4 SYSTEMPATH\Database\BaseConnection.php(607): CodeIgniter\Database\BaseConnection->simpleQuery('SELECT tbl_barangmasuk.barangmasukid, tbl_barangmasuk.barangmasukcode, tbl_barangmasuk.qty, tbm_supplier.supplier_name FROM tbl_barangmasuk JOIN tbm_supplier ON tbm_barangmasuk.supplierid = tbm_supplier.supplierid WHERE tbl_barangmasuk.dlt =\'f\' ORDER BY tbl_barangmasuk.barangmasukid DESC')
 5 APPPATH\Controllers\BarangMasuk.php(16): CodeIgniter\Database\BaseConnection->query('SELECT tbl_barangmasuk.barangmasukid, tbl_barangmasuk.barangmasukcode, tbl_barangmasuk.qty, tbm_supplier.supplier_name FROM tbl_barangmasuk JOIN tbm_supplier ON tbm_barangmasuk.supplierid = tbm_supplier.supplierid WHERE tbl_barangmasuk.dlt =? ORDER BY tbl_barangmasuk.barangmasukid DESC', 'f')
 6 SYSTEMPATH\CodeIgniter.php(941): App\Controllers\BarangMasuk->index()
 7 SYSTEMPATH\CodeIgniter.php(502): CodeIgniter\CodeIgniter->runController(Object(App\Controllers\BarangMasuk))
 8 SYSTEMPATH\CodeIgniter.php(361): CodeIgniter\CodeIgniter->handleRequest(null, Object(Config\Cache), false)
 9 FCPATH\index.php(79): CodeIgniter\CodeIgniter->run()
10 SYSTEMPATH\Commands\Server\rewrite.php(47): require_once('C:\\xampp\\htdocs\\POS_CODEIGNITER\\public\\index.php')
ERROR - 2024-02-18 09:42:25 --> ErrorException: pg_query(): Query failed: ERROR:  missing FROM-clause entry for table &quot;tbm_barangmasuk&quot;
LINE 1: ...upplier FROM tbl_barangmasuk JOIN tbm_supplier ON tbm_barang...
                                                             ^ in C:\xampp\htdocs\POS_CODEIGNITER\system\Database\Postgre\Connection.php:187
Stack trace:
#0 [internal function]: CodeIgniter\Debug\Exceptions->errorHandler(2, 'pg_query(): Que...', 'C:\\xampp\\htdocs...', 187, Array)
#1 C:\xampp\htdocs\POS_CODEIGNITER\system\Database\Postgre\Connection.php(187): pg_query(Resource id #120, 'SELECT tbl_bara...')
#2 C:\xampp\htdocs\POS_CODEIGNITER\system\Database\BaseConnection.php(693): CodeIgniter\Database\Postgre\Connection->execute('SELECT tbl_bara...')
#3 C:\xampp\htdocs\POS_CODEIGNITER\system\Database\BaseConnection.php(607): CodeIgniter\Database\BaseConnection->simpleQuery('SELECT tbl_bara...')
#4 C:\xampp\htdocs\POS_CODEIGNITER\app\Controllers\BarangMasuk.php(16): CodeIgniter\Database\BaseConnection->query('SELECT tbl_bara...', 'f')
#5 C:\xampp\htdocs\POS_CODEIGNITER\system\CodeIgniter.php(941): App\Controllers\BarangMasuk->index()
#6 C:\xampp\htdocs\POS_CODEIGNITER\system\CodeIgniter.php(502): CodeIgniter\CodeIgniter->runController(Object(App\Controllers\BarangMasuk))
#7 C:\xampp\htdocs\POS_CODEIGNITER\system\CodeIgniter.php(361): CodeIgniter\CodeIgniter->handleRequest(NULL, Object(Config\Cache), false)
#8 C:\xampp\htdocs\POS_CODEIGNITER\public\index.php(79): CodeIgniter\CodeIgniter->run()
#9 C:\xampp\htdocs\POS_CODEIGNITER\system\Commands\Server\rewrite.php(47): require_once('C:\\xampp\\htdocs...')
#10 {main}
CRITICAL - 2024-02-18 09:42:25 --> CodeIgniter\Database\Exceptions\DatabaseException: pg_query(): Query failed: ERROR:  missing FROM-clause entry for table &quot;tbm_barangmasuk&quot;
LINE 1: ...upplier FROM tbl_barangmasuk JOIN tbm_supplier ON tbm_barang...
                                                             ^
in SYSTEMPATH\Database\BaseConnection.php on line 647.
 1 APPPATH\Controllers\BarangMasuk.php(16): CodeIgniter\Database\BaseConnection->query('SELECT tbl_barangmasuk.barangmasukid as id, tbl_barangmasuk.barangmasukcode as kodebarangmasuk, tbl_barangmasuk.qty as jumlah, tbm_supplier.supplier_name as namasupplier FROM tbl_barangmasuk JOIN tbm_supplier ON tbm_barangmasuk.supplierid = tbm_supplier.supplierid WHERE tbl_barangmasuk.dlt =? ORDER BY tbl_barangmasuk.barangmasukid DESC', 'f')
 2 SYSTEMPATH\CodeIgniter.php(941): App\Controllers\BarangMasuk->index()
 3 SYSTEMPATH\CodeIgniter.php(502): CodeIgniter\CodeIgniter->runController(Object(App\Controllers\BarangMasuk))
 4 SYSTEMPATH\CodeIgniter.php(361): CodeIgniter\CodeIgniter->handleRequest(null, Object(Config\Cache), false)
 5 FCPATH\index.php(79): CodeIgniter\CodeIgniter->run()
 6 SYSTEMPATH\Commands\Server\rewrite.php(47): require_once('C:\\xampp\\htdocs\\POS_CODEIGNITER\\public\\index.php')
CRITICAL - 2024-02-18 09:42:25 --> [Caused by] CodeIgniter\Database\Exceptions\DatabaseException: pg_query(): Query failed: ERROR:  missing FROM-clause entry for table &quot;tbm_barangmasuk&quot;
LINE 1: ...upplier FROM tbl_barangmasuk JOIN tbm_supplier ON tbm_barang...
                                                             ^
in SYSTEMPATH\Database\Postgre\Connection.php on line 192.
 1 SYSTEMPATH\Database\BaseConnection.php(693): CodeIgniter\Database\Postgre\Connection->execute('SELECT tbl_barangmasuk.barangmasukid as id, tbl_barangmasuk.barangmasukcode as kodebarangmasuk, tbl_barangmasuk.qty as jumlah, tbm_supplier.supplier_name as namasupplier FROM tbl_barangmasuk JOIN tbm_supplier ON tbm_barangmasuk.supplierid = tbm_supplier.supplierid WHERE tbl_barangmasuk.dlt =\'f\' ORDER BY tbl_barangmasuk.barangmasukid DESC')
 2 SYSTEMPATH\Database\BaseConnection.php(607): CodeIgniter\Database\BaseConnection->simpleQuery('SELECT tbl_barangmasuk.barangmasukid as id, tbl_barangmasuk.barangmasukcode as kodebarangmasuk, tbl_barangmasuk.qty as jumlah, tbm_supplier.supplier_name as namasupplier FROM tbl_barangmasuk JOIN tbm_supplier ON tbm_barangmasuk.supplierid = tbm_supplier.supplierid WHERE tbl_barangmasuk.dlt =\'f\' ORDER BY tbl_barangmasuk.barangmasukid DESC')
 3 APPPATH\Controllers\BarangMasuk.php(16): CodeIgniter\Database\BaseConnection->query('SELECT tbl_barangmasuk.barangmasukid as id, tbl_barangmasuk.barangmasukcode as kodebarangmasuk, tbl_barangmasuk.qty as jumlah, tbm_supplier.supplier_name as namasupplier FROM tbl_barangmasuk JOIN tbm_supplier ON tbm_barangmasuk.supplierid = tbm_supplier.supplierid WHERE tbl_barangmasuk.dlt =? ORDER BY tbl_barangmasuk.barangmasukid DESC', 'f')
 4 SYSTEMPATH\CodeIgniter.php(941): App\Controllers\BarangMasuk->index()
 5 SYSTEMPATH\CodeIgniter.php(502): CodeIgniter\CodeIgniter->runController(Object(App\Controllers\BarangMasuk))
 6 SYSTEMPATH\CodeIgniter.php(361): CodeIgniter\CodeIgniter->handleRequest(null, Object(Config\Cache), false)
 7 FCPATH\index.php(79): CodeIgniter\CodeIgniter->run()
 8 SYSTEMPATH\Commands\Server\rewrite.php(47): require_once('C:\\xampp\\htdocs\\POS_CODEIGNITER\\public\\index.php')
CRITICAL - 2024-02-18 09:42:25 --> [Caused by] ErrorException: pg_query(): Query failed: ERROR:  missing FROM-clause entry for table &quot;tbm_barangmasuk&quot;
LINE 1: ...upplier FROM tbl_barangmasuk JOIN tbm_supplier ON tbm_barang...
                                                             ^
in SYSTEMPATH\Database\Postgre\Connection.php on line 187.
 1 [internal function]: CodeIgniter\Debug\Exceptions->errorHandler(2, 'pg_query(): Query failed: ERROR:  missing FROM-clause entry for table &quot;tbm_barangmasuk&quot;
LINE 1: ...upplier FROM tbl_barangmasuk JOIN tbm_supplier ON tbm_barang...
                                                             ^', 'C:\\xampp\\htdocs\\POS_CODEIGNITER\\system\\Database\\Postgre\\Connection.php', 187, [...])
 2 SYSTEMPATH\Database\Postgre\Connection.php(187): pg_query(resource (pgsql link), 'SELECT tbl_barangmasuk.barangmasukid as id, tbl_barangmasuk.barangmasukcode as kodebarangmasuk, tbl_barangmasuk.qty as jumlah, tbm_supplier.supplier_name as namasupplier FROM tbl_barangmasuk JOIN tbm_supplier ON tbm_barangmasuk.supplierid = tbm_supplier.supplierid WHERE tbl_barangmasuk.dlt =\'f\' ORDER BY tbl_barangmasuk.barangmasukid DESC')
 3 SYSTEMPATH\Database\BaseConnection.php(693): CodeIgniter\Database\Postgre\Connection->execute('SELECT tbl_barangmasuk.barangmasukid as id, tbl_barangmasuk.barangmasukcode as kodebarangmasuk, tbl_barangmasuk.qty as jumlah, tbm_supplier.supplier_name as namasupplier FROM tbl_barangmasuk JOIN tbm_supplier ON tbm_barangmasuk.supplierid = tbm_supplier.supplierid WHERE tbl_barangmasuk.dlt =\'f\' ORDER BY tbl_barangmasuk.barangmasukid DESC')
 4 SYSTEMPATH\Database\BaseConnection.php(607): CodeIgniter\Database\BaseConnection->simpleQuery('SELECT tbl_barangmasuk.barangmasukid as id, tbl_barangmasuk.barangmasukcode as kodebarangmasuk, tbl_barangmasuk.qty as jumlah, tbm_supplier.supplier_name as namasupplier FROM tbl_barangmasuk JOIN tbm_supplier ON tbm_barangmasuk.supplierid = tbm_supplier.supplierid WHERE tbl_barangmasuk.dlt =\'f\' ORDER BY tbl_barangmasuk.barangmasukid DESC')
 5 APPPATH\Controllers\BarangMasuk.php(16): CodeIgniter\Database\BaseConnection->query('SELECT tbl_barangmasuk.barangmasukid as id, tbl_barangmasuk.barangmasukcode as kodebarangmasuk, tbl_barangmasuk.qty as jumlah, tbm_supplier.supplier_name as namasupplier FROM tbl_barangmasuk JOIN tbm_supplier ON tbm_barangmasuk.supplierid = tbm_supplier.supplierid WHERE tbl_barangmasuk.dlt =? ORDER BY tbl_barangmasuk.barangmasukid DESC', 'f')
 6 SYSTEMPATH\CodeIgniter.php(941): App\Controllers\BarangMasuk->index()
 7 SYSTEMPATH\CodeIgniter.php(502): CodeIgniter\CodeIgniter->runController(Object(App\Controllers\BarangMasuk))
 8 SYSTEMPATH\CodeIgniter.php(361): CodeIgniter\CodeIgniter->handleRequest(null, Object(Config\Cache), false)
 9 FCPATH\index.php(79): CodeIgniter\CodeIgniter->run()
10 SYSTEMPATH\Commands\Server\rewrite.php(47): require_once('C:\\xampp\\htdocs\\POS_CODEIGNITER\\public\\index.php')
ERROR - 2024-02-18 09:44:19 --> ErrorException: pg_query(): Query failed: ERROR:  missing FROM-clause entry for table &quot;tbm_barangmasuk&quot;
LINE 1: ...upplier FROM tbl_barangmasuk JOIN tbm_supplier ON tbm_barang...
                                                             ^ in C:\xampp\htdocs\POS_CODEIGNITER\system\Database\Postgre\Connection.php:187
Stack trace:
#0 [internal function]: CodeIgniter\Debug\Exceptions->errorHandler(2, 'pg_query(): Que...', 'C:\\xampp\\htdocs...', 187, Array)
#1 C:\xampp\htdocs\POS_CODEIGNITER\system\Database\Postgre\Connection.php(187): pg_query(Resource id #120, 'SELECT tbl_bara...')
#2 C:\xampp\htdocs\POS_CODEIGNITER\system\Database\BaseConnection.php(693): CodeIgniter\Database\Postgre\Connection->execute('SELECT tbl_bara...')
#3 C:\xampp\htdocs\POS_CODEIGNITER\system\Database\BaseConnection.php(607): CodeIgniter\Database\BaseConnection->simpleQuery('SELECT tbl_bara...')
#4 C:\xampp\htdocs\POS_CODEIGNITER\app\Controllers\BarangMasuk.php(16): CodeIgniter\Database\BaseConnection->query('SELECT tbl_bara...', 'f')
#5 C:\xampp\htdocs\POS_CODEIGNITER\system\CodeIgniter.php(941): App\Controllers\BarangMasuk->index()
#6 C:\xampp\htdocs\POS_CODEIGNITER\system\CodeIgniter.php(502): CodeIgniter\CodeIgniter->runController(Object(App\Controllers\BarangMasuk))
#7 C:\xampp\htdocs\POS_CODEIGNITER\system\CodeIgniter.php(361): CodeIgniter\CodeIgniter->handleRequest(NULL, Object(Config\Cache), false)
#8 C:\xampp\htdocs\POS_CODEIGNITER\public\index.php(79): CodeIgniter\CodeIgniter->run()
#9 C:\xampp\htdocs\POS_CODEIGNITER\system\Commands\Server\rewrite.php(47): require_once('C:\\xampp\\htdocs...')
#10 {main}
CRITICAL - 2024-02-18 09:44:19 --> CodeIgniter\Database\Exceptions\DatabaseException: pg_query(): Query failed: ERROR:  missing FROM-clause entry for table &quot;tbm_barangmasuk&quot;
LINE 1: ...upplier FROM tbl_barangmasuk JOIN tbm_supplier ON tbm_barang...
                                                             ^
in SYSTEMPATH\Database\BaseConnection.php on line 647.
 1 APPPATH\Controllers\BarangMasuk.php(16): CodeIgniter\Database\BaseConnection->query('SELECT tbl_barangmasuk.barangmasukid as id, tbl_barangmasuk.barangmasukcode as kodebarangmasuk, tbl_barangmasuk.qty as jumlah, tbm_supplier.supplier_name as namasupplier FROM tbl_barangmasuk JOIN tbm_supplier ON tbm_barangmasuk.supplierid = tbm_supplier.supplierid WHERE tbl_barangmasuk.dlt =?', 'f')
 2 SYSTEMPATH\CodeIgniter.php(941): App\Controllers\BarangMasuk->index()
 3 SYSTEMPATH\CodeIgniter.php(502): CodeIgniter\CodeIgniter->runController(Object(App\Controllers\BarangMasuk))
 4 SYSTEMPATH\CodeIgniter.php(361): CodeIgniter\CodeIgniter->handleRequest(null, Object(Config\Cache), false)
 5 FCPATH\index.php(79): CodeIgniter\CodeIgniter->run()
 6 SYSTEMPATH\Commands\Server\rewrite.php(47): require_once('C:\\xampp\\htdocs\\POS_CODEIGNITER\\public\\index.php')
CRITICAL - 2024-02-18 09:44:19 --> [Caused by] CodeIgniter\Database\Exceptions\DatabaseException: pg_query(): Query failed: ERROR:  missing FROM-clause entry for table &quot;tbm_barangmasuk&quot;
LINE 1: ...upplier FROM tbl_barangmasuk JOIN tbm_supplier ON tbm_barang...
                                                             ^
in SYSTEMPATH\Database\Postgre\Connection.php on line 192.
 1 SYSTEMPATH\Database\BaseConnection.php(693): CodeIgniter\Database\Postgre\Connection->execute('SELECT tbl_barangmasuk.barangmasukid as id, tbl_barangmasuk.barangmasukcode as kodebarangmasuk, tbl_barangmasuk.qty as jumlah, tbm_supplier.supplier_name as namasupplier FROM tbl_barangmasuk JOIN tbm_supplier ON tbm_barangmasuk.supplierid = tbm_supplier.supplierid WHERE tbl_barangmasuk.dlt =\'f\'')
 2 SYSTEMPATH\Database\BaseConnection.php(607): CodeIgniter\Database\BaseConnection->simpleQuery('SELECT tbl_barangmasuk.barangmasukid as id, tbl_barangmasuk.barangmasukcode as kodebarangmasuk, tbl_barangmasuk.qty as jumlah, tbm_supplier.supplier_name as namasupplier FROM tbl_barangmasuk JOIN tbm_supplier ON tbm_barangmasuk.supplierid = tbm_supplier.supplierid WHERE tbl_barangmasuk.dlt =\'f\'')
 3 APPPATH\Controllers\BarangMasuk.php(16): CodeIgniter\Database\BaseConnection->query('SELECT tbl_barangmasuk.barangmasukid as id, tbl_barangmasuk.barangmasukcode as kodebarangmasuk, tbl_barangmasuk.qty as jumlah, tbm_supplier.supplier_name as namasupplier FROM tbl_barangmasuk JOIN tbm_supplier ON tbm_barangmasuk.supplierid = tbm_supplier.supplierid WHERE tbl_barangmasuk.dlt =?', 'f')
 4 SYSTEMPATH\CodeIgniter.php(941): App\Controllers\BarangMasuk->index()
 5 SYSTEMPATH\CodeIgniter.php(502): CodeIgniter\CodeIgniter->runController(Object(App\Controllers\BarangMasuk))
 6 SYSTEMPATH\CodeIgniter.php(361): CodeIgniter\CodeIgniter->handleRequest(null, Object(Config\Cache), false)
 7 FCPATH\index.php(79): CodeIgniter\CodeIgniter->run()
 8 SYSTEMPATH\Commands\Server\rewrite.php(47): require_once('C:\\xampp\\htdocs\\POS_CODEIGNITER\\public\\index.php')
CRITICAL - 2024-02-18 09:44:19 --> [Caused by] ErrorException: pg_query(): Query failed: ERROR:  missing FROM-clause entry for table &quot;tbm_barangmasuk&quot;
LINE 1: ...upplier FROM tbl_barangmasuk JOIN tbm_supplier ON tbm_barang...
                                                             ^
in SYSTEMPATH\Database\Postgre\Connection.php on line 187.
 1 [internal function]: CodeIgniter\Debug\Exceptions->errorHandler(2, 'pg_query(): Query failed: ERROR:  missing FROM-clause entry for table &quot;tbm_barangmasuk&quot;
LINE 1: ...upplier FROM tbl_barangmasuk JOIN tbm_supplier ON tbm_barang...
                                                             ^', 'C:\\xampp\\htdocs\\POS_CODEIGNITER\\system\\Database\\Postgre\\Connection.php', 187, [...])
 2 SYSTEMPATH\Database\Postgre\Connection.php(187): pg_query(resource (pgsql link), 'SELECT tbl_barangmasuk.barangmasukid as id, tbl_barangmasuk.barangmasukcode as kodebarangmasuk, tbl_barangmasuk.qty as jumlah, tbm_supplier.supplier_name as namasupplier FROM tbl_barangmasuk JOIN tbm_supplier ON tbm_barangmasuk.supplierid = tbm_supplier.supplierid WHERE tbl_barangmasuk.dlt =\'f\'')
 3 SYSTEMPATH\Database\BaseConnection.php(693): CodeIgniter\Database\Postgre\Connection->execute('SELECT tbl_barangmasuk.barangmasukid as id, tbl_barangmasuk.barangmasukcode as kodebarangmasuk, tbl_barangmasuk.qty as jumlah, tbm_supplier.supplier_name as namasupplier FROM tbl_barangmasuk JOIN tbm_supplier ON tbm_barangmasuk.supplierid = tbm_supplier.supplierid WHERE tbl_barangmasuk.dlt =\'f\'')
 4 SYSTEMPATH\Database\BaseConnection.php(607): CodeIgniter\Database\BaseConnection->simpleQuery('SELECT tbl_barangmasuk.barangmasukid as id, tbl_barangmasuk.barangmasukcode as kodebarangmasuk, tbl_barangmasuk.qty as jumlah, tbm_supplier.supplier_name as namasupplier FROM tbl_barangmasuk JOIN tbm_supplier ON tbm_barangmasuk.supplierid = tbm_supplier.supplierid WHERE tbl_barangmasuk.dlt =\'f\'')
 5 APPPATH\Controllers\BarangMasuk.php(16): CodeIgniter\Database\BaseConnection->query('SELECT tbl_barangmasuk.barangmasukid as id, tbl_barangmasuk.barangmasukcode as kodebarangmasuk, tbl_barangmasuk.qty as jumlah, tbm_supplier.supplier_name as namasupplier FROM tbl_barangmasuk JOIN tbm_supplier ON tbm_barangmasuk.supplierid = tbm_supplier.supplierid WHERE tbl_barangmasuk.dlt =?', 'f')
 6 SYSTEMPATH\CodeIgniter.php(941): App\Controllers\BarangMasuk->index()
 7 SYSTEMPATH\CodeIgniter.php(502): CodeIgniter\CodeIgniter->runController(Object(App\Controllers\BarangMasuk))
 8 SYSTEMPATH\CodeIgniter.php(361): CodeIgniter\CodeIgniter->handleRequest(null, Object(Config\Cache), false)
 9 FCPATH\index.php(79): CodeIgniter\CodeIgniter->run()
10 SYSTEMPATH\Commands\Server\rewrite.php(47): require_once('C:\\xampp\\htdocs\\POS_CODEIGNITER\\public\\index.php')
INFO - 2024-02-18 09:46:44 --> Session: Class initialized using 'CodeIgniter\Session\Handlers\FileHandler' driver.
INFO - 2024-02-18 09:47:05 --> Session: Class initialized using 'CodeIgniter\Session\Handlers\FileHandler' driver.
INFO - 2024-02-18 09:48:06 --> Session: Class initialized using 'CodeIgniter\Session\Handlers\FileHandler' driver.
INFO - 2024-02-18 09:48:22 --> Session: Class initialized using 'CodeIgniter\Session\Handlers\FileHandler' driver.
ERROR - 2024-02-18 09:55:02 --> Error connecting to the database: ErrorException: pg_connect(): Unable to connect to PostgreSQL server: could not connect to server: Connection timed out (0x0000274C/10060)
	Is the server running on host &quot;10.20.30.1&quot; and accepting
	TCP/IP connections on port 5432? in C:\xampp\htdocs\POS_CODEIGNITER\system\Database\Postgre\Connection.php:72
Stack trace:
#0 [internal function]: CodeIgniter\Debug\Exceptions->errorHandler(2, 'pg_connect(): U...', 'C:\\xampp\\htdocs...', 72, Array)
#1 C:\xampp\htdocs\POS_CODEIGNITER\system\Database\Postgre\Connection.php(72): pg_connect('host=10.20.30.1...')
#2 C:\xampp\htdocs\POS_CODEIGNITER\system\Database\BaseConnection.php(392): CodeIgniter\Database\Postgre\Connection->connect(false)
#3 C:\xampp\htdocs\POS_CODEIGNITER\system\Database\BaseConnection.php(575): CodeIgniter\Database\BaseConnection->initialize()
#4 C:\xampp\htdocs\POS_CODEIGNITER\app\Controllers\BarangMasuk.php(16): CodeIgniter\Database\BaseConnection->query('SELECT tblb.bar...', 'f')
#5 C:\xampp\htdocs\POS_CODEIGNITER\system\CodeIgniter.php(941): App\Controllers\BarangMasuk->index()
#6 C:\xampp\htdocs\POS_CODEIGNITER\system\CodeIgniter.php(502): CodeIgniter\CodeIgniter->runController(Object(App\Controllers\BarangMasuk))
#7 C:\xampp\htdocs\POS_CODEIGNITER\system\CodeIgniter.php(361): CodeIgniter\CodeIgniter->handleRequest(NULL, Object(Config\Cache), false)
#8 C:\xampp\htdocs\POS_CODEIGNITER\public\index.php(79): CodeIgniter\CodeIgniter->run()
#9 C:\xampp\htdocs\POS_CODEIGNITER\system\Commands\Server\rewrite.php(47): require_once('C:\\xampp\\htdocs...')
#10 {main}
CRITICAL - 2024-02-18 09:55:02 --> CodeIgniter\Database\Exceptions\DatabaseException: Unable to connect to the database.
Main connection [Postgre]: pg_connect(): Unable to connect to PostgreSQL server: could not connect to server: Connection timed out (0x0000274C/10060)
	Is the server running on host &quot;10.20.30.1&quot; and accepting
	TCP/IP connections on port 5432?
in SYSTEMPATH\Database\BaseConnection.php on line 428.
 1 SYSTEMPATH\Database\BaseConnection.php(575): CodeIgniter\Database\BaseConnection->initialize()
 2 APPPATH\Controllers\BarangMasuk.php(16): CodeIgniter\Database\BaseConnection->query('SELECT tblb.barangmasukid as id, tblb.barangmasukcode as kodebarangmasuk, tblb.qty as jumlah,tblb.waktu, tbm_supplier.supplier_name as namasupplier FROM tbl_barangmasuk as tblb JOIN tbm_supplier ON tblb.supplierid = tbm_supplier.supplierid WHERE tblb.dlt =? ORDER BY tblb.barangmasukid DESC', 'f')
 3 SYSTEMPATH\CodeIgniter.php(941): App\Controllers\BarangMasuk->index()
 4 SYSTEMPATH\CodeIgniter.php(502): CodeIgniter\CodeIgniter->runController(Object(App\Controllers\BarangMasuk))
 5 SYSTEMPATH\CodeIgniter.php(361): CodeIgniter\CodeIgniter->handleRequest(null, Object(Config\Cache), false)
 6 FCPATH\index.php(79): CodeIgniter\CodeIgniter->run()
 7 SYSTEMPATH\Commands\Server\rewrite.php(47): require_once('C:\\xampp\\htdocs\\POS_CODEIGNITER\\public\\index.php')
ERROR - 2024-02-18 09:56:54 --> ErrorException: pg_query(): Query failed: ERROR:  column tblb.waktu does not exist
LINE 1: ...gmasukcode as kodebarangmasuk, tblb.qty as jumlah,tblb.waktu...
                                                             ^ in C:\xampp\htdocs\POS_CODEIGNITER\system\Database\Postgre\Connection.php:187
Stack trace:
#0 [internal function]: CodeIgniter\Debug\Exceptions->errorHandler(2, 'pg_query(): Que...', 'C:\\xampp\\htdocs...', 187, Array)
#1 C:\xampp\htdocs\POS_CODEIGNITER\system\Database\Postgre\Connection.php(187): pg_query(Resource id #120, 'SELECT tblb.bar...')
#2 C:\xampp\htdocs\POS_CODEIGNITER\system\Database\BaseConnection.php(693): CodeIgniter\Database\Postgre\Connection->execute('SELECT tblb.bar...')
#3 C:\xampp\htdocs\POS_CODEIGNITER\system\Database\BaseConnection.php(607): CodeIgniter\Database\BaseConnection->simpleQuery('SELECT tblb.bar...')
#4 C:\xampp\htdocs\POS_CODEIGNITER\app\Controllers\BarangMasuk.php(16): CodeIgniter\Database\BaseConnection->query('SELECT tblb.bar...', 'f')
#5 C:\xampp\htdocs\POS_CODEIGNITER\system\CodeIgniter.php(941): App\Controllers\BarangMasuk->index()
#6 C:\xampp\htdocs\POS_CODEIGNITER\system\CodeIgniter.php(502): CodeIgniter\CodeIgniter->runController(Object(App\Controllers\BarangMasuk))
#7 C:\xampp\htdocs\POS_CODEIGNITER\system\CodeIgniter.php(361): CodeIgniter\CodeIgniter->handleRequest(NULL, Object(Config\Cache), false)
#8 C:\xampp\htdocs\POS_CODEIGNITER\public\index.php(79): CodeIgniter\CodeIgniter->run()
#9 C:\xampp\htdocs\POS_CODEIGNITER\system\Commands\Server\rewrite.php(47): require_once('C:\\xampp\\htdocs...')
#10 {main}
CRITICAL - 2024-02-18 09:56:54 --> CodeIgniter\Database\Exceptions\DatabaseException: pg_query(): Query failed: ERROR:  column tblb.waktu does not exist
LINE 1: ...gmasukcode as kodebarangmasuk, tblb.qty as jumlah,tblb.waktu...
                                                             ^
in SYSTEMPATH\Database\BaseConnection.php on line 647.
 1 APPPATH\Controllers\BarangMasuk.php(16): CodeIgniter\Database\BaseConnection->query('SELECT tblb.barangmasukid as id, tblb.barangmasukcode as kodebarangmasuk, tblb.qty as jumlah,tblb.waktu, tbm_supplier.supplier_name as namasupplier FROM tbl_barangmasuk as tblb JOIN tbm_supplier ON tblb.supplierid = tbm_supplier.supplierid WHERE tblb.dlt =? ORDER BY tblb.barangmasukid DESC', 'f')
 2 SYSTEMPATH\CodeIgniter.php(941): App\Controllers\BarangMasuk->index()
 3 SYSTEMPATH\CodeIgniter.php(502): CodeIgniter\CodeIgniter->runController(Object(App\Controllers\BarangMasuk))
 4 SYSTEMPATH\CodeIgniter.php(361): CodeIgniter\CodeIgniter->handleRequest(null, Object(Config\Cache), false)
 5 FCPATH\index.php(79): CodeIgniter\CodeIgniter->run()
 6 SYSTEMPATH\Commands\Server\rewrite.php(47): require_once('C:\\xampp\\htdocs\\POS_CODEIGNITER\\public\\index.php')
CRITICAL - 2024-02-18 09:56:54 --> [Caused by] CodeIgniter\Database\Exceptions\DatabaseException: pg_query(): Query failed: ERROR:  column tblb.waktu does not exist
LINE 1: ...gmasukcode as kodebarangmasuk, tblb.qty as jumlah,tblb.waktu...
                                                             ^
in SYSTEMPATH\Database\Postgre\Connection.php on line 192.
 1 SYSTEMPATH\Database\BaseConnection.php(693): CodeIgniter\Database\Postgre\Connection->execute('SELECT tblb.barangmasukid as id, tblb.barangmasukcode as kodebarangmasuk, tblb.qty as jumlah,tblb.waktu, tbm_supplier.supplier_name as namasupplier FROM tbl_barangmasuk as tblb JOIN tbm_supplier ON tblb.supplierid = tbm_supplier.supplierid WHERE tblb.dlt =\'f\' ORDER BY tblb.barangmasukid DESC')
 2 SYSTEMPATH\Database\BaseConnection.php(607): CodeIgniter\Database\BaseConnection->simpleQuery('SELECT tblb.barangmasukid as id, tblb.barangmasukcode as kodebarangmasuk, tblb.qty as jumlah,tblb.waktu, tbm_supplier.supplier_name as namasupplier FROM tbl_barangmasuk as tblb JOIN tbm_supplier ON tblb.supplierid = tbm_supplier.supplierid WHERE tblb.dlt =\'f\' ORDER BY tblb.barangmasukid DESC')
 3 APPPATH\Controllers\BarangMasuk.php(16): CodeIgniter\Database\BaseConnection->query('SELECT tblb.barangmasukid as id, tblb.barangmasukcode as kodebarangmasuk, tblb.qty as jumlah,tblb.waktu, tbm_supplier.supplier_name as namasupplier FROM tbl_barangmasuk as tblb JOIN tbm_supplier ON tblb.supplierid = tbm_supplier.supplierid WHERE tblb.dlt =? ORDER BY tblb.barangmasukid DESC', 'f')
 4 SYSTEMPATH\CodeIgniter.php(941): App\Controllers\BarangMasuk->index()
 5 SYSTEMPATH\CodeIgniter.php(502): CodeIgniter\CodeIgniter->runController(Object(App\Controllers\BarangMasuk))
 6 SYSTEMPATH\CodeIgniter.php(361): CodeIgniter\CodeIgniter->handleRequest(null, Object(Config\Cache), false)
 7 FCPATH\index.php(79): CodeIgniter\CodeIgniter->run()
 8 SYSTEMPATH\Commands\Server\rewrite.php(47): require_once('C:\\xampp\\htdocs\\POS_CODEIGNITER\\public\\index.php')
CRITICAL - 2024-02-18 09:56:54 --> [Caused by] ErrorException: pg_query(): Query failed: ERROR:  column tblb.waktu does not exist
LINE 1: ...gmasukcode as kodebarangmasuk, tblb.qty as jumlah,tblb.waktu...
                                                             ^
in SYSTEMPATH\Database\Postgre\Connection.php on line 187.
 1 [internal function]: CodeIgniter\Debug\Exceptions->errorHandler(2, 'pg_query(): Query failed: ERROR:  column tblb.waktu does not exist
LINE 1: ...gmasukcode as kodebarangmasuk, tblb.qty as jumlah,tblb.waktu...
                                                             ^', 'C:\\xampp\\htdocs\\POS_CODEIGNITER\\system\\Database\\Postgre\\Connection.php', 187, [...])
 2 SYSTEMPATH\Database\Postgre\Connection.php(187): pg_query(resource (pgsql link), 'SELECT tblb.barangmasukid as id, tblb.barangmasukcode as kodebarangmasuk, tblb.qty as jumlah,tblb.waktu, tbm_supplier.supplier_name as namasupplier FROM tbl_barangmasuk as tblb JOIN tbm_supplier ON tblb.supplierid = tbm_supplier.supplierid WHERE tblb.dlt =\'f\' ORDER BY tblb.barangmasukid DESC')
 3 SYSTEMPATH\Database\BaseConnection.php(693): CodeIgniter\Database\Postgre\Connection->execute('SELECT tblb.barangmasukid as id, tblb.barangmasukcode as kodebarangmasuk, tblb.qty as jumlah,tblb.waktu, tbm_supplier.supplier_name as namasupplier FROM tbl_barangmasuk as tblb JOIN tbm_supplier ON tblb.supplierid = tbm_supplier.supplierid WHERE tblb.dlt =\'f\' ORDER BY tblb.barangmasukid DESC')
 4 SYSTEMPATH\Database\BaseConnection.php(607): CodeIgniter\Database\BaseConnection->simpleQuery('SELECT tblb.barangmasukid as id, tblb.barangmasukcode as kodebarangmasuk, tblb.qty as jumlah,tblb.waktu, tbm_supplier.supplier_name as namasupplier FROM tbl_barangmasuk as tblb JOIN tbm_supplier ON tblb.supplierid = tbm_supplier.supplierid WHERE tblb.dlt =\'f\' ORDER BY tblb.barangmasukid DESC')
 5 APPPATH\Controllers\BarangMasuk.php(16): CodeIgniter\Database\BaseConnection->query('SELECT tblb.barangmasukid as id, tblb.barangmasukcode as kodebarangmasuk, tblb.qty as jumlah,tblb.waktu, tbm_supplier.supplier_name as namasupplier FROM tbl_barangmasuk as tblb JOIN tbm_supplier ON tblb.supplierid = tbm_supplier.supplierid WHERE tblb.dlt =? ORDER BY tblb.barangmasukid DESC', 'f')
 6 SYSTEMPATH\CodeIgniter.php(941): App\Controllers\BarangMasuk->index()
 7 SYSTEMPATH\CodeIgniter.php(502): CodeIgniter\CodeIgniter->runController(Object(App\Controllers\BarangMasuk))
 8 SYSTEMPATH\CodeIgniter.php(361): CodeIgniter\CodeIgniter->handleRequest(null, Object(Config\Cache), false)
 9 FCPATH\index.php(79): CodeIgniter\CodeIgniter->run()
10 SYSTEMPATH\Commands\Server\rewrite.php(47): require_once('C:\\xampp\\htdocs\\POS_CODEIGNITER\\public\\index.php')
INFO - 2024-02-18 09:57:41 --> Session: Class initialized using 'CodeIgniter\Session\Handlers\FileHandler' driver.
INFO - 2024-02-18 10:00:17 --> Session: Class initialized using 'CodeIgniter\Session\Handlers\FileHandler' driver.
INFO - 2024-02-18 10:00:35 --> Session: Class initialized using 'CodeIgniter\Session\Handlers\FileHandler' driver.
INFO - 2024-02-18 10:13:47 --> Session: Class initialized using 'CodeIgniter\Session\Handlers\FileHandler' driver.
INFO - 2024-02-18 10:15:39 --> Session: Class initialized using 'CodeIgniter\Session\Handlers\FileHandler' driver.
INFO - 2024-02-18 10:16:07 --> Session: Class initialized using 'CodeIgniter\Session\Handlers\FileHandler' driver.
INFO - 2024-02-18 10:16:11 --> Session: Class initialized using 'CodeIgniter\Session\Handlers\FileHandler' driver.
INFO - 2024-02-18 10:16:14 --> Session: Class initialized using 'CodeIgniter\Session\Handlers\FileHandler' driver.
INFO - 2024-02-18 10:16:43 --> Session: Class initialized using 'CodeIgniter\Session\Handlers\FileHandler' driver.
INFO - 2024-02-18 10:16:53 --> Session: Class initialized using 'CodeIgniter\Session\Handlers\FileHandler' driver.
INFO - 2024-02-18 10:16:58 --> Session: Class initialized using 'CodeIgniter\Session\Handlers\FileHandler' driver.
ERROR - 2024-02-18 10:17:29 --> ErrorException: pg_query(): Query failed: ERROR:  column reference &quot;remarks&quot; is ambiguous
LINE 1: ...blb.luadd as waktu,tblb.opadd as ditambahakanoleh,remarks as...
                                                             ^ in C:\xampp\htdocs\POS_CODEIGNITER\system\Database\Postgre\Connection.php:187
Stack trace:
#0 [internal function]: CodeIgniter\Debug\Exceptions->errorHandler(2, 'pg_query(): Que...', 'C:\\xampp\\htdocs...', 187, Array)
#1 C:\xampp\htdocs\POS_CODEIGNITER\system\Database\Postgre\Connection.php(187): pg_query(Resource id #120, 'SELECT tblb.bar...')
#2 C:\xampp\htdocs\POS_CODEIGNITER\system\Database\BaseConnection.php(693): CodeIgniter\Database\Postgre\Connection->execute('SELECT tblb.bar...')
#3 C:\xampp\htdocs\POS_CODEIGNITER\system\Database\BaseConnection.php(607): CodeIgniter\Database\BaseConnection->simpleQuery('SELECT tblb.bar...')
#4 C:\xampp\htdocs\POS_CODEIGNITER\app\Controllers\BarangMasuk.php(28): CodeIgniter\Database\BaseConnection->query('SELECT tblb.bar...', 'BPOS2')
#5 C:\xampp\htdocs\POS_CODEIGNITER\system\CodeIgniter.php(941): App\Controllers\BarangMasuk->detail('BPOS2')
#6 C:\xampp\htdocs\POS_CODEIGNITER\system\CodeIgniter.php(502): CodeIgniter\CodeIgniter->runController(Object(App\Controllers\BarangMasuk))
#7 C:\xampp\htdocs\POS_CODEIGNITER\system\CodeIgniter.php(361): CodeIgniter\CodeIgniter->handleRequest(NULL, Object(Config\Cache), false)
#8 C:\xampp\htdocs\POS_CODEIGNITER\public\index.php(79): CodeIgniter\CodeIgniter->run()
#9 C:\xampp\htdocs\POS_CODEIGNITER\system\Commands\Server\rewrite.php(47): require_once('C:\\xampp\\htdocs...')
#10 {main}
CRITICAL - 2024-02-18 10:17:29 --> CodeIgniter\Database\Exceptions\DatabaseException: pg_query(): Query failed: ERROR:  column reference &quot;remarks&quot; is ambiguous
LINE 1: ...blb.luadd as waktu,tblb.opadd as ditambahakanoleh,remarks as...
                                                             ^
in SYSTEMPATH\Database\BaseConnection.php on line 647.
 1 APPPATH\Controllers\BarangMasuk.php(28): CodeIgniter\Database\BaseConnection->query('SELECT tblb.barangmasukcode as kodebarangmasuk, tblb.qty as jumlah,tblb.luadd as waktu,tblb.opadd as ditambahakanoleh,remarks as deskripsi,hargabeli,hargajual,hargapp, tbm_supplier.supplier_name as namasupplier FROM tbl_barangmasuk as tblb LEFT JOIN tbm_supplier ON tblb.supplierid = tbm_supplier.supplierid WHERE tblb.barangmasukid =?', 'BPOS2')
 2 SYSTEMPATH\CodeIgniter.php(941): App\Controllers\BarangMasuk->detail('BPOS2')
 3 SYSTEMPATH\CodeIgniter.php(502): CodeIgniter\CodeIgniter->runController(Object(App\Controllers\BarangMasuk))
 4 SYSTEMPATH\CodeIgniter.php(361): CodeIgniter\CodeIgniter->handleRequest(null, Object(Config\Cache), false)
 5 FCPATH\index.php(79): CodeIgniter\CodeIgniter->run()
 6 SYSTEMPATH\Commands\Server\rewrite.php(47): require_once('C:\\xampp\\htdocs\\POS_CODEIGNITER\\public\\index.php')
CRITICAL - 2024-02-18 10:17:29 --> [Caused by] CodeIgniter\Database\Exceptions\DatabaseException: pg_query(): Query failed: ERROR:  column reference &quot;remarks&quot; is ambiguous
LINE 1: ...blb.luadd as waktu,tblb.opadd as ditambahakanoleh,remarks as...
                                                             ^
in SYSTEMPATH\Database\Postgre\Connection.php on line 192.
 1 SYSTEMPATH\Database\BaseConnection.php(693): CodeIgniter\Database\Postgre\Connection->execute('SELECT tblb.barangmasukcode as kodebarangmasuk, tblb.qty as jumlah,tblb.luadd as waktu,tblb.opadd as ditambahakanoleh,remarks as deskripsi,hargabeli,hargajual,hargapp, tbm_supplier.supplier_name as namasupplier FROM tbl_barangmasuk as tblb LEFT JOIN tbm_supplier ON tblb.supplierid = tbm_supplier.supplierid WHERE tblb.barangmasukid =\'BPOS2\'')
 2 SYSTEMPATH\Database\BaseConnection.php(607): CodeIgniter\Database\BaseConnection->simpleQuery('SELECT tblb.barangmasukcode as kodebarangmasuk, tblb.qty as jumlah,tblb.luadd as waktu,tblb.opadd as ditambahakanoleh,remarks as deskripsi,hargabeli,hargajual,hargapp, tbm_supplier.supplier_name as namasupplier FROM tbl_barangmasuk as tblb LEFT JOIN tbm_supplier ON tblb.supplierid = tbm_supplier.supplierid WHERE tblb.barangmasukid =\'BPOS2\'')
 3 APPPATH\Controllers\BarangMasuk.php(28): CodeIgniter\Database\BaseConnection->query('SELECT tblb.barangmasukcode as kodebarangmasuk, tblb.qty as jumlah,tblb.luadd as waktu,tblb.opadd as ditambahakanoleh,remarks as deskripsi,hargabeli,hargajual,hargapp, tbm_supplier.supplier_name as namasupplier FROM tbl_barangmasuk as tblb LEFT JOIN tbm_supplier ON tblb.supplierid = tbm_supplier.supplierid WHERE tblb.barangmasukid =?', 'BPOS2')
 4 SYSTEMPATH\CodeIgniter.php(941): App\Controllers\BarangMasuk->detail('BPOS2')
 5 SYSTEMPATH\CodeIgniter.php(502): CodeIgniter\CodeIgniter->runController(Object(App\Controllers\BarangMasuk))
 6 SYSTEMPATH\CodeIgniter.php(361): CodeIgniter\CodeIgniter->handleRequest(null, Object(Config\Cache), false)
 7 FCPATH\index.php(79): CodeIgniter\CodeIgniter->run()
 8 SYSTEMPATH\Commands\Server\rewrite.php(47): require_once('C:\\xampp\\htdocs\\POS_CODEIGNITER\\public\\index.php')
CRITICAL - 2024-02-18 10:17:29 --> [Caused by] ErrorException: pg_query(): Query failed: ERROR:  column reference &quot;remarks&quot; is ambiguous
LINE 1: ...blb.luadd as waktu,tblb.opadd as ditambahakanoleh,remarks as...
                                                             ^
in SYSTEMPATH\Database\Postgre\Connection.php on line 187.
 1 [internal function]: CodeIgniter\Debug\Exceptions->errorHandler(2, 'pg_query(): Query failed: ERROR:  column reference &quot;remarks&quot; is ambiguous
LINE 1: ...blb.luadd as waktu,tblb.opadd as ditambahakanoleh,remarks as...
                                                             ^', 'C:\\xampp\\htdocs\\POS_CODEIGNITER\\system\\Database\\Postgre\\Connection.php', 187, [...])
 2 SYSTEMPATH\Database\Postgre\Connection.php(187): pg_query(resource (pgsql link), 'SELECT tblb.barangmasukcode as kodebarangmasuk, tblb.qty as jumlah,tblb.luadd as waktu,tblb.opadd as ditambahakanoleh,remarks as deskripsi,hargabeli,hargajual,hargapp, tbm_supplier.supplier_name as namasupplier FROM tbl_barangmasuk as tblb LEFT JOIN tbm_supplier ON tblb.supplierid = tbm_supplier.supplierid WHERE tblb.barangmasukid =\'BPOS2\'')
 3 SYSTEMPATH\Database\BaseConnection.php(693): CodeIgniter\Database\Postgre\Connection->execute('SELECT tblb.barangmasukcode as kodebarangmasuk, tblb.qty as jumlah,tblb.luadd as waktu,tblb.opadd as ditambahakanoleh,remarks as deskripsi,hargabeli,hargajual,hargapp, tbm_supplier.supplier_name as namasupplier FROM tbl_barangmasuk as tblb LEFT JOIN tbm_supplier ON tblb.supplierid = tbm_supplier.supplierid WHERE tblb.barangmasukid =\'BPOS2\'')
 4 SYSTEMPATH\Database\BaseConnection.php(607): CodeIgniter\Database\BaseConnection->simpleQuery('SELECT tblb.barangmasukcode as kodebarangmasuk, tblb.qty as jumlah,tblb.luadd as waktu,tblb.opadd as ditambahakanoleh,remarks as deskripsi,hargabeli,hargajual,hargapp, tbm_supplier.supplier_name as namasupplier FROM tbl_barangmasuk as tblb LEFT JOIN tbm_supplier ON tblb.supplierid = tbm_supplier.supplierid WHERE tblb.barangmasukid =\'BPOS2\'')
 5 APPPATH\Controllers\BarangMasuk.php(28): CodeIgniter\Database\BaseConnection->query('SELECT tblb.barangmasukcode as kodebarangmasuk, tblb.qty as jumlah,tblb.luadd as waktu,tblb.opadd as ditambahakanoleh,remarks as deskripsi,hargabeli,hargajual,hargapp, tbm_supplier.supplier_name as namasupplier FROM tbl_barangmasuk as tblb LEFT JOIN tbm_supplier ON tblb.supplierid = tbm_supplier.supplierid WHERE tblb.barangmasukid =?', 'BPOS2')
 6 SYSTEMPATH\CodeIgniter.php(941): App\Controllers\BarangMasuk->detail('BPOS2')
 7 SYSTEMPATH\CodeIgniter.php(502): CodeIgniter\CodeIgniter->runController(Object(App\Controllers\BarangMasuk))
 8 SYSTEMPATH\CodeIgniter.php(361): CodeIgniter\CodeIgniter->handleRequest(null, Object(Config\Cache), false)
 9 FCPATH\index.php(79): CodeIgniter\CodeIgniter->run()
10 SYSTEMPATH\Commands\Server\rewrite.php(47): require_once('C:\\xampp\\htdocs\\POS_CODEIGNITER\\public\\index.php')
INFO - 2024-02-18 10:18:02 --> Session: Class initialized using 'CodeIgniter\Session\Handlers\FileHandler' driver.
INFO - 2024-02-18 10:18:45 --> Session: Class initialized using 'CodeIgniter\Session\Handlers\FileHandler' driver.
INFO - 2024-02-18 10:20:26 --> Session: Class initialized using 'CodeIgniter\Session\Handlers\FileHandler' driver.
INFO - 2024-02-18 10:20:36 --> Session: Class initialized using 'CodeIgniter\Session\Handlers\FileHandler' driver.
INFO - 2024-02-18 10:21:25 --> Session: Class initialized using 'CodeIgniter\Session\Handlers\FileHandler' driver.
INFO - 2024-02-18 10:21:44 --> Session: Class initialized using 'CodeIgniter\Session\Handlers\FileHandler' driver.
INFO - 2024-02-18 10:21:52 --> Session: Class initialized using 'CodeIgniter\Session\Handlers\FileHandler' driver.
INFO - 2024-02-18 10:21:59 --> Session: Class initialized using 'CodeIgniter\Session\Handlers\FileHandler' driver.
INFO - 2024-02-18 10:23:14 --> Session: Class initialized using 'CodeIgniter\Session\Handlers\FileHandler' driver.
INFO - 2024-02-18 10:23:25 --> Session: Class initialized using 'CodeIgniter\Session\Handlers\FileHandler' driver.
INFO - 2024-02-18 10:23:46 --> Session: Class initialized using 'CodeIgniter\Session\Handlers\FileHandler' driver.
INFO - 2024-02-18 10:24:15 --> Session: Class initialized using 'CodeIgniter\Session\Handlers\FileHandler' driver.
INFO - 2024-02-18 10:24:39 --> Session: Class initialized using 'CodeIgniter\Session\Handlers\FileHandler' driver.
INFO - 2024-02-18 10:25:28 --> Session: Class initialized using 'CodeIgniter\Session\Handlers\FileHandler' driver.
INFO - 2024-02-18 10:25:51 --> Session: Class initialized using 'CodeIgniter\Session\Handlers\FileHandler' driver.
INFO - 2024-02-18 10:26:47 --> Session: Class initialized using 'CodeIgniter\Session\Handlers\FileHandler' driver.
INFO - 2024-02-18 10:27:13 --> Session: Class initialized using 'CodeIgniter\Session\Handlers\FileHandler' driver.
INFO - 2024-02-18 10:27:29 --> Session: Class initialized using 'CodeIgniter\Session\Handlers\FileHandler' driver.
INFO - 2024-02-18 10:28:10 --> Session: Class initialized using 'CodeIgniter\Session\Handlers\FileHandler' driver.
INFO - 2024-02-18 10:28:28 --> Session: Class initialized using 'CodeIgniter\Session\Handlers\FileHandler' driver.
INFO - 2024-02-18 10:28:41 --> Session: Class initialized using 'CodeIgniter\Session\Handlers\FileHandler' driver.
INFO - 2024-02-18 10:29:04 --> Session: Class initialized using 'CodeIgniter\Session\Handlers\FileHandler' driver.
INFO - 2024-02-18 10:30:16 --> Session: Class initialized using 'CodeIgniter\Session\Handlers\FileHandler' driver.
INFO - 2024-02-18 10:30:26 --> Session: Class initialized using 'CodeIgniter\Session\Handlers\FileHandler' driver.
INFO - 2024-02-18 10:30:37 --> Session: Class initialized using 'CodeIgniter\Session\Handlers\FileHandler' driver.
INFO - 2024-02-18 10:31:27 --> Session: Class initialized using 'CodeIgniter\Session\Handlers\FileHandler' driver.
INFO - 2024-02-18 10:31:34 --> Session: Class initialized using 'CodeIgniter\Session\Handlers\FileHandler' driver.
INFO - 2024-02-18 10:31:45 --> Session: Class initialized using 'CodeIgniter\Session\Handlers\FileHandler' driver.
INFO - 2024-02-18 10:34:17 --> Session: Class initialized using 'CodeIgniter\Session\Handlers\FileHandler' driver.
INFO - 2024-02-18 10:34:37 --> Session: Class initialized using 'CodeIgniter\Session\Handlers\FileHandler' driver.
INFO - 2024-02-18 10:34:41 --> Session: Class initialized using 'CodeIgniter\Session\Handlers\FileHandler' driver.
INFO - 2024-02-18 10:34:51 --> Session: Class initialized using 'CodeIgniter\Session\Handlers\FileHandler' driver.
INFO - 2024-02-18 10:34:55 --> Session: Class initialized using 'CodeIgniter\Session\Handlers\FileHandler' driver.
INFO - 2024-02-18 10:35:52 --> Session: Class initialized using 'CodeIgniter\Session\Handlers\FileHandler' driver.
INFO - 2024-02-18 10:36:00 --> Session: Class initialized using 'CodeIgniter\Session\Handlers\FileHandler' driver.
INFO - 2024-02-18 10:36:04 --> Session: Class initialized using 'CodeIgniter\Session\Handlers\FileHandler' driver.
INFO - 2024-02-18 10:36:11 --> Session: Class initialized using 'CodeIgniter\Session\Handlers\FileHandler' driver.
INFO - 2024-02-18 10:36:52 --> Session: Class initialized using 'CodeIgniter\Session\Handlers\FileHandler' driver.
INFO - 2024-02-18 10:37:23 --> Session: Class initialized using 'CodeIgniter\Session\Handlers\FileHandler' driver.
INFO - 2024-02-18 10:37:53 --> Session: Class initialized using 'CodeIgniter\Session\Handlers\FileHandler' driver.
INFO - 2024-02-18 10:38:00 --> Session: Class initialized using 'CodeIgniter\Session\Handlers\FileHandler' driver.
