INFO - 2024-01-31 01:19:58 --> Session: Class initialized using 'CodeIgniter\Session\Handlers\FileHandler' driver.
WARNING - 2024-01-31 01:19:58 --> Session: Sessions is enabled, and one exists. Please don't $session->start();
INFO - 2024-01-31 01:43:56 --> Session: Class initialized using 'CodeIgniter\Session\Handlers\FileHandler' driver.
WARNING - 2024-01-31 01:43:56 --> Session: Sessions is enabled, and one exists. Please don't $session->start();
INFO - 2024-01-31 01:44:06 --> Session: Class initialized using 'CodeIgniter\Session\Handlers\FileHandler' driver.
WARNING - 2024-01-31 01:44:06 --> Session: Sessions is enabled, and one exists. Please don't $session->start();
INFO - 2024-01-31 01:44:37 --> Session: Class initialized using 'CodeIgniter\Session\Handlers\FileHandler' driver.
WARNING - 2024-01-31 01:44:37 --> Session: Sessions is enabled, and one exists. Please don't $session->start();
INFO - 2024-01-31 01:45:18 --> Session: Class initialized using 'CodeIgniter\Session\Handlers\FileHandler' driver.
WARNING - 2024-01-31 01:45:18 --> Session: Sessions is enabled, and one exists. Please don't $session->start();
INFO - 2024-01-31 01:48:55 --> Session: Class initialized using 'CodeIgniter\Session\Handlers\FileHandler' driver.
WARNING - 2024-01-31 01:48:55 --> Session: Sessions is enabled, and one exists. Please don't $session->start();
INFO - 2024-01-31 01:49:12 --> Session: Class initialized using 'CodeIgniter\Session\Handlers\FileHandler' driver.
WARNING - 2024-01-31 01:49:12 --> Session: Sessions is enabled, and one exists. Please don't $session->start();
INFO - 2024-01-31 01:49:17 --> Session: Class initialized using 'CodeIgniter\Session\Handlers\FileHandler' driver.
WARNING - 2024-01-31 01:49:17 --> Session: Sessions is enabled, and one exists. Please don't $session->start();
INFO - 2024-01-31 02:15:30 --> Session: Class initialized using 'CodeIgniter\Session\Handlers\FileHandler' driver.
WARNING - 2024-01-31 02:15:30 --> Session: Sessions is enabled, and one exists. Please don't $session->start();
INFO - 2024-01-31 02:16:21 --> Session: Class initialized using 'CodeIgniter\Session\Handlers\FileHandler' driver.
WARNING - 2024-01-31 02:16:21 --> Session: Sessions is enabled, and one exists. Please don't $session->start();
INFO - 2024-01-31 02:16:47 --> Session: Class initialized using 'CodeIgniter\Session\Handlers\FileHandler' driver.
WARNING - 2024-01-31 02:16:47 --> Session: Sessions is enabled, and one exists. Please don't $session->start();
INFO - 2024-01-31 02:17:56 --> Session: Class initialized using 'CodeIgniter\Session\Handlers\FileHandler' driver.
WARNING - 2024-01-31 02:17:56 --> Session: Sessions is enabled, and one exists. Please don't $session->start();
INFO - 2024-01-31 02:22:00 --> Session: Class initialized using 'CodeIgniter\Session\Handlers\FileHandler' driver.
WARNING - 2024-01-31 02:22:00 --> Session: Sessions is enabled, and one exists. Please don't $session->start();
INFO - 2024-01-31 02:22:05 --> Session: Class initialized using 'CodeIgniter\Session\Handlers\FileHandler' driver.
WARNING - 2024-01-31 02:22:05 --> Session: Sessions is enabled, and one exists. Please don't $session->start();
INFO - 2024-01-31 02:22:41 --> Session: Class initialized using 'CodeIgniter\Session\Handlers\FileHandler' driver.
WARNING - 2024-01-31 02:22:41 --> Session: Sessions is enabled, and one exists. Please don't $session->start();
INFO - 2024-01-31 02:22:44 --> Session: Class initialized using 'CodeIgniter\Session\Handlers\FileHandler' driver.
WARNING - 2024-01-31 02:22:44 --> Session: Sessions is enabled, and one exists. Please don't $session->start();
INFO - 2024-01-31 02:22:51 --> Session: Class initialized using 'CodeIgniter\Session\Handlers\FileHandler' driver.
WARNING - 2024-01-31 02:22:51 --> Session: Sessions is enabled, and one exists. Please don't $session->start();
INFO - 2024-01-31 02:23:00 --> Session: Class initialized using 'CodeIgniter\Session\Handlers\FileHandler' driver.
WARNING - 2024-01-31 02:23:00 --> Session: Sessions is enabled, and one exists. Please don't $session->start();
INFO - 2024-01-31 02:23:09 --> Session: Class initialized using 'CodeIgniter\Session\Handlers\FileHandler' driver.
WARNING - 2024-01-31 02:23:09 --> Session: Sessions is enabled, and one exists. Please don't $session->start();
INFO - 2024-01-31 02:23:41 --> Session: Class initialized using 'CodeIgniter\Session\Handlers\FileHandler' driver.
WARNING - 2024-01-31 02:23:41 --> Session: Sessions is enabled, and one exists. Please don't $session->start();
INFO - 2024-01-31 02:24:25 --> Session: Class initialized using 'CodeIgniter\Session\Handlers\FileHandler' driver.
WARNING - 2024-01-31 02:24:25 --> Session: Sessions is enabled, and one exists. Please don't $session->start();
INFO - 2024-01-31 02:24:34 --> Session: Class initialized using 'CodeIgniter\Session\Handlers\FileHandler' driver.
WARNING - 2024-01-31 02:24:34 --> Session: Sessions is enabled, and one exists. Please don't $session->start();
INFO - 2024-01-31 02:27:56 --> Session: Class initialized using 'CodeIgniter\Session\Handlers\FileHandler' driver.
WARNING - 2024-01-31 02:27:56 --> Session: Sessions is enabled, and one exists. Please don't $session->start();
INFO - 2024-01-31 02:28:10 --> Session: Class initialized using 'CodeIgniter\Session\Handlers\FileHandler' driver.
WARNING - 2024-01-31 02:28:10 --> Session: Sessions is enabled, and one exists. Please don't $session->start();
INFO - 2024-01-31 02:29:04 --> Session: Class initialized using 'CodeIgniter\Session\Handlers\FileHandler' driver.
WARNING - 2024-01-31 02:29:04 --> Session: Sessions is enabled, and one exists. Please don't $session->start();
INFO - 2024-01-31 02:29:23 --> Session: Class initialized using 'CodeIgniter\Session\Handlers\FileHandler' driver.
WARNING - 2024-01-31 02:29:23 --> Session: Sessions is enabled, and one exists. Please don't $session->start();
INFO - 2024-01-31 02:32:42 --> Session: Class initialized using 'CodeIgniter\Session\Handlers\FileHandler' driver.
WARNING - 2024-01-31 02:32:42 --> Session: Sessions is enabled, and one exists. Please don't $session->start();
INFO - 2024-01-31 02:32:57 --> Session: Class initialized using 'CodeIgniter\Session\Handlers\FileHandler' driver.
WARNING - 2024-01-31 02:32:57 --> Session: Sessions is enabled, and one exists. Please don't $session->start();
INFO - 2024-01-31 02:34:21 --> Session: Class initialized using 'CodeIgniter\Session\Handlers\FileHandler' driver.
WARNING - 2024-01-31 02:34:21 --> Session: Sessions is enabled, and one exists. Please don't $session->start();
INFO - 2024-01-31 02:34:36 --> Session: Class initialized using 'CodeIgniter\Session\Handlers\FileHandler' driver.
WARNING - 2024-01-31 02:34:36 --> Session: Sessions is enabled, and one exists. Please don't $session->start();
INFO - 2024-01-31 02:35:28 --> Session: Class initialized using 'CodeIgniter\Session\Handlers\FileHandler' driver.
WARNING - 2024-01-31 02:35:28 --> Session: Sessions is enabled, and one exists. Please don't $session->start();
INFO - 2024-01-31 02:35:50 --> Session: Class initialized using 'CodeIgniter\Session\Handlers\FileHandler' driver.
WARNING - 2024-01-31 02:35:50 --> Session: Sessions is enabled, and one exists. Please don't $session->start();
INFO - 2024-01-31 02:42:57 --> Session: Class initialized using 'CodeIgniter\Session\Handlers\FileHandler' driver.
WARNING - 2024-01-31 02:42:57 --> Session: Sessions is enabled, and one exists. Please don't $session->start();
INFO - 2024-01-31 02:43:21 --> Session: Class initialized using 'CodeIgniter\Session\Handlers\FileHandler' driver.
WARNING - 2024-01-31 02:43:21 --> Session: Sessions is enabled, and one exists. Please don't $session->start();
INFO - 2024-01-31 03:27:28 --> Session: Class initialized using 'CodeIgniter\Session\Handlers\FileHandler' driver.
WARNING - 2024-01-31 03:27:28 --> Session: Sessions is enabled, and one exists. Please don't $session->start();
INFO - 2024-01-31 03:27:43 --> Session: Class initialized using 'CodeIgniter\Session\Handlers\FileHandler' driver.
WARNING - 2024-01-31 03:27:43 --> Session: Sessions is enabled, and one exists. Please don't $session->start();
INFO - 2024-01-31 03:30:08 --> Session: Class initialized using 'CodeIgniter\Session\Handlers\FileHandler' driver.
WARNING - 2024-01-31 03:30:08 --> Session: Sessions is enabled, and one exists. Please don't $session->start();
INFO - 2024-01-31 03:30:33 --> Session: Class initialized using 'CodeIgniter\Session\Handlers\FileHandler' driver.
WARNING - 2024-01-31 03:30:33 --> Session: Sessions is enabled, and one exists. Please don't $session->start();
INFO - 2024-01-31 03:31:51 --> Session: Class initialized using 'CodeIgniter\Session\Handlers\FileHandler' driver.
WARNING - 2024-01-31 03:31:51 --> Session: Sessions is enabled, and one exists. Please don't $session->start();
INFO - 2024-01-31 03:32:06 --> Session: Class initialized using 'CodeIgniter\Session\Handlers\FileHandler' driver.
WARNING - 2024-01-31 03:32:06 --> Session: Sessions is enabled, and one exists. Please don't $session->start();
INFO - 2024-01-31 03:40:01 --> Session: Class initialized using 'CodeIgniter\Session\Handlers\FileHandler' driver.
WARNING - 2024-01-31 03:40:01 --> Session: Sessions is enabled, and one exists. Please don't $session->start();
INFO - 2024-01-31 03:40:17 --> Session: Class initialized using 'CodeIgniter\Session\Handlers\FileHandler' driver.
WARNING - 2024-01-31 03:40:17 --> Session: Sessions is enabled, and one exists. Please don't $session->start();
INFO - 2024-01-31 03:43:39 --> Session: Class initialized using 'CodeIgniter\Session\Handlers\FileHandler' driver.
WARNING - 2024-01-31 03:43:39 --> Session: Sessions is enabled, and one exists. Please don't $session->start();
INFO - 2024-01-31 03:44:06 --> Session: Class initialized using 'CodeIgniter\Session\Handlers\FileHandler' driver.
WARNING - 2024-01-31 03:44:06 --> Session: Sessions is enabled, and one exists. Please don't $session->start();
INFO - 2024-01-31 03:46:30 --> Session: Class initialized using 'CodeIgniter\Session\Handlers\FileHandler' driver.
WARNING - 2024-01-31 03:46:30 --> Session: Sessions is enabled, and one exists. Please don't $session->start();
INFO - 2024-01-31 03:59:33 --> Session: Class initialized using 'CodeIgniter\Session\Handlers\FileHandler' driver.
WARNING - 2024-01-31 03:59:33 --> Session: Sessions is enabled, and one exists. Please don't $session->start();
INFO - 2024-01-31 03:59:51 --> Session: Class initialized using 'CodeIgniter\Session\Handlers\FileHandler' driver.
WARNING - 2024-01-31 03:59:51 --> Session: Sessions is enabled, and one exists. Please don't $session->start();
INFO - 2024-01-31 04:01:39 --> Session: Class initialized using 'CodeIgniter\Session\Handlers\FileHandler' driver.
WARNING - 2024-01-31 04:01:39 --> Session: Sessions is enabled, and one exists. Please don't $session->start();
INFO - 2024-01-31 04:01:57 --> Session: Class initialized using 'CodeIgniter\Session\Handlers\FileHandler' driver.
WARNING - 2024-01-31 04:01:57 --> Session: Sessions is enabled, and one exists. Please don't $session->start();
INFO - 2024-01-31 04:07:53 --> Session: Class initialized using 'CodeIgniter\Session\Handlers\FileHandler' driver.
WARNING - 2024-01-31 04:07:53 --> Session: Sessions is enabled, and one exists. Please don't $session->start();
INFO - 2024-01-31 04:08:08 --> Session: Class initialized using 'CodeIgniter\Session\Handlers\FileHandler' driver.
WARNING - 2024-01-31 04:08:08 --> Session: Sessions is enabled, and one exists. Please don't $session->start();
INFO - 2024-01-31 04:10:33 --> Session: Class initialized using 'CodeIgniter\Session\Handlers\FileHandler' driver.
WARNING - 2024-01-31 04:10:33 --> Session: Sessions is enabled, and one exists. Please don't $session->start();
INFO - 2024-01-31 04:10:38 --> Session: Class initialized using 'CodeIgniter\Session\Handlers\FileHandler' driver.
WARNING - 2024-01-31 04:10:38 --> Session: Sessions is enabled, and one exists. Please don't $session->start();
INFO - 2024-01-31 04:10:40 --> Session: Class initialized using 'CodeIgniter\Session\Handlers\FileHandler' driver.
WARNING - 2024-01-31 04:10:40 --> Session: Sessions is enabled, and one exists. Please don't $session->start();
INFO - 2024-01-31 04:11:05 --> Session: Class initialized using 'CodeIgniter\Session\Handlers\FileHandler' driver.
WARNING - 2024-01-31 04:11:05 --> Session: Sessions is enabled, and one exists. Please don't $session->start();
INFO - 2024-01-31 04:11:10 --> Session: Class initialized using 'CodeIgniter\Session\Handlers\FileHandler' driver.
WARNING - 2024-01-31 04:11:10 --> Session: Sessions is enabled, and one exists. Please don't $session->start();
INFO - 2024-01-31 04:11:25 --> Session: Class initialized using 'CodeIgniter\Session\Handlers\FileHandler' driver.
WARNING - 2024-01-31 04:11:25 --> Session: Sessions is enabled, and one exists. Please don't $session->start();
INFO - 2024-01-31 04:11:42 --> Session: Class initialized using 'CodeIgniter\Session\Handlers\FileHandler' driver.
WARNING - 2024-01-31 04:11:42 --> Session: Sessions is enabled, and one exists. Please don't $session->start();
INFO - 2024-01-31 04:13:09 --> Session: Class initialized using 'CodeIgniter\Session\Handlers\FileHandler' driver.
WARNING - 2024-01-31 04:13:09 --> Session: Sessions is enabled, and one exists. Please don't $session->start();
INFO - 2024-01-31 04:13:31 --> Session: Class initialized using 'CodeIgniter\Session\Handlers\FileHandler' driver.
WARNING - 2024-01-31 04:13:31 --> Session: Sessions is enabled, and one exists. Please don't $session->start();
INFO - 2024-01-31 04:14:13 --> Session: Class initialized using 'CodeIgniter\Session\Handlers\FileHandler' driver.
WARNING - 2024-01-31 04:14:13 --> Session: Sessions is enabled, and one exists. Please don't $session->start();
INFO - 2024-01-31 04:15:18 --> Session: Class initialized using 'CodeIgniter\Session\Handlers\FileHandler' driver.
WARNING - 2024-01-31 04:15:18 --> Session: Sessions is enabled, and one exists. Please don't $session->start();
INFO - 2024-01-31 04:15:44 --> Session: Class initialized using 'CodeIgniter\Session\Handlers\FileHandler' driver.
WARNING - 2024-01-31 04:15:44 --> Session: Sessions is enabled, and one exists. Please don't $session->start();
INFO - 2024-01-31 04:16:28 --> Session: Class initialized using 'CodeIgniter\Session\Handlers\FileHandler' driver.
WARNING - 2024-01-31 04:16:28 --> Session: Sessions is enabled, and one exists. Please don't $session->start();
INFO - 2024-01-31 04:16:50 --> Session: Class initialized using 'CodeIgniter\Session\Handlers\FileHandler' driver.
WARNING - 2024-01-31 04:16:50 --> Session: Sessions is enabled, and one exists. Please don't $session->start();
INFO - 2024-01-31 04:16:56 --> Session: Class initialized using 'CodeIgniter\Session\Handlers\FileHandler' driver.
WARNING - 2024-01-31 04:16:56 --> Session: Sessions is enabled, and one exists. Please don't $session->start();
INFO - 2024-01-31 04:16:58 --> Session: Class initialized using 'CodeIgniter\Session\Handlers\FileHandler' driver.
WARNING - 2024-01-31 04:16:58 --> Session: Sessions is enabled, and one exists. Please don't $session->start();
INFO - 2024-01-31 04:20:12 --> Session: Class initialized using 'CodeIgniter\Session\Handlers\FileHandler' driver.
WARNING - 2024-01-31 04:20:12 --> Session: Sessions is enabled, and one exists. Please don't $session->start();
INFO - 2024-01-31 04:20:58 --> Session: Class initialized using 'CodeIgniter\Session\Handlers\FileHandler' driver.
WARNING - 2024-01-31 04:20:58 --> Session: Sessions is enabled, and one exists. Please don't $session->start();
INFO - 2024-01-31 04:24:11 --> Session: Class initialized using 'CodeIgniter\Session\Handlers\FileHandler' driver.
WARNING - 2024-01-31 04:24:11 --> Session: Sessions is enabled, and one exists. Please don't $session->start();
INFO - 2024-01-31 04:25:32 --> Session: Class initialized using 'CodeIgniter\Session\Handlers\FileHandler' driver.
WARNING - 2024-01-31 04:25:32 --> Session: Sessions is enabled, and one exists. Please don't $session->start();
INFO - 2024-01-31 04:26:33 --> Session: Class initialized using 'CodeIgniter\Session\Handlers\FileHandler' driver.
WARNING - 2024-01-31 04:26:33 --> Session: Sessions is enabled, and one exists. Please don't $session->start();
INFO - 2024-01-31 04:26:37 --> Session: Class initialized using 'CodeIgniter\Session\Handlers\FileHandler' driver.
WARNING - 2024-01-31 04:26:37 --> Session: Sessions is enabled, and one exists. Please don't $session->start();
INFO - 2024-01-31 04:26:55 --> Session: Class initialized using 'CodeIgniter\Session\Handlers\FileHandler' driver.
WARNING - 2024-01-31 04:26:55 --> Session: Sessions is enabled, and one exists. Please don't $session->start();
INFO - 2024-01-31 04:27:50 --> Session: Class initialized using 'CodeIgniter\Session\Handlers\FileHandler' driver.
WARNING - 2024-01-31 04:27:50 --> Session: Sessions is enabled, and one exists. Please don't $session->start();
INFO - 2024-01-31 04:28:01 --> Session: Class initialized using 'CodeIgniter\Session\Handlers\FileHandler' driver.
WARNING - 2024-01-31 04:28:01 --> Session: Sessions is enabled, and one exists. Please don't $session->start();
INFO - 2024-01-31 04:29:10 --> Session: Class initialized using 'CodeIgniter\Session\Handlers\FileHandler' driver.
WARNING - 2024-01-31 04:29:10 --> Session: Sessions is enabled, and one exists. Please don't $session->start();
INFO - 2024-01-31 04:34:05 --> Session: Class initialized using 'CodeIgniter\Session\Handlers\FileHandler' driver.
WARNING - 2024-01-31 04:34:05 --> Session: Sessions is enabled, and one exists. Please don't $session->start();
INFO - 2024-01-31 04:35:28 --> Session: Class initialized using 'CodeIgniter\Session\Handlers\FileHandler' driver.
WARNING - 2024-01-31 04:35:28 --> Session: Sessions is enabled, and one exists. Please don't $session->start();
INFO - 2024-01-31 04:37:13 --> Session: Class initialized using 'CodeIgniter\Session\Handlers\FileHandler' driver.
WARNING - 2024-01-31 04:37:13 --> Session: Sessions is enabled, and one exists. Please don't $session->start();
INFO - 2024-01-31 04:39:19 --> Session: Class initialized using 'CodeIgniter\Session\Handlers\FileHandler' driver.
WARNING - 2024-01-31 04:39:19 --> Session: Sessions is enabled, and one exists. Please don't $session->start();
INFO - 2024-01-31 04:39:44 --> Session: Class initialized using 'CodeIgniter\Session\Handlers\FileHandler' driver.
WARNING - 2024-01-31 04:39:44 --> Session: Sessions is enabled, and one exists. Please don't $session->start();
INFO - 2024-01-31 04:40:14 --> Session: Class initialized using 'CodeIgniter\Session\Handlers\FileHandler' driver.
WARNING - 2024-01-31 04:40:14 --> Session: Sessions is enabled, and one exists. Please don't $session->start();
INFO - 2024-01-31 04:40:49 --> Session: Class initialized using 'CodeIgniter\Session\Handlers\FileHandler' driver.
WARNING - 2024-01-31 04:40:49 --> Session: Sessions is enabled, and one exists. Please don't $session->start();
INFO - 2024-01-31 04:41:05 --> Session: Class initialized using 'CodeIgniter\Session\Handlers\FileHandler' driver.
WARNING - 2024-01-31 04:41:05 --> Session: Sessions is enabled, and one exists. Please don't $session->start();
INFO - 2024-01-31 04:41:16 --> Session: Class initialized using 'CodeIgniter\Session\Handlers\FileHandler' driver.
WARNING - 2024-01-31 04:41:16 --> Session: Sessions is enabled, and one exists. Please don't $session->start();
INFO - 2024-01-31 04:41:32 --> Session: Class initialized using 'CodeIgniter\Session\Handlers\FileHandler' driver.
WARNING - 2024-01-31 04:41:32 --> Session: Sessions is enabled, and one exists. Please don't $session->start();
INFO - 2024-01-31 04:42:23 --> Session: Class initialized using 'CodeIgniter\Session\Handlers\FileHandler' driver.
WARNING - 2024-01-31 04:42:23 --> Session: Sessions is enabled, and one exists. Please don't $session->start();
INFO - 2024-01-31 04:47:59 --> Session: Class initialized using 'CodeIgniter\Session\Handlers\FileHandler' driver.
WARNING - 2024-01-31 04:47:59 --> Session: Sessions is enabled, and one exists. Please don't $session->start();
INFO - 2024-01-31 04:53:15 --> Session: Class initialized using 'CodeIgniter\Session\Handlers\FileHandler' driver.
WARNING - 2024-01-31 04:53:15 --> Session: Sessions is enabled, and one exists. Please don't $session->start();
INFO - 2024-01-31 04:55:13 --> Session: Class initialized using 'CodeIgniter\Session\Handlers\FileHandler' driver.
WARNING - 2024-01-31 04:55:13 --> Session: Sessions is enabled, and one exists. Please don't $session->start();
INFO - 2024-01-31 04:55:51 --> Session: Class initialized using 'CodeIgniter\Session\Handlers\FileHandler' driver.
WARNING - 2024-01-31 04:55:51 --> Session: Sessions is enabled, and one exists. Please don't $session->start();
INFO - 2024-01-31 06:46:00 --> Session: Class initialized using 'CodeIgniter\Session\Handlers\FileHandler' driver.
WARNING - 2024-01-31 06:46:00 --> Session: Sessions is enabled, and one exists. Please don't $session->start();
INFO - 2024-01-31 06:46:35 --> Session: Class initialized using 'CodeIgniter\Session\Handlers\FileHandler' driver.
WARNING - 2024-01-31 06:46:35 --> Session: Sessions is enabled, and one exists. Please don't $session->start();
INFO - 2024-01-31 06:47:30 --> Session: Class initialized using 'CodeIgniter\Session\Handlers\FileHandler' driver.
WARNING - 2024-01-31 06:47:30 --> Session: Sessions is enabled, and one exists. Please don't $session->start();
INFO - 2024-01-31 07:01:51 --> Session: Class initialized using 'CodeIgniter\Session\Handlers\FileHandler' driver.
WARNING - 2024-01-31 07:01:51 --> Session: Sessions is enabled, and one exists. Please don't $session->start();
INFO - 2024-01-31 07:01:56 --> Session: Class initialized using 'CodeIgniter\Session\Handlers\FileHandler' driver.
WARNING - 2024-01-31 07:01:56 --> Session: Sessions is enabled, and one exists. Please don't $session->start();
INFO - 2024-01-31 07:02:11 --> Session: Class initialized using 'CodeIgniter\Session\Handlers\FileHandler' driver.
WARNING - 2024-01-31 07:02:11 --> Session: Sessions is enabled, and one exists. Please don't $session->start();
INFO - 2024-01-31 07:02:56 --> Session: Class initialized using 'CodeIgniter\Session\Handlers\FileHandler' driver.
WARNING - 2024-01-31 07:02:56 --> Session: Sessions is enabled, and one exists. Please don't $session->start();
INFO - 2024-01-31 07:03:08 --> Session: Class initialized using 'CodeIgniter\Session\Handlers\FileHandler' driver.
WARNING - 2024-01-31 07:03:08 --> Session: Sessions is enabled, and one exists. Please don't $session->start();
CRITICAL - 2024-01-31 07:03:08 --> ErrorException: strpos(): Offset not contained in string
in SYSTEMPATH\Validation\Validation.php on line 958.
 1 [internal function]: CodeIgniter\Debug\Exceptions->errorHandler(2, 'strpos(): Offset not contained in string', 'C:\\xampp\\htdocs\\POS_CODEIGNITER\\system\\Validation\\Validation.php', 958, [...])
 2 SYSTEMPATH\Validation\Validation.php(958): strpos('required|uploaded[gambarproduk]|max_size[gambarproduk, 2000]|mime_in[gambarproduk,image/png,image/jpg', '|', 102)
 3 SYSTEMPATH\Validation\Validation.php(595): CodeIgniter\Validation\Validation->splitRules([...])
 4 SYSTEMPATH\Controller.php(196): CodeIgniter\Validation\Validation->setRules([...], [])
 5 SYSTEMPATH\Controller.php(150): CodeIgniter\Controller->setValidator([...], [])
 6 APPPATH\Controllers\Barang.php(41): CodeIgniter\Controller->validate([...])
 7 SYSTEMPATH\CodeIgniter.php(941): App\Controllers\Barang->save()
 8 SYSTEMPATH\CodeIgniter.php(502): CodeIgniter\CodeIgniter->runController(Object(App\Controllers\Barang))
 9 SYSTEMPATH\CodeIgniter.php(361): CodeIgniter\CodeIgniter->handleRequest(null, Object(Config\Cache), false)
10 FCPATH\index.php(79): CodeIgniter\CodeIgniter->run()
11 SYSTEMPATH\Commands\Server\rewrite.php(47): require_once('C:\\xampp\\htdocs\\POS_CODEIGNITER\\public\\index.php')
INFO - 2024-01-31 07:03:49 --> Session: Class initialized using 'CodeIgniter\Session\Handlers\FileHandler' driver.
WARNING - 2024-01-31 07:03:49 --> Session: Sessions is enabled, and one exists. Please don't $session->start();
INFO - 2024-01-31 07:03:49 --> Session: Class initialized using 'CodeIgniter\Session\Handlers\FileHandler' driver.
WARNING - 2024-01-31 07:03:49 --> Session: Sessions is enabled, and one exists. Please don't $session->start();
INFO - 2024-01-31 07:04:00 --> Session: Class initialized using 'CodeIgniter\Session\Handlers\FileHandler' driver.
WARNING - 2024-01-31 07:04:00 --> Session: Sessions is enabled, and one exists. Please don't $session->start();
INFO - 2024-01-31 07:04:01 --> Session: Class initialized using 'CodeIgniter\Session\Handlers\FileHandler' driver.
WARNING - 2024-01-31 07:04:01 --> Session: Sessions is enabled, and one exists. Please don't $session->start();
INFO - 2024-01-31 07:04:23 --> Session: Class initialized using 'CodeIgniter\Session\Handlers\FileHandler' driver.
WARNING - 2024-01-31 07:04:23 --> Session: Sessions is enabled, and one exists. Please don't $session->start();
INFO - 2024-01-31 07:04:32 --> Session: Class initialized using 'CodeIgniter\Session\Handlers\FileHandler' driver.
WARNING - 2024-01-31 07:04:32 --> Session: Sessions is enabled, and one exists. Please don't $session->start();
INFO - 2024-01-31 07:04:33 --> Session: Class initialized using 'CodeIgniter\Session\Handlers\FileHandler' driver.
WARNING - 2024-01-31 07:04:33 --> Session: Sessions is enabled, and one exists. Please don't $session->start();
INFO - 2024-01-31 07:05:18 --> Session: Class initialized using 'CodeIgniter\Session\Handlers\FileHandler' driver.
WARNING - 2024-01-31 07:05:18 --> Session: Sessions is enabled, and one exists. Please don't $session->start();
INFO - 2024-01-31 07:05:31 --> Session: Class initialized using 'CodeIgniter\Session\Handlers\FileHandler' driver.
WARNING - 2024-01-31 07:05:31 --> Session: Sessions is enabled, and one exists. Please don't $session->start();
INFO - 2024-01-31 07:05:59 --> Session: Class initialized using 'CodeIgniter\Session\Handlers\FileHandler' driver.
WARNING - 2024-01-31 07:05:59 --> Session: Sessions is enabled, and one exists. Please don't $session->start();
INFO - 2024-01-31 07:06:45 --> Session: Class initialized using 'CodeIgniter\Session\Handlers\FileHandler' driver.
WARNING - 2024-01-31 07:06:45 --> Session: Sessions is enabled, and one exists. Please don't $session->start();
INFO - 2024-01-31 07:06:50 --> Session: Class initialized using 'CodeIgniter\Session\Handlers\FileHandler' driver.
WARNING - 2024-01-31 07:06:50 --> Session: Sessions is enabled, and one exists. Please don't $session->start();
INFO - 2024-01-31 07:06:59 --> Session: Class initialized using 'CodeIgniter\Session\Handlers\FileHandler' driver.
WARNING - 2024-01-31 07:06:59 --> Session: Sessions is enabled, and one exists. Please don't $session->start();
INFO - 2024-01-31 07:07:53 --> Session: Class initialized using 'CodeIgniter\Session\Handlers\FileHandler' driver.
WARNING - 2024-01-31 07:07:53 --> Session: Sessions is enabled, and one exists. Please don't $session->start();
INFO - 2024-01-31 07:07:57 --> Session: Class initialized using 'CodeIgniter\Session\Handlers\FileHandler' driver.
WARNING - 2024-01-31 07:07:57 --> Session: Sessions is enabled, and one exists. Please don't $session->start();
INFO - 2024-01-31 07:08:07 --> Session: Class initialized using 'CodeIgniter\Session\Handlers\FileHandler' driver.
WARNING - 2024-01-31 07:08:07 --> Session: Sessions is enabled, and one exists. Please don't $session->start();
INFO - 2024-01-31 07:08:56 --> Session: Class initialized using 'CodeIgniter\Session\Handlers\FileHandler' driver.
WARNING - 2024-01-31 07:08:56 --> Session: Sessions is enabled, and one exists. Please don't $session->start();
INFO - 2024-01-31 07:09:03 --> Session: Class initialized using 'CodeIgniter\Session\Handlers\FileHandler' driver.
WARNING - 2024-01-31 07:09:03 --> Session: Sessions is enabled, and one exists. Please don't $session->start();
INFO - 2024-01-31 07:09:16 --> Session: Class initialized using 'CodeIgniter\Session\Handlers\FileHandler' driver.
WARNING - 2024-01-31 07:09:16 --> Session: Sessions is enabled, and one exists. Please don't $session->start();
INFO - 2024-01-31 07:11:09 --> Session: Class initialized using 'CodeIgniter\Session\Handlers\FileHandler' driver.
WARNING - 2024-01-31 07:11:09 --> Session: Sessions is enabled, and one exists. Please don't $session->start();
INFO - 2024-01-31 07:11:19 --> Session: Class initialized using 'CodeIgniter\Session\Handlers\FileHandler' driver.
WARNING - 2024-01-31 07:11:19 --> Session: Sessions is enabled, and one exists. Please don't $session->start();
INFO - 2024-01-31 07:11:52 --> Session: Class initialized using 'CodeIgniter\Session\Handlers\FileHandler' driver.
WARNING - 2024-01-31 07:11:52 --> Session: Sessions is enabled, and one exists. Please don't $session->start();
INFO - 2024-01-31 07:21:27 --> Session: Class initialized using 'CodeIgniter\Session\Handlers\FileHandler' driver.
WARNING - 2024-01-31 07:21:27 --> Session: Sessions is enabled, and one exists. Please don't $session->start();
INFO - 2024-01-31 07:25:17 --> Session: Class initialized using 'CodeIgniter\Session\Handlers\FileHandler' driver.
WARNING - 2024-01-31 07:25:17 --> Session: Sessions is enabled, and one exists. Please don't $session->start();
INFO - 2024-01-31 07:28:53 --> Session: Class initialized using 'CodeIgniter\Session\Handlers\FileHandler' driver.
WARNING - 2024-01-31 07:28:53 --> Session: Sessions is enabled, and one exists. Please don't $session->start();
ERROR - 2024-01-31 07:28:54 --> ErrorException: pg_query(): Query failed: ERROR:  currval of sequence &quot;tbm_barang_nextid&quot; is not yet defined in this session in C:\xampp\htdocs\POS_CODEIGNITER\system\Database\Postgre\Connection.php:187
Stack trace:
#0 [internal function]: CodeIgniter\Debug\Exceptions->errorHandler(2, 'pg_query(): Que...', 'C:\\xampp\\htdocs...', 187, Array)
#1 C:\xampp\htdocs\POS_CODEIGNITER\system\Database\Postgre\Connection.php(187): pg_query(Resource id #155, 'SELECT CURRVAL(...')
#2 C:\xampp\htdocs\POS_CODEIGNITER\system\Database\BaseConnection.php(693): CodeIgniter\Database\Postgre\Connection->execute('SELECT CURRVAL(...')
#3 C:\xampp\htdocs\POS_CODEIGNITER\system\Database\BaseConnection.php(607): CodeIgniter\Database\BaseConnection->simpleQuery('SELECT CURRVAL(...')
#4 C:\xampp\htdocs\POS_CODEIGNITER\app\Controllers\Barang.php(98): CodeIgniter\Database\BaseConnection->query('SELECT CURRVAL(...')
#5 C:\xampp\htdocs\POS_CODEIGNITER\system\CodeIgniter.php(941): App\Controllers\Barang->save()
#6 C:\xampp\htdocs\POS_CODEIGNITER\system\CodeIgniter.php(502): CodeIgniter\CodeIgniter->runController(Object(App\Controllers\Barang))
#7 C:\xampp\htdocs\POS_CODEIGNITER\system\CodeIgniter.php(361): CodeIgniter\CodeIgniter->handleRequest(NULL, Object(Config\Cache), false)
#8 C:\xampp\htdocs\POS_CODEIGNITER\public\index.php(79): CodeIgniter\CodeIgniter->run()
#9 C:\xampp\htdocs\POS_CODEIGNITER\system\Commands\Server\rewrite.php(47): require_once('C:\\xampp\\htdocs...')
#10 {main}
CRITICAL - 2024-01-31 07:28:54 --> CodeIgniter\Database\Exceptions\DatabaseException: pg_query(): Query failed: ERROR:  currval of sequence &quot;tbm_barang_nextid&quot; is not yet defined in this session
in SYSTEMPATH\Database\BaseConnection.php on line 647.
 1 APPPATH\Controllers\Barang.php(98): CodeIgniter\Database\BaseConnection->query('SELECT CURRVAL(\'tbm_barang_nextid\')')
 2 SYSTEMPATH\CodeIgniter.php(941): App\Controllers\Barang->save()
 3 SYSTEMPATH\CodeIgniter.php(502): CodeIgniter\CodeIgniter->runController(Object(App\Controllers\Barang))
 4 SYSTEMPATH\CodeIgniter.php(361): CodeIgniter\CodeIgniter->handleRequest(null, Object(Config\Cache), false)
 5 FCPATH\index.php(79): CodeIgniter\CodeIgniter->run()
 6 SYSTEMPATH\Commands\Server\rewrite.php(47): require_once('C:\\xampp\\htdocs\\POS_CODEIGNITER\\public\\index.php')
CRITICAL - 2024-01-31 07:28:54 --> [Caused by] CodeIgniter\Database\Exceptions\DatabaseException: pg_query(): Query failed: ERROR:  currval of sequence &quot;tbm_barang_nextid&quot; is not yet defined in this session
in SYSTEMPATH\Database\Postgre\Connection.php on line 192.
 1 SYSTEMPATH\Database\BaseConnection.php(693): CodeIgniter\Database\Postgre\Connection->execute('SELECT CURRVAL(\'tbm_barang_nextid\')')
 2 SYSTEMPATH\Database\BaseConnection.php(607): CodeIgniter\Database\BaseConnection->simpleQuery('SELECT CURRVAL(\'tbm_barang_nextid\')')
 3 APPPATH\Controllers\Barang.php(98): CodeIgniter\Database\BaseConnection->query('SELECT CURRVAL(\'tbm_barang_nextid\')')
 4 SYSTEMPATH\CodeIgniter.php(941): App\Controllers\Barang->save()
 5 SYSTEMPATH\CodeIgniter.php(502): CodeIgniter\CodeIgniter->runController(Object(App\Controllers\Barang))
 6 SYSTEMPATH\CodeIgniter.php(361): CodeIgniter\CodeIgniter->handleRequest(null, Object(Config\Cache), false)
 7 FCPATH\index.php(79): CodeIgniter\CodeIgniter->run()
 8 SYSTEMPATH\Commands\Server\rewrite.php(47): require_once('C:\\xampp\\htdocs\\POS_CODEIGNITER\\public\\index.php')
CRITICAL - 2024-01-31 07:28:54 --> [Caused by] ErrorException: pg_query(): Query failed: ERROR:  currval of sequence &quot;tbm_barang_nextid&quot; is not yet defined in this session
in SYSTEMPATH\Database\Postgre\Connection.php on line 187.
 1 [internal function]: CodeIgniter\Debug\Exceptions->errorHandler(2, 'pg_query(): Query failed: ERROR:  currval of sequence &quot;tbm_barang_nextid&quot; is not yet defined in this session', 'C:\\xampp\\htdocs\\POS_CODEIGNITER\\system\\Database\\Postgre\\Connection.php', 187, [...])
 2 SYSTEMPATH\Database\Postgre\Connection.php(187): pg_query(resource (pgsql link), 'SELECT CURRVAL(\'tbm_barang_nextid\')')
 3 SYSTEMPATH\Database\BaseConnection.php(693): CodeIgniter\Database\Postgre\Connection->execute('SELECT CURRVAL(\'tbm_barang_nextid\')')
 4 SYSTEMPATH\Database\BaseConnection.php(607): CodeIgniter\Database\BaseConnection->simpleQuery('SELECT CURRVAL(\'tbm_barang_nextid\')')
 5 APPPATH\Controllers\Barang.php(98): CodeIgniter\Database\BaseConnection->query('SELECT CURRVAL(\'tbm_barang_nextid\')')
 6 SYSTEMPATH\CodeIgniter.php(941): App\Controllers\Barang->save()
 7 SYSTEMPATH\CodeIgniter.php(502): CodeIgniter\CodeIgniter->runController(Object(App\Controllers\Barang))
 8 SYSTEMPATH\CodeIgniter.php(361): CodeIgniter\CodeIgniter->handleRequest(null, Object(Config\Cache), false)
 9 FCPATH\index.php(79): CodeIgniter\CodeIgniter->run()
10 SYSTEMPATH\Commands\Server\rewrite.php(47): require_once('C:\\xampp\\htdocs\\POS_CODEIGNITER\\public\\index.php')
INFO - 2024-01-31 07:29:09 --> Session: Class initialized using 'CodeIgniter\Session\Handlers\FileHandler' driver.
WARNING - 2024-01-31 07:29:09 --> Session: Sessions is enabled, and one exists. Please don't $session->start();
ERROR - 2024-01-31 07:29:11 --> ErrorException: pg_query(): Query failed: ERROR:  function last_val(unknown) does not exist
LINE 1: SELECT LAST_VAL('tbm_barang_nextid')
               ^
HINT:  No function matches the given name and argument types. You might need to add explicit type casts. in C:\xampp\htdocs\POS_CODEIGNITER\system\Database\Postgre\Connection.php:187
Stack trace:
#0 [internal function]: CodeIgniter\Debug\Exceptions->errorHandler(2, 'pg_query(): Que...', 'C:\\xampp\\htdocs...', 187, Array)
#1 C:\xampp\htdocs\POS_CODEIGNITER\system\Database\Postgre\Connection.php(187): pg_query(Resource id #154, 'SELECT LAST_VAL...')
#2 C:\xampp\htdocs\POS_CODEIGNITER\system\Database\BaseConnection.php(693): CodeIgniter\Database\Postgre\Connection->execute('SELECT LAST_VAL...')
#3 C:\xampp\htdocs\POS_CODEIGNITER\system\Database\BaseConnection.php(607): CodeIgniter\Database\BaseConnection->simpleQuery('SELECT LAST_VAL...')
#4 C:\xampp\htdocs\POS_CODEIGNITER\app\Controllers\Barang.php(98): CodeIgniter\Database\BaseConnection->query('SELECT LAST_VAL...')
#5 C:\xampp\htdocs\POS_CODEIGNITER\system\CodeIgniter.php(941): App\Controllers\Barang->save()
#6 C:\xampp\htdocs\POS_CODEIGNITER\system\CodeIgniter.php(502): CodeIgniter\CodeIgniter->runController(Object(App\Controllers\Barang))
#7 C:\xampp\htdocs\POS_CODEIGNITER\system\CodeIgniter.php(361): CodeIgniter\CodeIgniter->handleRequest(NULL, Object(Config\Cache), false)
#8 C:\xampp\htdocs\POS_CODEIGNITER\public\index.php(79): CodeIgniter\CodeIgniter->run()
#9 C:\xampp\htdocs\POS_CODEIGNITER\system\Commands\Server\rewrite.php(47): require_once('C:\\xampp\\htdocs...')
#10 {main}
CRITICAL - 2024-01-31 07:29:11 --> CodeIgniter\Database\Exceptions\DatabaseException: pg_query(): Query failed: ERROR:  function last_val(unknown) does not exist
LINE 1: SELECT LAST_VAL('tbm_barang_nextid')
               ^
HINT:  No function matches the given name and argument types. You might need to add explicit type casts.
in SYSTEMPATH\Database\BaseConnection.php on line 647.
 1 APPPATH\Controllers\Barang.php(98): CodeIgniter\Database\BaseConnection->query('SELECT LAST_VAL(\'tbm_barang_nextid\')')
 2 SYSTEMPATH\CodeIgniter.php(941): App\Controllers\Barang->save()
 3 SYSTEMPATH\CodeIgniter.php(502): CodeIgniter\CodeIgniter->runController(Object(App\Controllers\Barang))
 4 SYSTEMPATH\CodeIgniter.php(361): CodeIgniter\CodeIgniter->handleRequest(null, Object(Config\Cache), false)
 5 FCPATH\index.php(79): CodeIgniter\CodeIgniter->run()
 6 SYSTEMPATH\Commands\Server\rewrite.php(47): require_once('C:\\xampp\\htdocs\\POS_CODEIGNITER\\public\\index.php')
CRITICAL - 2024-01-31 07:29:11 --> [Caused by] CodeIgniter\Database\Exceptions\DatabaseException: pg_query(): Query failed: ERROR:  function last_val(unknown) does not exist
LINE 1: SELECT LAST_VAL('tbm_barang_nextid')
               ^
HINT:  No function matches the given name and argument types. You might need to add explicit type casts.
in SYSTEMPATH\Database\Postgre\Connection.php on line 192.
 1 SYSTEMPATH\Database\BaseConnection.php(693): CodeIgniter\Database\Postgre\Connection->execute('SELECT LAST_VAL(\'tbm_barang_nextid\')')
 2 SYSTEMPATH\Database\BaseConnection.php(607): CodeIgniter\Database\BaseConnection->simpleQuery('SELECT LAST_VAL(\'tbm_barang_nextid\')')
 3 APPPATH\Controllers\Barang.php(98): CodeIgniter\Database\BaseConnection->query('SELECT LAST_VAL(\'tbm_barang_nextid\')')
 4 SYSTEMPATH\CodeIgniter.php(941): App\Controllers\Barang->save()
 5 SYSTEMPATH\CodeIgniter.php(502): CodeIgniter\CodeIgniter->runController(Object(App\Controllers\Barang))
 6 SYSTEMPATH\CodeIgniter.php(361): CodeIgniter\CodeIgniter->handleRequest(null, Object(Config\Cache), false)
 7 FCPATH\index.php(79): CodeIgniter\CodeIgniter->run()
 8 SYSTEMPATH\Commands\Server\rewrite.php(47): require_once('C:\\xampp\\htdocs\\POS_CODEIGNITER\\public\\index.php')
CRITICAL - 2024-01-31 07:29:11 --> [Caused by] ErrorException: pg_query(): Query failed: ERROR:  function last_val(unknown) does not exist
LINE 1: SELECT LAST_VAL('tbm_barang_nextid')
               ^
HINT:  No function matches the given name and argument types. You might need to add explicit type casts.
in SYSTEMPATH\Database\Postgre\Connection.php on line 187.
 1 [internal function]: CodeIgniter\Debug\Exceptions->errorHandler(2, 'pg_query(): Query failed: ERROR:  function last_val(unknown) does not exist
LINE 1: SELECT LAST_VAL(\'tbm_barang_nextid\')
               ^
HINT:  No function matches the given name and argument types. You might need to add explicit type casts.', 'C:\\xampp\\htdocs\\POS_CODEIGNITER\\system\\Database\\Postgre\\Connection.php', 187, [...])
 2 SYSTEMPATH\Database\Postgre\Connection.php(187): pg_query(resource (pgsql link), 'SELECT LAST_VAL(\'tbm_barang_nextid\')')
 3 SYSTEMPATH\Database\BaseConnection.php(693): CodeIgniter\Database\Postgre\Connection->execute('SELECT LAST_VAL(\'tbm_barang_nextid\')')
 4 SYSTEMPATH\Database\BaseConnection.php(607): CodeIgniter\Database\BaseConnection->simpleQuery('SELECT LAST_VAL(\'tbm_barang_nextid\')')
 5 APPPATH\Controllers\Barang.php(98): CodeIgniter\Database\BaseConnection->query('SELECT LAST_VAL(\'tbm_barang_nextid\')')
 6 SYSTEMPATH\CodeIgniter.php(941): App\Controllers\Barang->save()
 7 SYSTEMPATH\CodeIgniter.php(502): CodeIgniter\CodeIgniter->runController(Object(App\Controllers\Barang))
 8 SYSTEMPATH\CodeIgniter.php(361): CodeIgniter\CodeIgniter->handleRequest(null, Object(Config\Cache), false)
 9 FCPATH\index.php(79): CodeIgniter\CodeIgniter->run()
10 SYSTEMPATH\Commands\Server\rewrite.php(47): require_once('C:\\xampp\\htdocs\\POS_CODEIGNITER\\public\\index.php')
INFO - 2024-01-31 07:35:08 --> Session: Class initialized using 'CodeIgniter\Session\Handlers\FileHandler' driver.
WARNING - 2024-01-31 07:35:08 --> Session: Sessions is enabled, and one exists. Please don't $session->start();
INFO - 2024-01-31 07:35:22 --> Session: Class initialized using 'CodeIgniter\Session\Handlers\FileHandler' driver.
WARNING - 2024-01-31 07:35:22 --> Session: Sessions is enabled, and one exists. Please don't $session->start();
INFO - 2024-01-31 07:35:28 --> Session: Class initialized using 'CodeIgniter\Session\Handlers\FileHandler' driver.
WARNING - 2024-01-31 07:35:28 --> Session: Sessions is enabled, and one exists. Please don't $session->start();
INFO - 2024-01-31 07:35:30 --> Session: Class initialized using 'CodeIgniter\Session\Handlers\FileHandler' driver.
WARNING - 2024-01-31 07:35:30 --> Session: Sessions is enabled, and one exists. Please don't $session->start();
INFO - 2024-01-31 07:36:08 --> Session: Class initialized using 'CodeIgniter\Session\Handlers\FileHandler' driver.
WARNING - 2024-01-31 07:36:08 --> Session: Sessions is enabled, and one exists. Please don't $session->start();
CRITICAL - 2024-01-31 07:36:10 --> Error: Object of class stdClass could not be converted to string
in APPPATH\Controllers\Barang.php on line 105.
 1 SYSTEMPATH\CodeIgniter.php(941): App\Controllers\Barang->save()
 2 SYSTEMPATH\CodeIgniter.php(502): CodeIgniter\CodeIgniter->runController(Object(App\Controllers\Barang))
 3 SYSTEMPATH\CodeIgniter.php(361): CodeIgniter\CodeIgniter->handleRequest(null, Object(Config\Cache), false)
 4 FCPATH\index.php(79): CodeIgniter\CodeIgniter->run()
 5 SYSTEMPATH\Commands\Server\rewrite.php(47): require_once('C:\\xampp\\htdocs\\POS_CODEIGNITER\\public\\index.php')
INFO - 2024-01-31 07:36:35 --> Session: Class initialized using 'CodeIgniter\Session\Handlers\FileHandler' driver.
WARNING - 2024-01-31 07:36:35 --> Session: Sessions is enabled, and one exists. Please don't $session->start();
INFO - 2024-01-31 07:37:01 --> Session: Class initialized using 'CodeIgniter\Session\Handlers\FileHandler' driver.
WARNING - 2024-01-31 07:37:01 --> Session: Sessions is enabled, and one exists. Please don't $session->start();
INFO - 2024-01-31 07:41:07 --> Session: Class initialized using 'CodeIgniter\Session\Handlers\FileHandler' driver.
WARNING - 2024-01-31 07:41:07 --> Session: Sessions is enabled, and one exists. Please don't $session->start();
INFO - 2024-01-31 07:41:36 --> Session: Class initialized using 'CodeIgniter\Session\Handlers\FileHandler' driver.
WARNING - 2024-01-31 07:41:36 --> Session: Sessions is enabled, and one exists. Please don't $session->start();
INFO - 2024-01-31 07:41:37 --> Session: Class initialized using 'CodeIgniter\Session\Handlers\FileHandler' driver.
WARNING - 2024-01-31 07:41:37 --> Session: Sessions is enabled, and one exists. Please don't $session->start();
INFO - 2024-01-31 07:42:34 --> Session: Class initialized using 'CodeIgniter\Session\Handlers\FileHandler' driver.
WARNING - 2024-01-31 07:42:34 --> Session: Sessions is enabled, and one exists. Please don't $session->start();
INFO - 2024-01-31 07:43:17 --> Session: Class initialized using 'CodeIgniter\Session\Handlers\FileHandler' driver.
WARNING - 2024-01-31 07:43:17 --> Session: Sessions is enabled, and one exists. Please don't $session->start();
INFO - 2024-01-31 07:43:21 --> Session: Class initialized using 'CodeIgniter\Session\Handlers\FileHandler' driver.
WARNING - 2024-01-31 07:43:21 --> Session: Sessions is enabled, and one exists. Please don't $session->start();
INFO - 2024-01-31 07:43:33 --> Session: Class initialized using 'CodeIgniter\Session\Handlers\FileHandler' driver.
WARNING - 2024-01-31 07:43:33 --> Session: Sessions is enabled, and one exists. Please don't $session->start();
INFO - 2024-01-31 07:43:36 --> Session: Class initialized using 'CodeIgniter\Session\Handlers\FileHandler' driver.
WARNING - 2024-01-31 07:43:36 --> Session: Sessions is enabled, and one exists. Please don't $session->start();
INFO - 2024-01-31 07:45:29 --> Session: Class initialized using 'CodeIgniter\Session\Handlers\FileHandler' driver.
WARNING - 2024-01-31 07:45:29 --> Session: Sessions is enabled, and one exists. Please don't $session->start();
INFO - 2024-01-31 07:45:33 --> Session: Class initialized using 'CodeIgniter\Session\Handlers\FileHandler' driver.
WARNING - 2024-01-31 07:45:33 --> Session: Sessions is enabled, and one exists. Please don't $session->start();
INFO - 2024-01-31 07:46:19 --> Session: Class initialized using 'CodeIgniter\Session\Handlers\FileHandler' driver.
WARNING - 2024-01-31 07:46:19 --> Session: Sessions is enabled, and one exists. Please don't $session->start();
INFO - 2024-01-31 07:46:32 --> Session: Class initialized using 'CodeIgniter\Session\Handlers\FileHandler' driver.
WARNING - 2024-01-31 07:46:32 --> Session: Sessions is enabled, and one exists. Please don't $session->start();
INFO - 2024-01-31 07:46:41 --> Session: Class initialized using 'CodeIgniter\Session\Handlers\FileHandler' driver.
WARNING - 2024-01-31 07:46:41 --> Session: Sessions is enabled, and one exists. Please don't $session->start();
INFO - 2024-01-31 07:46:57 --> Session: Class initialized using 'CodeIgniter\Session\Handlers\FileHandler' driver.
WARNING - 2024-01-31 07:46:57 --> Session: Sessions is enabled, and one exists. Please don't $session->start();
INFO - 2024-01-31 07:46:57 --> Session: Class initialized using 'CodeIgniter\Session\Handlers\FileHandler' driver.
WARNING - 2024-01-31 07:46:57 --> Session: Sessions is enabled, and one exists. Please don't $session->start();
INFO - 2024-01-31 07:47:05 --> Session: Class initialized using 'CodeIgniter\Session\Handlers\FileHandler' driver.
WARNING - 2024-01-31 07:47:05 --> Session: Sessions is enabled, and one exists. Please don't $session->start();
INFO - 2024-01-31 07:47:05 --> Session: Class initialized using 'CodeIgniter\Session\Handlers\FileHandler' driver.
WARNING - 2024-01-31 07:47:05 --> Session: Sessions is enabled, and one exists. Please don't $session->start();
INFO - 2024-01-31 07:47:41 --> Session: Class initialized using 'CodeIgniter\Session\Handlers\FileHandler' driver.
WARNING - 2024-01-31 07:47:41 --> Session: Sessions is enabled, and one exists. Please don't $session->start();
INFO - 2024-01-31 07:47:50 --> Session: Class initialized using 'CodeIgniter\Session\Handlers\FileHandler' driver.
WARNING - 2024-01-31 07:47:50 --> Session: Sessions is enabled, and one exists. Please don't $session->start();
INFO - 2024-01-31 07:48:46 --> Session: Class initialized using 'CodeIgniter\Session\Handlers\FileHandler' driver.
WARNING - 2024-01-31 07:48:46 --> Session: Sessions is enabled, and one exists. Please don't $session->start();
ERROR - 2024-01-31 07:48:47 --> ErrorException: pg_query(): Query failed: ERROR:  currval of sequence &quot;tbm_barang_nextid&quot; is not yet defined in this session in C:\xampp\htdocs\POS_CODEIGNITER\system\Database\Postgre\Connection.php:187
Stack trace:
#0 [internal function]: CodeIgniter\Debug\Exceptions->errorHandler(2, 'pg_query(): Que...', 'C:\\xampp\\htdocs...', 187, Array)
#1 C:\xampp\htdocs\POS_CODEIGNITER\system\Database\Postgre\Connection.php(187): pg_query(Resource id #154, 'SELECT CURRVAL(...')
#2 C:\xampp\htdocs\POS_CODEIGNITER\system\Database\BaseConnection.php(693): CodeIgniter\Database\Postgre\Connection->execute('SELECT CURRVAL(...')
#3 C:\xampp\htdocs\POS_CODEIGNITER\system\Database\BaseConnection.php(607): CodeIgniter\Database\BaseConnection->simpleQuery('SELECT CURRVAL(...')
#4 C:\xampp\htdocs\POS_CODEIGNITER\app\Controllers\Barang.php(97): CodeIgniter\Database\BaseConnection->query('SELECT CURRVAL(...')
#5 C:\xampp\htdocs\POS_CODEIGNITER\system\CodeIgniter.php(941): App\Controllers\Barang->save()
#6 C:\xampp\htdocs\POS_CODEIGNITER\system\CodeIgniter.php(502): CodeIgniter\CodeIgniter->runController(Object(App\Controllers\Barang))
#7 C:\xampp\htdocs\POS_CODEIGNITER\system\CodeIgniter.php(361): CodeIgniter\CodeIgniter->handleRequest(NULL, Object(Config\Cache), false)
#8 C:\xampp\htdocs\POS_CODEIGNITER\public\index.php(79): CodeIgniter\CodeIgniter->run()
#9 C:\xampp\htdocs\POS_CODEIGNITER\system\Commands\Server\rewrite.php(47): require_once('C:\\xampp\\htdocs...')
#10 {main}
CRITICAL - 2024-01-31 07:48:47 --> CodeIgniter\Database\Exceptions\DatabaseException: pg_query(): Query failed: ERROR:  currval of sequence &quot;tbm_barang_nextid&quot; is not yet defined in this session
in SYSTEMPATH\Database\BaseConnection.php on line 647.
 1 APPPATH\Controllers\Barang.php(97): CodeIgniter\Database\BaseConnection->query('SELECT CURRVAL(\'tbm_barang_nextid\')')
 2 SYSTEMPATH\CodeIgniter.php(941): App\Controllers\Barang->save()
 3 SYSTEMPATH\CodeIgniter.php(502): CodeIgniter\CodeIgniter->runController(Object(App\Controllers\Barang))
 4 SYSTEMPATH\CodeIgniter.php(361): CodeIgniter\CodeIgniter->handleRequest(null, Object(Config\Cache), false)
 5 FCPATH\index.php(79): CodeIgniter\CodeIgniter->run()
 6 SYSTEMPATH\Commands\Server\rewrite.php(47): require_once('C:\\xampp\\htdocs\\POS_CODEIGNITER\\public\\index.php')
CRITICAL - 2024-01-31 07:48:47 --> [Caused by] CodeIgniter\Database\Exceptions\DatabaseException: pg_query(): Query failed: ERROR:  currval of sequence &quot;tbm_barang_nextid&quot; is not yet defined in this session
in SYSTEMPATH\Database\Postgre\Connection.php on line 192.
 1 SYSTEMPATH\Database\BaseConnection.php(693): CodeIgniter\Database\Postgre\Connection->execute('SELECT CURRVAL(\'tbm_barang_nextid\')')
 2 SYSTEMPATH\Database\BaseConnection.php(607): CodeIgniter\Database\BaseConnection->simpleQuery('SELECT CURRVAL(\'tbm_barang_nextid\')')
 3 APPPATH\Controllers\Barang.php(97): CodeIgniter\Database\BaseConnection->query('SELECT CURRVAL(\'tbm_barang_nextid\')')
 4 SYSTEMPATH\CodeIgniter.php(941): App\Controllers\Barang->save()
 5 SYSTEMPATH\CodeIgniter.php(502): CodeIgniter\CodeIgniter->runController(Object(App\Controllers\Barang))
 6 SYSTEMPATH\CodeIgniter.php(361): CodeIgniter\CodeIgniter->handleRequest(null, Object(Config\Cache), false)
 7 FCPATH\index.php(79): CodeIgniter\CodeIgniter->run()
 8 SYSTEMPATH\Commands\Server\rewrite.php(47): require_once('C:\\xampp\\htdocs\\POS_CODEIGNITER\\public\\index.php')
CRITICAL - 2024-01-31 07:48:47 --> [Caused by] ErrorException: pg_query(): Query failed: ERROR:  currval of sequence &quot;tbm_barang_nextid&quot; is not yet defined in this session
in SYSTEMPATH\Database\Postgre\Connection.php on line 187.
 1 [internal function]: CodeIgniter\Debug\Exceptions->errorHandler(2, 'pg_query(): Query failed: ERROR:  currval of sequence &quot;tbm_barang_nextid&quot; is not yet defined in this session', 'C:\\xampp\\htdocs\\POS_CODEIGNITER\\system\\Database\\Postgre\\Connection.php', 187, [...])
 2 SYSTEMPATH\Database\Postgre\Connection.php(187): pg_query(resource (pgsql link), 'SELECT CURRVAL(\'tbm_barang_nextid\')')
 3 SYSTEMPATH\Database\BaseConnection.php(693): CodeIgniter\Database\Postgre\Connection->execute('SELECT CURRVAL(\'tbm_barang_nextid\')')
 4 SYSTEMPATH\Database\BaseConnection.php(607): CodeIgniter\Database\BaseConnection->simpleQuery('SELECT CURRVAL(\'tbm_barang_nextid\')')
 5 APPPATH\Controllers\Barang.php(97): CodeIgniter\Database\BaseConnection->query('SELECT CURRVAL(\'tbm_barang_nextid\')')
 6 SYSTEMPATH\CodeIgniter.php(941): App\Controllers\Barang->save()
 7 SYSTEMPATH\CodeIgniter.php(502): CodeIgniter\CodeIgniter->runController(Object(App\Controllers\Barang))
 8 SYSTEMPATH\CodeIgniter.php(361): CodeIgniter\CodeIgniter->handleRequest(null, Object(Config\Cache), false)
 9 FCPATH\index.php(79): CodeIgniter\CodeIgniter->run()
10 SYSTEMPATH\Commands\Server\rewrite.php(47): require_once('C:\\xampp\\htdocs\\POS_CODEIGNITER\\public\\index.php')
INFO - 2024-01-31 07:48:58 --> Session: Class initialized using 'CodeIgniter\Session\Handlers\FileHandler' driver.
WARNING - 2024-01-31 07:48:58 --> Session: Sessions is enabled, and one exists. Please don't $session->start();
CRITICAL - 2024-01-31 07:48:58 --> ErrorException: Undefined variable: currval
in APPPATH\Controllers\Barang.php on line 99.
 1 APPPATH\Controllers\Barang.php(99): CodeIgniter\Debug\Exceptions->errorHandler(8, 'Undefined variable: currval', 'C:\\xampp\\htdocs\\POS_CODEIGNITER\\app\\Controllers\\Barang.php', 99, [...])
 2 SYSTEMPATH\CodeIgniter.php(941): App\Controllers\Barang->save()
 3 SYSTEMPATH\CodeIgniter.php(502): CodeIgniter\CodeIgniter->runController(Object(App\Controllers\Barang))
 4 SYSTEMPATH\CodeIgniter.php(361): CodeIgniter\CodeIgniter->handleRequest(null, Object(Config\Cache), false)
 5 FCPATH\index.php(79): CodeIgniter\CodeIgniter->run()
 6 SYSTEMPATH\Commands\Server\rewrite.php(47): require_once('C:\\xampp\\htdocs\\POS_CODEIGNITER\\public\\index.php')
INFO - 2024-01-31 07:49:26 --> Session: Class initialized using 'CodeIgniter\Session\Handlers\FileHandler' driver.
WARNING - 2024-01-31 07:49:26 --> Session: Sessions is enabled, and one exists. Please don't $session->start();
INFO - 2024-01-31 07:50:15 --> Session: Class initialized using 'CodeIgniter\Session\Handlers\FileHandler' driver.
WARNING - 2024-01-31 07:50:15 --> Session: Sessions is enabled, and one exists. Please don't $session->start();
INFO - 2024-01-31 07:51:29 --> Session: Class initialized using 'CodeIgniter\Session\Handlers\FileHandler' driver.
WARNING - 2024-01-31 07:51:29 --> Session: Sessions is enabled, and one exists. Please don't $session->start();
INFO - 2024-01-31 07:51:35 --> Session: Class initialized using 'CodeIgniter\Session\Handlers\FileHandler' driver.
WARNING - 2024-01-31 07:51:35 --> Session: Sessions is enabled, and one exists. Please don't $session->start();
INFO - 2024-01-31 07:51:40 --> Session: Class initialized using 'CodeIgniter\Session\Handlers\FileHandler' driver.
WARNING - 2024-01-31 07:51:40 --> Session: Sessions is enabled, and one exists. Please don't $session->start();
INFO - 2024-01-31 07:51:42 --> Session: Class initialized using 'CodeIgniter\Session\Handlers\FileHandler' driver.
WARNING - 2024-01-31 07:51:42 --> Session: Sessions is enabled, and one exists. Please don't $session->start();
INFO - 2024-01-31 07:51:44 --> Session: Class initialized using 'CodeIgniter\Session\Handlers\FileHandler' driver.
WARNING - 2024-01-31 07:51:44 --> Session: Sessions is enabled, and one exists. Please don't $session->start();
INFO - 2024-01-31 07:52:25 --> Session: Class initialized using 'CodeIgniter\Session\Handlers\FileHandler' driver.
WARNING - 2024-01-31 07:52:25 --> Session: Sessions is enabled, and one exists. Please don't $session->start();
INFO - 2024-01-31 07:52:29 --> Session: Class initialized using 'CodeIgniter\Session\Handlers\FileHandler' driver.
WARNING - 2024-01-31 07:52:29 --> Session: Sessions is enabled, and one exists. Please don't $session->start();
INFO - 2024-01-31 07:54:11 --> Session: Class initialized using 'CodeIgniter\Session\Handlers\FileHandler' driver.
WARNING - 2024-01-31 07:54:11 --> Session: Sessions is enabled, and one exists. Please don't $session->start();
INFO - 2024-01-31 07:54:49 --> Session: Class initialized using 'CodeIgniter\Session\Handlers\FileHandler' driver.
WARNING - 2024-01-31 07:54:49 --> Session: Sessions is enabled, and one exists. Please don't $session->start();
INFO - 2024-01-31 07:54:51 --> Session: Class initialized using 'CodeIgniter\Session\Handlers\FileHandler' driver.
WARNING - 2024-01-31 07:54:51 --> Session: Sessions is enabled, and one exists. Please don't $session->start();
INFO - 2024-01-31 07:55:49 --> Session: Class initialized using 'CodeIgniter\Session\Handlers\FileHandler' driver.
WARNING - 2024-01-31 07:55:49 --> Session: Sessions is enabled, and one exists. Please don't $session->start();
INFO - 2024-01-31 07:56:06 --> Session: Class initialized using 'CodeIgniter\Session\Handlers\FileHandler' driver.
WARNING - 2024-01-31 07:56:06 --> Session: Sessions is enabled, and one exists. Please don't $session->start();
INFO - 2024-01-31 08:05:49 --> Session: Class initialized using 'CodeIgniter\Session\Handlers\FileHandler' driver.
WARNING - 2024-01-31 08:05:49 --> Session: Sessions is enabled, and one exists. Please don't $session->start();
INFO - 2024-01-31 08:05:50 --> Session: Class initialized using 'CodeIgniter\Session\Handlers\FileHandler' driver.
WARNING - 2024-01-31 08:05:50 --> Session: Sessions is enabled, and one exists. Please don't $session->start();
INFO - 2024-01-31 08:06:47 --> Session: Class initialized using 'CodeIgniter\Session\Handlers\FileHandler' driver.
WARNING - 2024-01-31 08:06:47 --> Session: Sessions is enabled, and one exists. Please don't $session->start();
INFO - 2024-01-31 08:07:17 --> Session: Class initialized using 'CodeIgniter\Session\Handlers\FileHandler' driver.
WARNING - 2024-01-31 08:07:17 --> Session: Sessions is enabled, and one exists. Please don't $session->start();
INFO - 2024-01-31 08:07:20 --> Session: Class initialized using 'CodeIgniter\Session\Handlers\FileHandler' driver.
WARNING - 2024-01-31 08:07:20 --> Session: Sessions is enabled, and one exists. Please don't $session->start();
INFO - 2024-01-31 08:08:50 --> Session: Class initialized using 'CodeIgniter\Session\Handlers\FileHandler' driver.
WARNING - 2024-01-31 08:08:50 --> Session: Sessions is enabled, and one exists. Please don't $session->start();
INFO - 2024-01-31 08:09:01 --> Session: Class initialized using 'CodeIgniter\Session\Handlers\FileHandler' driver.
WARNING - 2024-01-31 08:09:01 --> Session: Sessions is enabled, and one exists. Please don't $session->start();
INFO - 2024-01-31 08:09:21 --> Session: Class initialized using 'CodeIgniter\Session\Handlers\FileHandler' driver.
WARNING - 2024-01-31 08:09:21 --> Session: Sessions is enabled, and one exists. Please don't $session->start();
INFO - 2024-01-31 08:09:55 --> Session: Class initialized using 'CodeIgniter\Session\Handlers\FileHandler' driver.
WARNING - 2024-01-31 08:09:55 --> Session: Sessions is enabled, and one exists. Please don't $session->start();
INFO - 2024-01-31 08:10:24 --> Session: Class initialized using 'CodeIgniter\Session\Handlers\FileHandler' driver.
WARNING - 2024-01-31 08:10:24 --> Session: Sessions is enabled, and one exists. Please don't $session->start();
INFO - 2024-01-31 08:11:18 --> Session: Class initialized using 'CodeIgniter\Session\Handlers\FileHandler' driver.
WARNING - 2024-01-31 08:11:18 --> Session: Sessions is enabled, and one exists. Please don't $session->start();
INFO - 2024-01-31 08:11:48 --> Session: Class initialized using 'CodeIgniter\Session\Handlers\FileHandler' driver.
WARNING - 2024-01-31 08:11:48 --> Session: Sessions is enabled, and one exists. Please don't $session->start();
INFO - 2024-01-31 08:12:08 --> Session: Class initialized using 'CodeIgniter\Session\Handlers\FileHandler' driver.
WARNING - 2024-01-31 08:12:08 --> Session: Sessions is enabled, and one exists. Please don't $session->start();
INFO - 2024-01-31 08:12:37 --> Session: Class initialized using 'CodeIgniter\Session\Handlers\FileHandler' driver.
WARNING - 2024-01-31 08:12:37 --> Session: Sessions is enabled, and one exists. Please don't $session->start();
INFO - 2024-01-31 08:14:13 --> Session: Class initialized using 'CodeIgniter\Session\Handlers\FileHandler' driver.
WARNING - 2024-01-31 08:14:13 --> Session: Sessions is enabled, and one exists. Please don't $session->start();
INFO - 2024-01-31 08:14:19 --> Session: Class initialized using 'CodeIgniter\Session\Handlers\FileHandler' driver.
WARNING - 2024-01-31 08:14:19 --> Session: Sessions is enabled, and one exists. Please don't $session->start();
INFO - 2024-01-31 08:14:42 --> Session: Class initialized using 'CodeIgniter\Session\Handlers\FileHandler' driver.
WARNING - 2024-01-31 08:14:42 --> Session: Sessions is enabled, and one exists. Please don't $session->start();
INFO - 2024-01-31 08:15:55 --> Session: Class initialized using 'CodeIgniter\Session\Handlers\FileHandler' driver.
WARNING - 2024-01-31 08:15:55 --> Session: Sessions is enabled, and one exists. Please don't $session->start();
INFO - 2024-01-31 08:16:47 --> Session: Class initialized using 'CodeIgniter\Session\Handlers\FileHandler' driver.
WARNING - 2024-01-31 08:16:47 --> Session: Sessions is enabled, and one exists. Please don't $session->start();
INFO - 2024-01-31 08:16:51 --> Session: Class initialized using 'CodeIgniter\Session\Handlers\FileHandler' driver.
WARNING - 2024-01-31 08:16:51 --> Session: Sessions is enabled, and one exists. Please don't $session->start();
INFO - 2024-01-31 08:17:25 --> Session: Class initialized using 'CodeIgniter\Session\Handlers\FileHandler' driver.
WARNING - 2024-01-31 08:17:25 --> Session: Sessions is enabled, and one exists. Please don't $session->start();
INFO - 2024-01-31 08:18:07 --> Session: Class initialized using 'CodeIgniter\Session\Handlers\FileHandler' driver.
WARNING - 2024-01-31 08:18:07 --> Session: Sessions is enabled, and one exists. Please don't $session->start();
INFO - 2024-01-31 08:18:41 --> Session: Class initialized using 'CodeIgniter\Session\Handlers\FileHandler' driver.
WARNING - 2024-01-31 08:18:41 --> Session: Sessions is enabled, and one exists. Please don't $session->start();
INFO - 2024-01-31 08:18:57 --> Session: Class initialized using 'CodeIgniter\Session\Handlers\FileHandler' driver.
WARNING - 2024-01-31 08:18:57 --> Session: Sessions is enabled, and one exists. Please don't $session->start();
INFO - 2024-01-31 08:19:15 --> Session: Class initialized using 'CodeIgniter\Session\Handlers\FileHandler' driver.
WARNING - 2024-01-31 08:19:15 --> Session: Sessions is enabled, and one exists. Please don't $session->start();
INFO - 2024-01-31 08:24:26 --> Session: Class initialized using 'CodeIgniter\Session\Handlers\FileHandler' driver.
WARNING - 2024-01-31 08:24:26 --> Session: Sessions is enabled, and one exists. Please don't $session->start();
INFO - 2024-01-31 08:24:31 --> Session: Class initialized using 'CodeIgniter\Session\Handlers\FileHandler' driver.
WARNING - 2024-01-31 08:24:31 --> Session: Sessions is enabled, and one exists. Please don't $session->start();
INFO - 2024-01-31 08:25:25 --> Session: Class initialized using 'CodeIgniter\Session\Handlers\FileHandler' driver.
WARNING - 2024-01-31 08:25:25 --> Session: Sessions is enabled, and one exists. Please don't $session->start();
INFO - 2024-01-31 08:25:26 --> Session: Class initialized using 'CodeIgniter\Session\Handlers\FileHandler' driver.
WARNING - 2024-01-31 08:25:26 --> Session: Sessions is enabled, and one exists. Please don't $session->start();
INFO - 2024-01-31 08:25:31 --> Session: Class initialized using 'CodeIgniter\Session\Handlers\FileHandler' driver.
WARNING - 2024-01-31 08:25:31 --> Session: Sessions is enabled, and one exists. Please don't $session->start();
INFO - 2024-01-31 08:25:31 --> Session: Class initialized using 'CodeIgniter\Session\Handlers\FileHandler' driver.
WARNING - 2024-01-31 08:25:31 --> Session: Sessions is enabled, and one exists. Please don't $session->start();
INFO - 2024-01-31 08:25:49 --> Session: Class initialized using 'CodeIgniter\Session\Handlers\FileHandler' driver.
WARNING - 2024-01-31 08:25:49 --> Session: Sessions is enabled, and one exists. Please don't $session->start();
INFO - 2024-01-31 08:26:02 --> Session: Class initialized using 'CodeIgniter\Session\Handlers\FileHandler' driver.
WARNING - 2024-01-31 08:26:02 --> Session: Sessions is enabled, and one exists. Please don't $session->start();
INFO - 2024-01-31 08:26:06 --> Session: Class initialized using 'CodeIgniter\Session\Handlers\FileHandler' driver.
WARNING - 2024-01-31 08:26:06 --> Session: Sessions is enabled, and one exists. Please don't $session->start();
INFO - 2024-01-31 08:26:06 --> Session: Class initialized using 'CodeIgniter\Session\Handlers\FileHandler' driver.
WARNING - 2024-01-31 08:26:06 --> Session: Sessions is enabled, and one exists. Please don't $session->start();
INFO - 2024-01-31 08:30:16 --> Session: Class initialized using 'CodeIgniter\Session\Handlers\FileHandler' driver.
WARNING - 2024-01-31 08:30:16 --> Session: Sessions is enabled, and one exists. Please don't $session->start();
INFO - 2024-01-31 08:30:20 --> Session: Class initialized using 'CodeIgniter\Session\Handlers\FileHandler' driver.
WARNING - 2024-01-31 08:30:20 --> Session: Sessions is enabled, and one exists. Please don't $session->start();
INFO - 2024-01-31 08:51:21 --> Session: Class initialized using 'CodeIgniter\Session\Handlers\FileHandler' driver.
WARNING - 2024-01-31 08:51:21 --> Session: Sessions is enabled, and one exists. Please don't $session->start();
INFO - 2024-01-31 08:51:22 --> Session: Class initialized using 'CodeIgniter\Session\Handlers\FileHandler' driver.
WARNING - 2024-01-31 08:51:22 --> Session: Sessions is enabled, and one exists. Please don't $session->start();
INFO - 2024-01-31 08:51:33 --> Session: Class initialized using 'CodeIgniter\Session\Handlers\FileHandler' driver.
WARNING - 2024-01-31 08:51:33 --> Session: Sessions is enabled, and one exists. Please don't $session->start();
INFO - 2024-01-31 08:51:40 --> Session: Class initialized using 'CodeIgniter\Session\Handlers\FileHandler' driver.
WARNING - 2024-01-31 08:51:40 --> Session: Sessions is enabled, and one exists. Please don't $session->start();
INFO - 2024-01-31 08:51:47 --> Session: Class initialized using 'CodeIgniter\Session\Handlers\FileHandler' driver.
WARNING - 2024-01-31 08:51:47 --> Session: Sessions is enabled, and one exists. Please don't $session->start();
INFO - 2024-01-31 08:51:47 --> Session: Class initialized using 'CodeIgniter\Session\Handlers\FileHandler' driver.
WARNING - 2024-01-31 08:51:47 --> Session: Sessions is enabled, and one exists. Please don't $session->start();
INFO - 2024-01-31 08:52:51 --> Session: Class initialized using 'CodeIgniter\Session\Handlers\FileHandler' driver.
WARNING - 2024-01-31 08:52:51 --> Session: Sessions is enabled, and one exists. Please don't $session->start();
INFO - 2024-01-31 08:52:56 --> Session: Class initialized using 'CodeIgniter\Session\Handlers\FileHandler' driver.
WARNING - 2024-01-31 08:52:56 --> Session: Sessions is enabled, and one exists. Please don't $session->start();
INFO - 2024-01-31 08:52:56 --> Session: Class initialized using 'CodeIgniter\Session\Handlers\FileHandler' driver.
WARNING - 2024-01-31 08:52:56 --> Session: Sessions is enabled, and one exists. Please don't $session->start();
INFO - 2024-01-31 08:53:00 --> Session: Class initialized using 'CodeIgniter\Session\Handlers\FileHandler' driver.
WARNING - 2024-01-31 08:53:00 --> Session: Sessions is enabled, and one exists. Please don't $session->start();
INFO - 2024-01-31 08:53:00 --> Session: Class initialized using 'CodeIgniter\Session\Handlers\FileHandler' driver.
WARNING - 2024-01-31 08:53:00 --> Session: Sessions is enabled, and one exists. Please don't $session->start();
INFO - 2024-01-31 08:53:19 --> Session: Class initialized using 'CodeIgniter\Session\Handlers\FileHandler' driver.
WARNING - 2024-01-31 08:53:19 --> Session: Sessions is enabled, and one exists. Please don't $session->start();
INFO - 2024-01-31 08:53:19 --> Session: Class initialized using 'CodeIgniter\Session\Handlers\FileHandler' driver.
WARNING - 2024-01-31 08:53:19 --> Session: Sessions is enabled, and one exists. Please don't $session->start();
INFO - 2024-01-31 08:53:26 --> Session: Class initialized using 'CodeIgniter\Session\Handlers\FileHandler' driver.
WARNING - 2024-01-31 08:53:26 --> Session: Sessions is enabled, and one exists. Please don't $session->start();
INFO - 2024-01-31 08:53:26 --> Session: Class initialized using 'CodeIgniter\Session\Handlers\FileHandler' driver.
WARNING - 2024-01-31 08:53:26 --> Session: Sessions is enabled, and one exists. Please don't $session->start();
INFO - 2024-01-31 08:53:52 --> Session: Class initialized using 'CodeIgniter\Session\Handlers\FileHandler' driver.
WARNING - 2024-01-31 08:53:52 --> Session: Sessions is enabled, and one exists. Please don't $session->start();
INFO - 2024-01-31 08:54:07 --> Session: Class initialized using 'CodeIgniter\Session\Handlers\FileHandler' driver.
WARNING - 2024-01-31 08:54:07 --> Session: Sessions is enabled, and one exists. Please don't $session->start();
INFO - 2024-01-31 08:54:25 --> Session: Class initialized using 'CodeIgniter\Session\Handlers\FileHandler' driver.
WARNING - 2024-01-31 08:54:25 --> Session: Sessions is enabled, and one exists. Please don't $session->start();
INFO - 2024-01-31 08:54:25 --> Session: Class initialized using 'CodeIgniter\Session\Handlers\FileHandler' driver.
WARNING - 2024-01-31 08:54:25 --> Session: Sessions is enabled, and one exists. Please don't $session->start();
INFO - 2024-01-31 08:55:00 --> Session: Class initialized using 'CodeIgniter\Session\Handlers\FileHandler' driver.
WARNING - 2024-01-31 08:55:00 --> Session: Sessions is enabled, and one exists. Please don't $session->start();
INFO - 2024-01-31 08:56:31 --> Session: Class initialized using 'CodeIgniter\Session\Handlers\FileHandler' driver.
WARNING - 2024-01-31 08:56:31 --> Session: Sessions is enabled, and one exists. Please don't $session->start();
INFO - 2024-01-31 08:56:31 --> Session: Class initialized using 'CodeIgniter\Session\Handlers\FileHandler' driver.
WARNING - 2024-01-31 08:56:31 --> Session: Sessions is enabled, and one exists. Please don't $session->start();
INFO - 2024-01-31 08:56:43 --> Session: Class initialized using 'CodeIgniter\Session\Handlers\FileHandler' driver.
WARNING - 2024-01-31 08:56:43 --> Session: Sessions is enabled, and one exists. Please don't $session->start();
INFO - 2024-01-31 08:57:05 --> Session: Class initialized using 'CodeIgniter\Session\Handlers\FileHandler' driver.
WARNING - 2024-01-31 08:57:05 --> Session: Sessions is enabled, and one exists. Please don't $session->start();
CRITICAL - 2024-01-31 08:57:05 --> ErrorException: Trying to access array offset on value of type null
in APPPATH\Views\barang\tambahbarang.php on line 11.
 1 APPPATH\Views\barang\tambahbarang.php(11): CodeIgniter\Debug\Exceptions->errorHandler(8, 'Trying to access array offset on value of type null', 'C:\\xampp\\htdocs\\POS_CODEIGNITER\\app\\Views\\barang\\tambahbarang.php', 11, [...])
 2 SYSTEMPATH\View\View.php(228): include('C:\\xampp\\htdocs\\POS_CODEIGNITER\\app\\Views\\barang\\tambahbarang.php')
 3 SYSTEMPATH\View\View.php(231): CodeIgniter\View\View->CodeIgniter\View\{closure}()
 4 SYSTEMPATH\Common.php(1178): CodeIgniter\View\View->render('barang/tambahbarang', [], true)
 5 APPPATH\Controllers\Barang.php(39): view('barang/tambahbarang', [...])
 6 SYSTEMPATH\CodeIgniter.php(941): App\Controllers\Barang->create()
 7 SYSTEMPATH\CodeIgniter.php(502): CodeIgniter\CodeIgniter->runController(Object(App\Controllers\Barang))
 8 SYSTEMPATH\CodeIgniter.php(361): CodeIgniter\CodeIgniter->handleRequest(null, Object(Config\Cache), false)
 9 FCPATH\index.php(79): CodeIgniter\CodeIgniter->run()
10 SYSTEMPATH\Commands\Server\rewrite.php(47): require_once('C:\\xampp\\htdocs\\POS_CODEIGNITER\\public\\index.php')
INFO - 2024-01-31 08:57:18 --> Session: Class initialized using 'CodeIgniter\Session\Handlers\FileHandler' driver.
WARNING - 2024-01-31 08:57:18 --> Session: Sessions is enabled, and one exists. Please don't $session->start();
INFO - 2024-01-31 08:57:41 --> Session: Class initialized using 'CodeIgniter\Session\Handlers\FileHandler' driver.
WARNING - 2024-01-31 08:57:41 --> Session: Sessions is enabled, and one exists. Please don't $session->start();
INFO - 2024-01-31 08:57:42 --> Session: Class initialized using 'CodeIgniter\Session\Handlers\FileHandler' driver.
WARNING - 2024-01-31 08:57:42 --> Session: Sessions is enabled, and one exists. Please don't $session->start();
WARNING - 2024-01-31 08:57:42 --> Session: Sessions is enabled, and one exists. Please don't $session->start();
