INFO - 2024-02-03 01:56:23 --> Session: Class initialized using 'CodeIgniter\Session\Handlers\FileHandler' driver.
WARNING - 2024-02-03 01:56:23 --> Session: Sessions is enabled, and one exists. Please don't $session->start();
INFO - 2024-02-03 01:56:52 --> Session: Class initialized using 'CodeIgniter\Session\Handlers\FileHandler' driver.
CRITICAL - 2024-02-03 01:59:02 --> ErrorException: Trying to get property 'barangname' of non-object
in APPPATH\Views\barang\editbarang.php on line 26.
 1 APPPATH\Views\barang\editbarang.php(26): CodeIgniter\Debug\Exceptions->errorHandler(8, 'Trying to get property \'barangname\' of non-object', 'C:\\xampp\\htdocs\\POS_CODEIGNITER\\app\\Views\\barang\\editbarang.php', 26, [...])
 2 SYSTEMPATH\View\View.php(228): include('C:\\xampp\\htdocs\\POS_CODEIGNITER\\app\\Views\\barang\\editbarang.php')
 3 SYSTEMPATH\View\View.php(231): CodeIgniter\View\View->CodeIgniter\View\{closure}()
 4 SYSTEMPATH\Common.php(1178): CodeIgniter\View\View->render('/barang/editbarang', [], true)
 5 APPPATH\Controllers\Barang.php(143): view('/barang/editbarang', [...])
 6 SYSTEMPATH\CodeIgniter.php(941): App\Controllers\Barang->edit('32')
 7 SYSTEMPATH\CodeIgniter.php(502): CodeIgniter\CodeIgniter->runController(Object(App\Controllers\Barang))
 8 SYSTEMPATH\CodeIgniter.php(361): CodeIgniter\CodeIgniter->handleRequest(null, Object(Config\Cache), false)
 9 FCPATH\index.php(79): CodeIgniter\CodeIgniter->run()
10 SYSTEMPATH\Commands\Server\rewrite.php(47): require_once('C:\\xampp\\htdocs\\POS_CODEIGNITER\\public\\index.php')
CRITICAL - 2024-02-03 01:59:40 --> ErrorException: Undefined index: barangname
in APPPATH\Views\barang\editbarang.php on line 26.
 1 APPPATH\Views\barang\editbarang.php(26): CodeIgniter\Debug\Exceptions->errorHandler(8, 'Undefined index: barangname', 'C:\\xampp\\htdocs\\POS_CODEIGNITER\\app\\Views\\barang\\editbarang.php', 26, [...])
 2 SYSTEMPATH\View\View.php(228): include('C:\\xampp\\htdocs\\POS_CODEIGNITER\\app\\Views\\barang\\editbarang.php')
 3 SYSTEMPATH\View\View.php(231): CodeIgniter\View\View->CodeIgniter\View\{closure}()
 4 SYSTEMPATH\Common.php(1178): CodeIgniter\View\View->render('/barang/editbarang', [], true)
 5 APPPATH\Controllers\Barang.php(143): view('/barang/editbarang', [...])
 6 SYSTEMPATH\CodeIgniter.php(941): App\Controllers\Barang->edit('32')
 7 SYSTEMPATH\CodeIgniter.php(502): CodeIgniter\CodeIgniter->runController(Object(App\Controllers\Barang))
 8 SYSTEMPATH\CodeIgniter.php(361): CodeIgniter\CodeIgniter->handleRequest(null, Object(Config\Cache), false)
 9 FCPATH\index.php(79): CodeIgniter\CodeIgniter->run()
10 SYSTEMPATH\Commands\Server\rewrite.php(47): require_once('C:\\xampp\\htdocs\\POS_CODEIGNITER\\public\\index.php')
CRITICAL - 2024-02-03 01:59:54 --> ErrorException: Undefined index: barangname
in APPPATH\Views\barang\editbarang.php on line 26.
 1 APPPATH\Views\barang\editbarang.php(26): CodeIgniter\Debug\Exceptions->errorHandler(8, 'Undefined index: barangname', 'C:\\xampp\\htdocs\\POS_CODEIGNITER\\app\\Views\\barang\\editbarang.php', 26, [...])
 2 SYSTEMPATH\View\View.php(228): include('C:\\xampp\\htdocs\\POS_CODEIGNITER\\app\\Views\\barang\\editbarang.php')
 3 SYSTEMPATH\View\View.php(231): CodeIgniter\View\View->CodeIgniter\View\{closure}()
 4 SYSTEMPATH\Common.php(1178): CodeIgniter\View\View->render('/barang/editbarang', [], true)
 5 APPPATH\Controllers\Barang.php(143): view('/barang/editbarang', [...])
 6 SYSTEMPATH\CodeIgniter.php(941): App\Controllers\Barang->edit('32')
 7 SYSTEMPATH\CodeIgniter.php(502): CodeIgniter\CodeIgniter->runController(Object(App\Controllers\Barang))
 8 SYSTEMPATH\CodeIgniter.php(361): CodeIgniter\CodeIgniter->handleRequest(null, Object(Config\Cache), false)
 9 FCPATH\index.php(79): CodeIgniter\CodeIgniter->run()
10 SYSTEMPATH\Commands\Server\rewrite.php(47): require_once('C:\\xampp\\htdocs\\POS_CODEIGNITER\\public\\index.php')
CRITICAL - 2024-02-03 02:00:15 --> ErrorException: Undefined index: barangname
in APPPATH\Views\barang\editbarang.php on line 26.
 1 APPPATH\Views\barang\editbarang.php(26): CodeIgniter\Debug\Exceptions->errorHandler(8, 'Undefined index: barangname', 'C:\\xampp\\htdocs\\POS_CODEIGNITER\\app\\Views\\barang\\editbarang.php', 26, [...])
 2 SYSTEMPATH\View\View.php(228): include('C:\\xampp\\htdocs\\POS_CODEIGNITER\\app\\Views\\barang\\editbarang.php')
 3 SYSTEMPATH\View\View.php(231): CodeIgniter\View\View->CodeIgniter\View\{closure}()
 4 SYSTEMPATH\Common.php(1178): CodeIgniter\View\View->render('/barang/editbarang', [], true)
 5 APPPATH\Controllers\Barang.php(143): view('/barang/editbarang', [...])
 6 SYSTEMPATH\CodeIgniter.php(941): App\Controllers\Barang->edit('32')
 7 SYSTEMPATH\CodeIgniter.php(502): CodeIgniter\CodeIgniter->runController(Object(App\Controllers\Barang))
 8 SYSTEMPATH\CodeIgniter.php(361): CodeIgniter\CodeIgniter->handleRequest(null, Object(Config\Cache), false)
 9 FCPATH\index.php(79): CodeIgniter\CodeIgniter->run()
10 SYSTEMPATH\Commands\Server\rewrite.php(47): require_once('C:\\xampp\\htdocs\\POS_CODEIGNITER\\public\\index.php')
INFO - 2024-02-03 02:00:29 --> Session: Class initialized using 'CodeIgniter\Session\Handlers\FileHandler' driver.
CRITICAL - 2024-02-03 02:00:57 --> Error: Cannot use object of type stdClass as array
in APPPATH\Views\barang\editbarang.php on line 26.
 1 SYSTEMPATH\View\View.php(228): include()
 2 SYSTEMPATH\View\View.php(231): CodeIgniter\View\View->CodeIgniter\View\{closure}()
 3 SYSTEMPATH\Common.php(1178): CodeIgniter\View\View->render('/barang/editbarang', [], true)
 4 APPPATH\Controllers\Barang.php(143): view('/barang/editbarang', [...])
 5 SYSTEMPATH\CodeIgniter.php(941): App\Controllers\Barang->edit('32')
 6 SYSTEMPATH\CodeIgniter.php(502): CodeIgniter\CodeIgniter->runController(Object(App\Controllers\Barang))
 7 SYSTEMPATH\CodeIgniter.php(361): CodeIgniter\CodeIgniter->handleRequest(null, Object(Config\Cache), false)
 8 FCPATH\index.php(79): CodeIgniter\CodeIgniter->run()
 9 SYSTEMPATH\Commands\Server\rewrite.php(47): require_once('C:\\xampp\\htdocs\\POS_CODEIGNITER\\public\\index.php')
CRITICAL - 2024-02-03 02:01:11 --> Error: Cannot use object of type stdClass as array
in APPPATH\Views\barang\editbarang.php on line 26.
 1 SYSTEMPATH\View\View.php(228): include()
 2 SYSTEMPATH\View\View.php(231): CodeIgniter\View\View->CodeIgniter\View\{closure}()
 3 SYSTEMPATH\Common.php(1178): CodeIgniter\View\View->render('/barang/editbarang', [], true)
 4 APPPATH\Controllers\Barang.php(143): view('/barang/editbarang', [...])
 5 SYSTEMPATH\CodeIgniter.php(941): App\Controllers\Barang->edit('32')
 6 SYSTEMPATH\CodeIgniter.php(502): CodeIgniter\CodeIgniter->runController(Object(App\Controllers\Barang))
 7 SYSTEMPATH\CodeIgniter.php(361): CodeIgniter\CodeIgniter->handleRequest(null, Object(Config\Cache), false)
 8 FCPATH\index.php(79): CodeIgniter\CodeIgniter->run()
 9 SYSTEMPATH\Commands\Server\rewrite.php(47): require_once('C:\\xampp\\htdocs\\POS_CODEIGNITER\\public\\index.php')
INFO - 2024-02-03 02:01:23 --> Session: Class initialized using 'CodeIgniter\Session\Handlers\FileHandler' driver.
INFO - 2024-02-03 02:04:46 --> Session: Class initialized using 'CodeIgniter\Session\Handlers\FileHandler' driver.
INFO - 2024-02-03 02:10:46 --> Session: Class initialized using 'CodeIgniter\Session\Handlers\FileHandler' driver.
INFO - 2024-02-03 02:14:01 --> Session: Class initialized using 'CodeIgniter\Session\Handlers\FileHandler' driver.
INFO - 2024-02-03 02:14:49 --> Session: Class initialized using 'CodeIgniter\Session\Handlers\FileHandler' driver.
ERROR - 2024-02-03 02:15:01 --> Error connecting to the database: ErrorException: pg_connect(): Unable to connect to PostgreSQL server: server closed the connection unexpectedly
	This probably means the server terminated abnormally
	before or while processing the request. in C:\xampp\htdocs\POS_CODEIGNITER\system\Database\Postgre\Connection.php:72
Stack trace:
#0 [internal function]: CodeIgniter\Debug\Exceptions->errorHandler(2, 'pg_connect(): U...', 'C:\\xampp\\htdocs...', 72, Array)
#1 C:\xampp\htdocs\POS_CODEIGNITER\system\Database\Postgre\Connection.php(72): pg_connect('host=10.20.30.1...')
#2 C:\xampp\htdocs\POS_CODEIGNITER\system\Database\BaseConnection.php(392): CodeIgniter\Database\Postgre\Connection->connect(false)
#3 C:\xampp\htdocs\POS_CODEIGNITER\system\Database\BaseConnection.php(575): CodeIgniter\Database\BaseConnection->initialize()
#4 C:\xampp\htdocs\POS_CODEIGNITER\app\Controllers\Barang.php(23): CodeIgniter\Database\BaseConnection->query('SELECT * FROM t...')
#5 C:\xampp\htdocs\POS_CODEIGNITER\system\CodeIgniter.php(941): App\Controllers\Barang->index()
#6 C:\xampp\htdocs\POS_CODEIGNITER\system\CodeIgniter.php(502): CodeIgniter\CodeIgniter->runController(Object(App\Controllers\Barang))
#7 C:\xampp\htdocs\POS_CODEIGNITER\system\CodeIgniter.php(361): CodeIgniter\CodeIgniter->handleRequest(NULL, Object(Config\Cache), false)
#8 C:\xampp\htdocs\POS_CODEIGNITER\public\index.php(79): CodeIgniter\CodeIgniter->run()
#9 C:\xampp\htdocs\POS_CODEIGNITER\system\Commands\Server\rewrite.php(47): require_once('C:\\xampp\\htdocs...')
#10 {main}
CRITICAL - 2024-02-03 02:15:01 --> CodeIgniter\Database\Exceptions\DatabaseException: Unable to connect to the database.
Main connection [Postgre]: pg_connect(): Unable to connect to PostgreSQL server: server closed the connection unexpectedly
	This probably means the server terminated abnormally
	before or while processing the request.
in SYSTEMPATH\Database\BaseConnection.php on line 428.
 1 SYSTEMPATH\Database\BaseConnection.php(575): CodeIgniter\Database\BaseConnection->initialize()
 2 APPPATH\Controllers\Barang.php(23): CodeIgniter\Database\BaseConnection->query('SELECT * FROM tbm_barang WHERE dlt=\'f\'')
 3 SYSTEMPATH\CodeIgniter.php(941): App\Controllers\Barang->index()
 4 SYSTEMPATH\CodeIgniter.php(502): CodeIgniter\CodeIgniter->runController(Object(App\Controllers\Barang))
 5 SYSTEMPATH\CodeIgniter.php(361): CodeIgniter\CodeIgniter->handleRequest(null, Object(Config\Cache), false)
 6 FCPATH\index.php(79): CodeIgniter\CodeIgniter->run()
 7 SYSTEMPATH\Commands\Server\rewrite.php(47): require_once('C:\\xampp\\htdocs\\POS_CODEIGNITER\\public\\index.php')
INFO - 2024-02-03 02:43:32 --> Session: Class initialized using 'CodeIgniter\Session\Handlers\FileHandler' driver.
INFO - 2024-02-03 02:43:43 --> Session: Class initialized using 'CodeIgniter\Session\Handlers\FileHandler' driver.
INFO - 2024-02-03 03:19:02 --> Session: Class initialized using 'CodeIgniter\Session\Handlers\FileHandler' driver.
INFO - 2024-02-03 03:19:53 --> Session: Class initialized using 'CodeIgniter\Session\Handlers\FileHandler' driver.
INFO - 2024-02-03 03:19:59 --> Session: Class initialized using 'CodeIgniter\Session\Handlers\FileHandler' driver.
INFO - 2024-02-03 03:20:05 --> Session: Class initialized using 'CodeIgniter\Session\Handlers\FileHandler' driver.
INFO - 2024-02-03 03:20:13 --> Session: Class initialized using 'CodeIgniter\Session\Handlers\FileHandler' driver.
INFO - 2024-02-03 03:20:18 --> Session: Class initialized using 'CodeIgniter\Session\Handlers\FileHandler' driver.
INFO - 2024-02-03 03:20:21 --> Session: Class initialized using 'CodeIgniter\Session\Handlers\FileHandler' driver.
INFO - 2024-02-03 03:33:17 --> Session: Class initialized using 'CodeIgniter\Session\Handlers\FileHandler' driver.
INFO - 2024-02-03 03:35:07 --> Session: Class initialized using 'CodeIgniter\Session\Handlers\FileHandler' driver.
INFO - 2024-02-03 03:38:53 --> Session: Class initialized using 'CodeIgniter\Session\Handlers\FileHandler' driver.
ERROR - 2024-02-03 03:39:14 --> Error connecting to the database: ErrorException: pg_connect(): Unable to connect to PostgreSQL server: could not connect to server: Connection timed out (0x0000274C/10060)
	Is the server running on host &quot;10.20.30.1&quot; and accepting
	TCP/IP connections on port 5432? in C:\xampp\htdocs\POS_CODEIGNITER\system\Database\Postgre\Connection.php:72
Stack trace:
#0 [internal function]: CodeIgniter\Debug\Exceptions->errorHandler(2, 'pg_connect(): U...', 'C:\\xampp\\htdocs...', 72, Array)
#1 C:\xampp\htdocs\POS_CODEIGNITER\system\Database\Postgre\Connection.php(72): pg_connect('host=10.20.30.1...')
#2 C:\xampp\htdocs\POS_CODEIGNITER\system\Database\BaseConnection.php(392): CodeIgniter\Database\Postgre\Connection->connect(false)
#3 C:\xampp\htdocs\POS_CODEIGNITER\system\Database\BaseConnection.php(575): CodeIgniter\Database\BaseConnection->initialize()
#4 C:\xampp\htdocs\POS_CODEIGNITER\app\Controllers\Barang.php(23): CodeIgniter\Database\BaseConnection->query('SELECT * FROM t...', 'f')
#5 C:\xampp\htdocs\POS_CODEIGNITER\system\CodeIgniter.php(941): App\Controllers\Barang->index()
#6 C:\xampp\htdocs\POS_CODEIGNITER\system\CodeIgniter.php(502): CodeIgniter\CodeIgniter->runController(Object(App\Controllers\Barang))
#7 C:\xampp\htdocs\POS_CODEIGNITER\system\CodeIgniter.php(361): CodeIgniter\CodeIgniter->handleRequest(NULL, Object(Config\Cache), false)
#8 C:\xampp\htdocs\POS_CODEIGNITER\public\index.php(79): CodeIgniter\CodeIgniter->run()
#9 C:\xampp\htdocs\POS_CODEIGNITER\system\Commands\Server\rewrite.php(47): require_once('C:\\xampp\\htdocs...')
#10 {main}
CRITICAL - 2024-02-03 03:39:14 --> CodeIgniter\Database\Exceptions\DatabaseException: Unable to connect to the database.
Main connection [Postgre]: pg_connect(): Unable to connect to PostgreSQL server: could not connect to server: Connection timed out (0x0000274C/10060)
	Is the server running on host &quot;10.20.30.1&quot; and accepting
	TCP/IP connections on port 5432?
in SYSTEMPATH\Database\BaseConnection.php on line 428.
 1 SYSTEMPATH\Database\BaseConnection.php(575): CodeIgniter\Database\BaseConnection->initialize()
 2 APPPATH\Controllers\Barang.php(23): CodeIgniter\Database\BaseConnection->query('SELECT * FROM tbm_barang WHERE dlt=?', 'f')
 3 SYSTEMPATH\CodeIgniter.php(941): App\Controllers\Barang->index()
 4 SYSTEMPATH\CodeIgniter.php(502): CodeIgniter\CodeIgniter->runController(Object(App\Controllers\Barang))
 5 SYSTEMPATH\CodeIgniter.php(361): CodeIgniter\CodeIgniter->handleRequest(null, Object(Config\Cache), false)
 6 FCPATH\index.php(79): CodeIgniter\CodeIgniter->run()
 7 SYSTEMPATH\Commands\Server\rewrite.php(47): require_once('C:\\xampp\\htdocs\\POS_CODEIGNITER\\public\\index.php')
INFO - 2024-02-03 03:39:16 --> Session: Class initialized using 'CodeIgniter\Session\Handlers\FileHandler' driver.
INFO - 2024-02-03 03:40:35 --> Session: Class initialized using 'CodeIgniter\Session\Handlers\FileHandler' driver.
INFO - 2024-02-03 03:40:40 --> Session: Class initialized using 'CodeIgniter\Session\Handlers\FileHandler' driver.
INFO - 2024-02-03 03:50:23 --> Session: Class initialized using 'CodeIgniter\Session\Handlers\FileHandler' driver.
INFO - 2024-02-03 03:51:23 --> Session: Class initialized using 'CodeIgniter\Session\Handlers\FileHandler' driver.
INFO - 2024-02-03 03:51:25 --> Session: Class initialized using 'CodeIgniter\Session\Handlers\FileHandler' driver.
INFO - 2024-02-03 03:52:19 --> Session: Class initialized using 'CodeIgniter\Session\Handlers\FileHandler' driver.
INFO - 2024-02-03 03:52:21 --> Session: Class initialized using 'CodeIgniter\Session\Handlers\FileHandler' driver.
CRITICAL - 2024-02-03 03:52:25 --> ErrorException: Undefined variable: barang
in APPPATH\Views\barang\editbarang.php on line 11.
 1 APPPATH\Views\barang\editbarang.php(11): CodeIgniter\Debug\Exceptions->errorHandler(8, 'Undefined variable: barang', 'C:\\xampp\\htdocs\\POS_CODEIGNITER\\app\\Views\\barang\\editbarang.php', 11, [...])
 2 SYSTEMPATH\View\View.php(228): include('C:\\xampp\\htdocs\\POS_CODEIGNITER\\app\\Views\\barang\\editbarang.php')
 3 SYSTEMPATH\View\View.php(231): CodeIgniter\View\View->CodeIgniter\View\{closure}()
 4 SYSTEMPATH\Common.php(1178): CodeIgniter\View\View->render('/barang/editbarang', [], true)
 5 APPPATH\Controllers\Barang.php(214): view('/barang/editbarang', [...])
 6 SYSTEMPATH\CodeIgniter.php(941): App\Controllers\Barang->ubah('32')
 7 SYSTEMPATH\CodeIgniter.php(502): CodeIgniter\CodeIgniter->runController(Object(App\Controllers\Barang))
 8 SYSTEMPATH\CodeIgniter.php(361): CodeIgniter\CodeIgniter->handleRequest(null, Object(Config\Cache), false)
 9 FCPATH\index.php(79): CodeIgniter\CodeIgniter->run()
10 SYSTEMPATH\Commands\Server\rewrite.php(47): require_once('C:\\xampp\\htdocs\\POS_CODEIGNITER\\public\\index.php')
CRITICAL - 2024-02-03 03:52:52 --> ErrorException: Undefined variable: barang
in APPPATH\Views\barang\editbarang.php on line 11.
 1 APPPATH\Views\barang\editbarang.php(11): CodeIgniter\Debug\Exceptions->errorHandler(8, 'Undefined variable: barang', 'C:\\xampp\\htdocs\\POS_CODEIGNITER\\app\\Views\\barang\\editbarang.php', 11, [...])
 2 SYSTEMPATH\View\View.php(228): include('C:\\xampp\\htdocs\\POS_CODEIGNITER\\app\\Views\\barang\\editbarang.php')
 3 SYSTEMPATH\View\View.php(231): CodeIgniter\View\View->CodeIgniter\View\{closure}()
 4 SYSTEMPATH\Common.php(1178): CodeIgniter\View\View->render('/barang/editbarang', [], true)
 5 APPPATH\Controllers\Barang.php(214): view('/barang/editbarang', [...])
 6 SYSTEMPATH\CodeIgniter.php(941): App\Controllers\Barang->ubah('32')
 7 SYSTEMPATH\CodeIgniter.php(502): CodeIgniter\CodeIgniter->runController(Object(App\Controllers\Barang))
 8 SYSTEMPATH\CodeIgniter.php(361): CodeIgniter\CodeIgniter->handleRequest(null, Object(Config\Cache), false)
 9 FCPATH\index.php(79): CodeIgniter\CodeIgniter->run()
10 SYSTEMPATH\Commands\Server\rewrite.php(47): require_once('C:\\xampp\\htdocs\\POS_CODEIGNITER\\public\\index.php')
CRITICAL - 2024-02-03 03:53:17 --> ErrorException: Undefined variable: barang
in APPPATH\Views\barang\editbarang.php on line 117.
 1 APPPATH\Views\barang\editbarang.php(117): CodeIgniter\Debug\Exceptions->errorHandler(8, 'Undefined variable: barang', 'C:\\xampp\\htdocs\\POS_CODEIGNITER\\app\\Views\\barang\\editbarang.php', 117, [...])
 2 SYSTEMPATH\View\View.php(228): include('C:\\xampp\\htdocs\\POS_CODEIGNITER\\app\\Views\\barang\\editbarang.php')
 3 SYSTEMPATH\View\View.php(231): CodeIgniter\View\View->CodeIgniter\View\{closure}()
 4 SYSTEMPATH\Common.php(1178): CodeIgniter\View\View->render('/barang/editbarang', [], true)
 5 APPPATH\Controllers\Barang.php(214): view('/barang/editbarang', [...])
 6 SYSTEMPATH\CodeIgniter.php(941): App\Controllers\Barang->ubah('32')
 7 SYSTEMPATH\CodeIgniter.php(502): CodeIgniter\CodeIgniter->runController(Object(App\Controllers\Barang))
 8 SYSTEMPATH\CodeIgniter.php(361): CodeIgniter\CodeIgniter->handleRequest(null, Object(Config\Cache), false)
 9 FCPATH\index.php(79): CodeIgniter\CodeIgniter->run()
10 SYSTEMPATH\Commands\Server\rewrite.php(47): require_once('C:\\xampp\\htdocs\\POS_CODEIGNITER\\public\\index.php')
INFO - 2024-02-03 03:53:36 --> Session: Class initialized using 'CodeIgniter\Session\Handlers\FileHandler' driver.
INFO - 2024-02-03 03:53:40 --> Session: Class initialized using 'CodeIgniter\Session\Handlers\FileHandler' driver.
INFO - 2024-02-03 03:54:12 --> Session: Class initialized using 'CodeIgniter\Session\Handlers\FileHandler' driver.
INFO - 2024-02-03 03:54:18 --> Session: Class initialized using 'CodeIgniter\Session\Handlers\FileHandler' driver.
INFO - 2024-02-03 03:54:23 --> Session: Class initialized using 'CodeIgniter\Session\Handlers\FileHandler' driver.
