INFO - 2024-02-07 01:02:33 --> Session: Class initialized using 'CodeIgniter\Session\Handlers\FileHandler' driver.
WARNING - 2024-02-07 01:02:33 --> Session: Sessions is enabled, and one exists. Please don't $session->start();
INFO - 2024-02-07 01:03:25 --> Session: Class initialized using 'CodeIgniter\Session\Handlers\FileHandler' driver.
INFO - 2024-02-07 01:03:35 --> Session: Class initialized using 'CodeIgniter\Session\Handlers\FileHandler' driver.
INFO - 2024-02-07 01:04:53 --> Session: Class initialized using 'CodeIgniter\Session\Handlers\FileHandler' driver.
WARNING - 2024-02-07 01:04:53 --> Session: Sessions is enabled, and one exists. Please don't $session->start();
INFO - 2024-02-07 01:04:59 --> Session: Class initialized using 'CodeIgniter\Session\Handlers\FileHandler' driver.
INFO - 2024-02-07 01:05:20 --> Session: Class initialized using 'CodeIgniter\Session\Handlers\FileHandler' driver.
INFO - 2024-02-07 01:14:19 --> Session: Class initialized using 'CodeIgniter\Session\Handlers\FileHandler' driver.
INFO - 2024-02-07 01:14:39 --> Session: Class initialized using 'CodeIgniter\Session\Handlers\FileHandler' driver.
INFO - 2024-02-07 01:14:52 --> Session: Class initialized using 'CodeIgniter\Session\Handlers\FileHandler' driver.
INFO - 2024-02-07 01:14:52 --> Session: Class initialized using 'CodeIgniter\Session\Handlers\FileHandler' driver.
INFO - 2024-02-07 01:15:30 --> Session: Class initialized using 'CodeIgniter\Session\Handlers\FileHandler' driver.
INFO - 2024-02-07 01:15:30 --> Session: Class initialized using 'CodeIgniter\Session\Handlers\FileHandler' driver.
INFO - 2024-02-07 01:16:15 --> Session: Class initialized using 'CodeIgniter\Session\Handlers\FileHandler' driver.
INFO - 2024-02-07 01:16:16 --> Session: Class initialized using 'CodeIgniter\Session\Handlers\FileHandler' driver.
CRITICAL - 2024-02-07 01:16:17 --> ErrorException: Undefined index: stokawal
in APPPATH\Views\barang\tambahbarang.php on line 49.
 1 APPPATH\Views\barang\tambahbarang.php(49): CodeIgniter\Debug\Exceptions->errorHandler(8, 'Undefined index: stokawal', 'C:\\xampp\\htdocs\\POS_CODEIGNITER\\app\\Views\\barang\\tambahbarang.php', 49, [...])
 2 SYSTEMPATH\View\View.php(228): include('C:\\xampp\\htdocs\\POS_CODEIGNITER\\app\\Views\\barang\\tambahbarang.php')
 3 SYSTEMPATH\View\View.php(231): CodeIgniter\View\View->CodeIgniter\View\{closure}()
 4 SYSTEMPATH\Common.php(1178): CodeIgniter\View\View->render('barang/tambahbarang', [], true)
 5 APPPATH\Controllers\Barang.php(38): view('barang/tambahbarang', [...])
 6 SYSTEMPATH\CodeIgniter.php(941): App\Controllers\Barang->create()
 7 SYSTEMPATH\CodeIgniter.php(502): CodeIgniter\CodeIgniter->runController(Object(App\Controllers\Barang))
 8 SYSTEMPATH\CodeIgniter.php(361): CodeIgniter\CodeIgniter->handleRequest(null, Object(Config\Cache), false)
 9 FCPATH\index.php(79): CodeIgniter\CodeIgniter->run()
10 SYSTEMPATH\Commands\Server\rewrite.php(47): require_once('C:\\xampp\\htdocs\\POS_CODEIGNITER\\public\\index.php')
INFO - 2024-02-07 01:17:39 --> Session: Class initialized using 'CodeIgniter\Session\Handlers\FileHandler' driver.
INFO - 2024-02-07 01:17:50 --> Session: Class initialized using 'CodeIgniter\Session\Handlers\FileHandler' driver.
INFO - 2024-02-07 01:17:50 --> Session: Class initialized using 'CodeIgniter\Session\Handlers\FileHandler' driver.
INFO - 2024-02-07 01:17:59 --> Session: Class initialized using 'CodeIgniter\Session\Handlers\FileHandler' driver.
INFO - 2024-02-07 01:18:26 --> Session: Class initialized using 'CodeIgniter\Session\Handlers\FileHandler' driver.
INFO - 2024-02-07 01:18:26 --> Session: Class initialized using 'CodeIgniter\Session\Handlers\FileHandler' driver.
INFO - 2024-02-07 01:21:04 --> Session: Class initialized using 'CodeIgniter\Session\Handlers\FileHandler' driver.
INFO - 2024-02-07 01:21:37 --> Session: Class initialized using 'CodeIgniter\Session\Handlers\FileHandler' driver.
INFO - 2024-02-07 01:21:43 --> Session: Class initialized using 'CodeIgniter\Session\Handlers\FileHandler' driver.
CRITICAL - 2024-02-07 01:21:44 --> ErrorException: Undefined index: stokawal
in APPPATH\Views\barang\tambahbarang.php on line 49.
 1 APPPATH\Views\barang\tambahbarang.php(49): CodeIgniter\Debug\Exceptions->errorHandler(8, 'Undefined index: stokawal', 'C:\\xampp\\htdocs\\POS_CODEIGNITER\\app\\Views\\barang\\tambahbarang.php', 49, [...])
 2 SYSTEMPATH\View\View.php(228): include('C:\\xampp\\htdocs\\POS_CODEIGNITER\\app\\Views\\barang\\tambahbarang.php')
 3 SYSTEMPATH\View\View.php(231): CodeIgniter\View\View->CodeIgniter\View\{closure}()
 4 SYSTEMPATH\Common.php(1178): CodeIgniter\View\View->render('barang/tambahbarang', [], true)
 5 APPPATH\Controllers\Barang.php(38): view('barang/tambahbarang', [...])
 6 SYSTEMPATH\CodeIgniter.php(941): App\Controllers\Barang->create()
 7 SYSTEMPATH\CodeIgniter.php(502): CodeIgniter\CodeIgniter->runController(Object(App\Controllers\Barang))
 8 SYSTEMPATH\CodeIgniter.php(361): CodeIgniter\CodeIgniter->handleRequest(null, Object(Config\Cache), false)
 9 FCPATH\index.php(79): CodeIgniter\CodeIgniter->run()
10 SYSTEMPATH\Commands\Server\rewrite.php(47): require_once('C:\\xampp\\htdocs\\POS_CODEIGNITER\\public\\index.php')
INFO - 2024-02-07 01:22:00 --> Session: Class initialized using 'CodeIgniter\Session\Handlers\FileHandler' driver.
INFO - 2024-02-07 01:22:09 --> Session: Class initialized using 'CodeIgniter\Session\Handlers\FileHandler' driver.
INFO - 2024-02-07 01:22:11 --> Session: Class initialized using 'CodeIgniter\Session\Handlers\FileHandler' driver.
INFO - 2024-02-07 01:22:12 --> Session: Class initialized using 'CodeIgniter\Session\Handlers\FileHandler' driver.
INFO - 2024-02-07 01:22:35 --> Session: Class initialized using 'CodeIgniter\Session\Handlers\FileHandler' driver.
INFO - 2024-02-07 01:22:36 --> Session: Class initialized using 'CodeIgniter\Session\Handlers\FileHandler' driver.
INFO - 2024-02-07 01:22:38 --> Session: Class initialized using 'CodeIgniter\Session\Handlers\FileHandler' driver.
INFO - 2024-02-07 01:22:49 --> Session: Class initialized using 'CodeIgniter\Session\Handlers\FileHandler' driver.
INFO - 2024-02-07 01:22:50 --> Session: Class initialized using 'CodeIgniter\Session\Handlers\FileHandler' driver.
INFO - 2024-02-07 01:25:15 --> Session: Class initialized using 'CodeIgniter\Session\Handlers\FileHandler' driver.
INFO - 2024-02-07 01:25:40 --> Session: Class initialized using 'CodeIgniter\Session\Handlers\FileHandler' driver.
INFO - 2024-02-07 01:33:22 --> Session: Class initialized using 'CodeIgniter\Session\Handlers\FileHandler' driver.
INFO - 2024-02-07 01:33:25 --> Session: Class initialized using 'CodeIgniter\Session\Handlers\FileHandler' driver.
INFO - 2024-02-07 01:33:37 --> Session: Class initialized using 'CodeIgniter\Session\Handlers\FileHandler' driver.
INFO - 2024-02-07 01:40:43 --> Session: Class initialized using 'CodeIgniter\Session\Handlers\FileHandler' driver.
INFO - 2024-02-07 01:40:46 --> Session: Class initialized using 'CodeIgniter\Session\Handlers\FileHandler' driver.
INFO - 2024-02-07 01:41:08 --> Session: Class initialized using 'CodeIgniter\Session\Handlers\FileHandler' driver.
INFO - 2024-02-07 01:41:12 --> Session: Class initialized using 'CodeIgniter\Session\Handlers\FileHandler' driver.
INFO - 2024-02-07 01:41:12 --> Session: Class initialized using 'CodeIgniter\Session\Handlers\FileHandler' driver.
INFO - 2024-02-07 01:41:16 --> Session: Class initialized using 'CodeIgniter\Session\Handlers\FileHandler' driver.
INFO - 2024-02-07 01:41:25 --> Session: Class initialized using 'CodeIgniter\Session\Handlers\FileHandler' driver.
INFO - 2024-02-07 01:41:35 --> Session: Class initialized using 'CodeIgniter\Session\Handlers\FileHandler' driver.
INFO - 2024-02-07 01:41:44 --> Session: Class initialized using 'CodeIgniter\Session\Handlers\FileHandler' driver.
INFO - 2024-02-07 01:41:47 --> Session: Class initialized using 'CodeIgniter\Session\Handlers\FileHandler' driver.
INFO - 2024-02-07 01:44:44 --> Session: Class initialized using 'CodeIgniter\Session\Handlers\FileHandler' driver.
INFO - 2024-02-07 01:45:36 --> Session: Class initialized using 'CodeIgniter\Session\Handlers\FileHandler' driver.
ERROR - 2024-02-07 01:47:51 --> ErrorException: pg_query(): Query failed: ERROR:  syntax error at or near &quot;Kepala&quot;
LINE 1: ...sname FROM tbm_jenis_barang WHERE jenisname != Hiasan Kepala
                                                                 ^ in C:\xampp\htdocs\POS_CODEIGNITER\system\Database\Postgre\Connection.php:187
Stack trace:
#0 [internal function]: CodeIgniter\Debug\Exceptions->errorHandler(2, 'pg_query(): Que...', 'C:\\xampp\\htdocs...', 187, Array)
#1 C:\xampp\htdocs\POS_CODEIGNITER\system\Database\Postgre\Connection.php(187): pg_query(Resource id #138, 'SELECT jenisid,...')
#2 C:\xampp\htdocs\POS_CODEIGNITER\system\Database\BaseConnection.php(693): CodeIgniter\Database\Postgre\Connection->execute('SELECT jenisid,...')
#3 C:\xampp\htdocs\POS_CODEIGNITER\system\Database\BaseConnection.php(607): CodeIgniter\Database\BaseConnection->simpleQuery('SELECT jenisid,...')
#4 C:\xampp\htdocs\POS_CODEIGNITER\app\Controllers\Barang.php(157): CodeIgniter\Database\BaseConnection->query('SELECT jenisid,...')
#5 C:\xampp\htdocs\POS_CODEIGNITER\system\CodeIgniter.php(941): App\Controllers\Barang->edit('47')
#6 C:\xampp\htdocs\POS_CODEIGNITER\system\CodeIgniter.php(502): CodeIgniter\CodeIgniter->runController(Object(App\Controllers\Barang))
#7 C:\xampp\htdocs\POS_CODEIGNITER\system\CodeIgniter.php(361): CodeIgniter\CodeIgniter->handleRequest(NULL, Object(Config\Cache), false)
#8 C:\xampp\htdocs\POS_CODEIGNITER\public\index.php(79): CodeIgniter\CodeIgniter->run()
#9 C:\xampp\htdocs\POS_CODEIGNITER\system\Commands\Server\rewrite.php(47): require_once('C:\\xampp\\htdocs...')
#10 {main}
CRITICAL - 2024-02-07 01:47:51 --> CodeIgniter\Database\Exceptions\DatabaseException: pg_query(): Query failed: ERROR:  syntax error at or near &quot;Kepala&quot;
LINE 1: ...sname FROM tbm_jenis_barang WHERE jenisname != Hiasan Kepala
                                                                 ^
in SYSTEMPATH\Database\BaseConnection.php on line 647.
 1 APPPATH\Controllers\Barang.php(157): CodeIgniter\Database\BaseConnection->query('SELECT jenisid,jenisname FROM tbm_jenis_barang WHERE jenisname != Hiasan Kepala')
 2 SYSTEMPATH\CodeIgniter.php(941): App\Controllers\Barang->edit('47')
 3 SYSTEMPATH\CodeIgniter.php(502): CodeIgniter\CodeIgniter->runController(Object(App\Controllers\Barang))
 4 SYSTEMPATH\CodeIgniter.php(361): CodeIgniter\CodeIgniter->handleRequest(null, Object(Config\Cache), false)
 5 FCPATH\index.php(79): CodeIgniter\CodeIgniter->run()
 6 SYSTEMPATH\Commands\Server\rewrite.php(47): require_once('C:\\xampp\\htdocs\\POS_CODEIGNITER\\public\\index.php')
CRITICAL - 2024-02-07 01:47:51 --> [Caused by] CodeIgniter\Database\Exceptions\DatabaseException: pg_query(): Query failed: ERROR:  syntax error at or near &quot;Kepala&quot;
LINE 1: ...sname FROM tbm_jenis_barang WHERE jenisname != Hiasan Kepala
                                                                 ^
in SYSTEMPATH\Database\Postgre\Connection.php on line 192.
 1 SYSTEMPATH\Database\BaseConnection.php(693): CodeIgniter\Database\Postgre\Connection->execute('SELECT jenisid,jenisname FROM tbm_jenis_barang WHERE jenisname != Hiasan Kepala')
 2 SYSTEMPATH\Database\BaseConnection.php(607): CodeIgniter\Database\BaseConnection->simpleQuery('SELECT jenisid,jenisname FROM tbm_jenis_barang WHERE jenisname != Hiasan Kepala')
 3 APPPATH\Controllers\Barang.php(157): CodeIgniter\Database\BaseConnection->query('SELECT jenisid,jenisname FROM tbm_jenis_barang WHERE jenisname != Hiasan Kepala')
 4 SYSTEMPATH\CodeIgniter.php(941): App\Controllers\Barang->edit('47')
 5 SYSTEMPATH\CodeIgniter.php(502): CodeIgniter\CodeIgniter->runController(Object(App\Controllers\Barang))
 6 SYSTEMPATH\CodeIgniter.php(361): CodeIgniter\CodeIgniter->handleRequest(null, Object(Config\Cache), false)
 7 FCPATH\index.php(79): CodeIgniter\CodeIgniter->run()
 8 SYSTEMPATH\Commands\Server\rewrite.php(47): require_once('C:\\xampp\\htdocs\\POS_CODEIGNITER\\public\\index.php')
CRITICAL - 2024-02-07 01:47:51 --> [Caused by] ErrorException: pg_query(): Query failed: ERROR:  syntax error at or near &quot;Kepala&quot;
LINE 1: ...sname FROM tbm_jenis_barang WHERE jenisname != Hiasan Kepala
                                                                 ^
in SYSTEMPATH\Database\Postgre\Connection.php on line 187.
 1 [internal function]: CodeIgniter\Debug\Exceptions->errorHandler(2, 'pg_query(): Query failed: ERROR:  syntax error at or near &quot;Kepala&quot;
LINE 1: ...sname FROM tbm_jenis_barang WHERE jenisname != Hiasan Kepala
                                                                 ^', 'C:\\xampp\\htdocs\\POS_CODEIGNITER\\system\\Database\\Postgre\\Connection.php', 187, [...])
 2 SYSTEMPATH\Database\Postgre\Connection.php(187): pg_query(resource (pgsql link), 'SELECT jenisid,jenisname FROM tbm_jenis_barang WHERE jenisname != Hiasan Kepala')
 3 SYSTEMPATH\Database\BaseConnection.php(693): CodeIgniter\Database\Postgre\Connection->execute('SELECT jenisid,jenisname FROM tbm_jenis_barang WHERE jenisname != Hiasan Kepala')
 4 SYSTEMPATH\Database\BaseConnection.php(607): CodeIgniter\Database\BaseConnection->simpleQuery('SELECT jenisid,jenisname FROM tbm_jenis_barang WHERE jenisname != Hiasan Kepala')
 5 APPPATH\Controllers\Barang.php(157): CodeIgniter\Database\BaseConnection->query('SELECT jenisid,jenisname FROM tbm_jenis_barang WHERE jenisname != Hiasan Kepala')
 6 SYSTEMPATH\CodeIgniter.php(941): App\Controllers\Barang->edit('47')
 7 SYSTEMPATH\CodeIgniter.php(502): CodeIgniter\CodeIgniter->runController(Object(App\Controllers\Barang))
 8 SYSTEMPATH\CodeIgniter.php(361): CodeIgniter\CodeIgniter->handleRequest(null, Object(Config\Cache), false)
 9 FCPATH\index.php(79): CodeIgniter\CodeIgniter->run()
10 SYSTEMPATH\Commands\Server\rewrite.php(47): require_once('C:\\xampp\\htdocs\\POS_CODEIGNITER\\public\\index.php')
ERROR - 2024-02-07 01:49:46 --> ErrorException: pg_query(): Query failed: ERROR:  syntax error at or near &quot;Kepala&quot;
LINE 1: ...sname FROM tbm_jenis_barang WHERE jenisname != Hiasan Kepala
                                                                 ^ in C:\xampp\htdocs\POS_CODEIGNITER\system\Database\Postgre\Connection.php:187
Stack trace:
#0 [internal function]: CodeIgniter\Debug\Exceptions->errorHandler(2, 'pg_query(): Que...', 'C:\\xampp\\htdocs...', 187, Array)
#1 C:\xampp\htdocs\POS_CODEIGNITER\system\Database\Postgre\Connection.php(187): pg_query(Resource id #138, 'SELECT jenisid,...')
#2 C:\xampp\htdocs\POS_CODEIGNITER\system\Database\BaseConnection.php(693): CodeIgniter\Database\Postgre\Connection->execute('SELECT jenisid,...')
#3 C:\xampp\htdocs\POS_CODEIGNITER\system\Database\BaseConnection.php(607): CodeIgniter\Database\BaseConnection->simpleQuery('SELECT jenisid,...')
#4 C:\xampp\htdocs\POS_CODEIGNITER\app\Controllers\Barang.php(157): CodeIgniter\Database\BaseConnection->query('SELECT jenisid,...')
#5 C:\xampp\htdocs\POS_CODEIGNITER\system\CodeIgniter.php(941): App\Controllers\Barang->edit('47')
#6 C:\xampp\htdocs\POS_CODEIGNITER\system\CodeIgniter.php(502): CodeIgniter\CodeIgniter->runController(Object(App\Controllers\Barang))
#7 C:\xampp\htdocs\POS_CODEIGNITER\system\CodeIgniter.php(361): CodeIgniter\CodeIgniter->handleRequest(NULL, Object(Config\Cache), false)
#8 C:\xampp\htdocs\POS_CODEIGNITER\public\index.php(79): CodeIgniter\CodeIgniter->run()
#9 C:\xampp\htdocs\POS_CODEIGNITER\system\Commands\Server\rewrite.php(47): require_once('C:\\xampp\\htdocs...')
#10 {main}
CRITICAL - 2024-02-07 01:49:46 --> CodeIgniter\Database\Exceptions\DatabaseException: pg_query(): Query failed: ERROR:  syntax error at or near &quot;Kepala&quot;
LINE 1: ...sname FROM tbm_jenis_barang WHERE jenisname != Hiasan Kepala
                                                                 ^
in SYSTEMPATH\Database\BaseConnection.php on line 647.
 1 APPPATH\Controllers\Barang.php(157): CodeIgniter\Database\BaseConnection->query('SELECT jenisid,jenisname FROM tbm_jenis_barang WHERE jenisname != Hiasan Kepala')
 2 SYSTEMPATH\CodeIgniter.php(941): App\Controllers\Barang->edit('47')
 3 SYSTEMPATH\CodeIgniter.php(502): CodeIgniter\CodeIgniter->runController(Object(App\Controllers\Barang))
 4 SYSTEMPATH\CodeIgniter.php(361): CodeIgniter\CodeIgniter->handleRequest(null, Object(Config\Cache), false)
 5 FCPATH\index.php(79): CodeIgniter\CodeIgniter->run()
 6 SYSTEMPATH\Commands\Server\rewrite.php(47): require_once('C:\\xampp\\htdocs\\POS_CODEIGNITER\\public\\index.php')
CRITICAL - 2024-02-07 01:49:46 --> [Caused by] CodeIgniter\Database\Exceptions\DatabaseException: pg_query(): Query failed: ERROR:  syntax error at or near &quot;Kepala&quot;
LINE 1: ...sname FROM tbm_jenis_barang WHERE jenisname != Hiasan Kepala
                                                                 ^
in SYSTEMPATH\Database\Postgre\Connection.php on line 192.
 1 SYSTEMPATH\Database\BaseConnection.php(693): CodeIgniter\Database\Postgre\Connection->execute('SELECT jenisid,jenisname FROM tbm_jenis_barang WHERE jenisname != Hiasan Kepala')
 2 SYSTEMPATH\Database\BaseConnection.php(607): CodeIgniter\Database\BaseConnection->simpleQuery('SELECT jenisid,jenisname FROM tbm_jenis_barang WHERE jenisname != Hiasan Kepala')
 3 APPPATH\Controllers\Barang.php(157): CodeIgniter\Database\BaseConnection->query('SELECT jenisid,jenisname FROM tbm_jenis_barang WHERE jenisname != Hiasan Kepala')
 4 SYSTEMPATH\CodeIgniter.php(941): App\Controllers\Barang->edit('47')
 5 SYSTEMPATH\CodeIgniter.php(502): CodeIgniter\CodeIgniter->runController(Object(App\Controllers\Barang))
 6 SYSTEMPATH\CodeIgniter.php(361): CodeIgniter\CodeIgniter->handleRequest(null, Object(Config\Cache), false)
 7 FCPATH\index.php(79): CodeIgniter\CodeIgniter->run()
 8 SYSTEMPATH\Commands\Server\rewrite.php(47): require_once('C:\\xampp\\htdocs\\POS_CODEIGNITER\\public\\index.php')
CRITICAL - 2024-02-07 01:49:46 --> [Caused by] ErrorException: pg_query(): Query failed: ERROR:  syntax error at or near &quot;Kepala&quot;
LINE 1: ...sname FROM tbm_jenis_barang WHERE jenisname != Hiasan Kepala
                                                                 ^
in SYSTEMPATH\Database\Postgre\Connection.php on line 187.
 1 [internal function]: CodeIgniter\Debug\Exceptions->errorHandler(2, 'pg_query(): Query failed: ERROR:  syntax error at or near &quot;Kepala&quot;
LINE 1: ...sname FROM tbm_jenis_barang WHERE jenisname != Hiasan Kepala
                                                                 ^', 'C:\\xampp\\htdocs\\POS_CODEIGNITER\\system\\Database\\Postgre\\Connection.php', 187, [...])
 2 SYSTEMPATH\Database\Postgre\Connection.php(187): pg_query(resource (pgsql link), 'SELECT jenisid,jenisname FROM tbm_jenis_barang WHERE jenisname != Hiasan Kepala')
 3 SYSTEMPATH\Database\BaseConnection.php(693): CodeIgniter\Database\Postgre\Connection->execute('SELECT jenisid,jenisname FROM tbm_jenis_barang WHERE jenisname != Hiasan Kepala')
 4 SYSTEMPATH\Database\BaseConnection.php(607): CodeIgniter\Database\BaseConnection->simpleQuery('SELECT jenisid,jenisname FROM tbm_jenis_barang WHERE jenisname != Hiasan Kepala')
 5 APPPATH\Controllers\Barang.php(157): CodeIgniter\Database\BaseConnection->query('SELECT jenisid,jenisname FROM tbm_jenis_barang WHERE jenisname != Hiasan Kepala')
 6 SYSTEMPATH\CodeIgniter.php(941): App\Controllers\Barang->edit('47')
 7 SYSTEMPATH\CodeIgniter.php(502): CodeIgniter\CodeIgniter->runController(Object(App\Controllers\Barang))
 8 SYSTEMPATH\CodeIgniter.php(361): CodeIgniter\CodeIgniter->handleRequest(null, Object(Config\Cache), false)
 9 FCPATH\index.php(79): CodeIgniter\CodeIgniter->run()
10 SYSTEMPATH\Commands\Server\rewrite.php(47): require_once('C:\\xampp\\htdocs\\POS_CODEIGNITER\\public\\index.php')
ERROR - 2024-02-07 01:50:02 --> ErrorException: pg_query(): Query failed: ERROR:  syntax error at or near &quot;Kepala&quot;
LINE 1: ...name FROM tbm_jenis_barang WHERE jenisname !== Hiasan Kepala
                                                                 ^ in C:\xampp\htdocs\POS_CODEIGNITER\system\Database\Postgre\Connection.php:187
Stack trace:
#0 [internal function]: CodeIgniter\Debug\Exceptions->errorHandler(2, 'pg_query(): Que...', 'C:\\xampp\\htdocs...', 187, Array)
#1 C:\xampp\htdocs\POS_CODEIGNITER\system\Database\Postgre\Connection.php(187): pg_query(Resource id #138, 'SELECT jenisid,...')
#2 C:\xampp\htdocs\POS_CODEIGNITER\system\Database\BaseConnection.php(693): CodeIgniter\Database\Postgre\Connection->execute('SELECT jenisid,...')
#3 C:\xampp\htdocs\POS_CODEIGNITER\system\Database\BaseConnection.php(607): CodeIgniter\Database\BaseConnection->simpleQuery('SELECT jenisid,...')
#4 C:\xampp\htdocs\POS_CODEIGNITER\app\Controllers\Barang.php(157): CodeIgniter\Database\BaseConnection->query('SELECT jenisid,...')
#5 C:\xampp\htdocs\POS_CODEIGNITER\system\CodeIgniter.php(941): App\Controllers\Barang->edit('47')
#6 C:\xampp\htdocs\POS_CODEIGNITER\system\CodeIgniter.php(502): CodeIgniter\CodeIgniter->runController(Object(App\Controllers\Barang))
#7 C:\xampp\htdocs\POS_CODEIGNITER\system\CodeIgniter.php(361): CodeIgniter\CodeIgniter->handleRequest(NULL, Object(Config\Cache), false)
#8 C:\xampp\htdocs\POS_CODEIGNITER\public\index.php(79): CodeIgniter\CodeIgniter->run()
#9 C:\xampp\htdocs\POS_CODEIGNITER\system\Commands\Server\rewrite.php(47): require_once('C:\\xampp\\htdocs...')
#10 {main}
CRITICAL - 2024-02-07 01:50:02 --> CodeIgniter\Database\Exceptions\DatabaseException: pg_query(): Query failed: ERROR:  syntax error at or near &quot;Kepala&quot;
LINE 1: ...name FROM tbm_jenis_barang WHERE jenisname !== Hiasan Kepala
                                                                 ^
in SYSTEMPATH\Database\BaseConnection.php on line 647.
 1 APPPATH\Controllers\Barang.php(157): CodeIgniter\Database\BaseConnection->query('SELECT jenisid,jenisname FROM tbm_jenis_barang WHERE jenisname !== Hiasan Kepala')
 2 SYSTEMPATH\CodeIgniter.php(941): App\Controllers\Barang->edit('47')
 3 SYSTEMPATH\CodeIgniter.php(502): CodeIgniter\CodeIgniter->runController(Object(App\Controllers\Barang))
 4 SYSTEMPATH\CodeIgniter.php(361): CodeIgniter\CodeIgniter->handleRequest(null, Object(Config\Cache), false)
 5 FCPATH\index.php(79): CodeIgniter\CodeIgniter->run()
 6 SYSTEMPATH\Commands\Server\rewrite.php(47): require_once('C:\\xampp\\htdocs\\POS_CODEIGNITER\\public\\index.php')
CRITICAL - 2024-02-07 01:50:02 --> [Caused by] CodeIgniter\Database\Exceptions\DatabaseException: pg_query(): Query failed: ERROR:  syntax error at or near &quot;Kepala&quot;
LINE 1: ...name FROM tbm_jenis_barang WHERE jenisname !== Hiasan Kepala
                                                                 ^
in SYSTEMPATH\Database\Postgre\Connection.php on line 192.
 1 SYSTEMPATH\Database\BaseConnection.php(693): CodeIgniter\Database\Postgre\Connection->execute('SELECT jenisid,jenisname FROM tbm_jenis_barang WHERE jenisname !== Hiasan Kepala')
 2 SYSTEMPATH\Database\BaseConnection.php(607): CodeIgniter\Database\BaseConnection->simpleQuery('SELECT jenisid,jenisname FROM tbm_jenis_barang WHERE jenisname !== Hiasan Kepala')
 3 APPPATH\Controllers\Barang.php(157): CodeIgniter\Database\BaseConnection->query('SELECT jenisid,jenisname FROM tbm_jenis_barang WHERE jenisname !== Hiasan Kepala')
 4 SYSTEMPATH\CodeIgniter.php(941): App\Controllers\Barang->edit('47')
 5 SYSTEMPATH\CodeIgniter.php(502): CodeIgniter\CodeIgniter->runController(Object(App\Controllers\Barang))
 6 SYSTEMPATH\CodeIgniter.php(361): CodeIgniter\CodeIgniter->handleRequest(null, Object(Config\Cache), false)
 7 FCPATH\index.php(79): CodeIgniter\CodeIgniter->run()
 8 SYSTEMPATH\Commands\Server\rewrite.php(47): require_once('C:\\xampp\\htdocs\\POS_CODEIGNITER\\public\\index.php')
CRITICAL - 2024-02-07 01:50:02 --> [Caused by] ErrorException: pg_query(): Query failed: ERROR:  syntax error at or near &quot;Kepala&quot;
LINE 1: ...name FROM tbm_jenis_barang WHERE jenisname !== Hiasan Kepala
                                                                 ^
in SYSTEMPATH\Database\Postgre\Connection.php on line 187.
 1 [internal function]: CodeIgniter\Debug\Exceptions->errorHandler(2, 'pg_query(): Query failed: ERROR:  syntax error at or near &quot;Kepala&quot;
LINE 1: ...name FROM tbm_jenis_barang WHERE jenisname !== Hiasan Kepala
                                                                 ^', 'C:\\xampp\\htdocs\\POS_CODEIGNITER\\system\\Database\\Postgre\\Connection.php', 187, [...])
 2 SYSTEMPATH\Database\Postgre\Connection.php(187): pg_query(resource (pgsql link), 'SELECT jenisid,jenisname FROM tbm_jenis_barang WHERE jenisname !== Hiasan Kepala')
 3 SYSTEMPATH\Database\BaseConnection.php(693): CodeIgniter\Database\Postgre\Connection->execute('SELECT jenisid,jenisname FROM tbm_jenis_barang WHERE jenisname !== Hiasan Kepala')
 4 SYSTEMPATH\Database\BaseConnection.php(607): CodeIgniter\Database\BaseConnection->simpleQuery('SELECT jenisid,jenisname FROM tbm_jenis_barang WHERE jenisname !== Hiasan Kepala')
 5 APPPATH\Controllers\Barang.php(157): CodeIgniter\Database\BaseConnection->query('SELECT jenisid,jenisname FROM tbm_jenis_barang WHERE jenisname !== Hiasan Kepala')
 6 SYSTEMPATH\CodeIgniter.php(941): App\Controllers\Barang->edit('47')
 7 SYSTEMPATH\CodeIgniter.php(502): CodeIgniter\CodeIgniter->runController(Object(App\Controllers\Barang))
 8 SYSTEMPATH\CodeIgniter.php(361): CodeIgniter\CodeIgniter->handleRequest(null, Object(Config\Cache), false)
 9 FCPATH\index.php(79): CodeIgniter\CodeIgniter->run()
10 SYSTEMPATH\Commands\Server\rewrite.php(47): require_once('C:\\xampp\\htdocs\\POS_CODEIGNITER\\public\\index.php')
ERROR - 2024-02-07 01:50:58 --> ErrorException: pg_query(): Query failed: ERROR:  syntax error at or near &quot;Kepala&quot;
LINE 1: ...sname FROM tbm_jenis_barang WHERE jenisname != Hiasan Kepala
                                                                 ^ in C:\xampp\htdocs\POS_CODEIGNITER\system\Database\Postgre\Connection.php:187
Stack trace:
#0 [internal function]: CodeIgniter\Debug\Exceptions->errorHandler(2, 'pg_query(): Que...', 'C:\\xampp\\htdocs...', 187, Array)
#1 C:\xampp\htdocs\POS_CODEIGNITER\system\Database\Postgre\Connection.php(187): pg_query(Resource id #138, 'SELECT jenisid,...')
#2 C:\xampp\htdocs\POS_CODEIGNITER\system\Database\BaseConnection.php(693): CodeIgniter\Database\Postgre\Connection->execute('SELECT jenisid,...')
#3 C:\xampp\htdocs\POS_CODEIGNITER\system\Database\BaseConnection.php(607): CodeIgniter\Database\BaseConnection->simpleQuery('SELECT jenisid,...')
#4 C:\xampp\htdocs\POS_CODEIGNITER\app\Controllers\Barang.php(157): CodeIgniter\Database\BaseConnection->query('SELECT jenisid,...')
#5 C:\xampp\htdocs\POS_CODEIGNITER\system\CodeIgniter.php(941): App\Controllers\Barang->edit('47')
#6 C:\xampp\htdocs\POS_CODEIGNITER\system\CodeIgniter.php(502): CodeIgniter\CodeIgniter->runController(Object(App\Controllers\Barang))
#7 C:\xampp\htdocs\POS_CODEIGNITER\system\CodeIgniter.php(361): CodeIgniter\CodeIgniter->handleRequest(NULL, Object(Config\Cache), false)
#8 C:\xampp\htdocs\POS_CODEIGNITER\public\index.php(79): CodeIgniter\CodeIgniter->run()
#9 C:\xampp\htdocs\POS_CODEIGNITER\system\Commands\Server\rewrite.php(47): require_once('C:\\xampp\\htdocs...')
#10 {main}
CRITICAL - 2024-02-07 01:50:58 --> CodeIgniter\Database\Exceptions\DatabaseException: pg_query(): Query failed: ERROR:  syntax error at or near &quot;Kepala&quot;
LINE 1: ...sname FROM tbm_jenis_barang WHERE jenisname != Hiasan Kepala
                                                                 ^
in SYSTEMPATH\Database\BaseConnection.php on line 647.
 1 APPPATH\Controllers\Barang.php(157): CodeIgniter\Database\BaseConnection->query('SELECT jenisid,jenisname FROM tbm_jenis_barang WHERE jenisname != Hiasan Kepala')
 2 SYSTEMPATH\CodeIgniter.php(941): App\Controllers\Barang->edit('47')
 3 SYSTEMPATH\CodeIgniter.php(502): CodeIgniter\CodeIgniter->runController(Object(App\Controllers\Barang))
 4 SYSTEMPATH\CodeIgniter.php(361): CodeIgniter\CodeIgniter->handleRequest(null, Object(Config\Cache), false)
 5 FCPATH\index.php(79): CodeIgniter\CodeIgniter->run()
 6 SYSTEMPATH\Commands\Server\rewrite.php(47): require_once('C:\\xampp\\htdocs\\POS_CODEIGNITER\\public\\index.php')
CRITICAL - 2024-02-07 01:50:58 --> [Caused by] CodeIgniter\Database\Exceptions\DatabaseException: pg_query(): Query failed: ERROR:  syntax error at or near &quot;Kepala&quot;
LINE 1: ...sname FROM tbm_jenis_barang WHERE jenisname != Hiasan Kepala
                                                                 ^
in SYSTEMPATH\Database\Postgre\Connection.php on line 192.
 1 SYSTEMPATH\Database\BaseConnection.php(693): CodeIgniter\Database\Postgre\Connection->execute('SELECT jenisid,jenisname FROM tbm_jenis_barang WHERE jenisname != Hiasan Kepala')
 2 SYSTEMPATH\Database\BaseConnection.php(607): CodeIgniter\Database\BaseConnection->simpleQuery('SELECT jenisid,jenisname FROM tbm_jenis_barang WHERE jenisname != Hiasan Kepala')
 3 APPPATH\Controllers\Barang.php(157): CodeIgniter\Database\BaseConnection->query('SELECT jenisid,jenisname FROM tbm_jenis_barang WHERE jenisname != Hiasan Kepala')
 4 SYSTEMPATH\CodeIgniter.php(941): App\Controllers\Barang->edit('47')
 5 SYSTEMPATH\CodeIgniter.php(502): CodeIgniter\CodeIgniter->runController(Object(App\Controllers\Barang))
 6 SYSTEMPATH\CodeIgniter.php(361): CodeIgniter\CodeIgniter->handleRequest(null, Object(Config\Cache), false)
 7 FCPATH\index.php(79): CodeIgniter\CodeIgniter->run()
 8 SYSTEMPATH\Commands\Server\rewrite.php(47): require_once('C:\\xampp\\htdocs\\POS_CODEIGNITER\\public\\index.php')
CRITICAL - 2024-02-07 01:50:58 --> [Caused by] ErrorException: pg_query(): Query failed: ERROR:  syntax error at or near &quot;Kepala&quot;
LINE 1: ...sname FROM tbm_jenis_barang WHERE jenisname != Hiasan Kepala
                                                                 ^
in SYSTEMPATH\Database\Postgre\Connection.php on line 187.
 1 [internal function]: CodeIgniter\Debug\Exceptions->errorHandler(2, 'pg_query(): Query failed: ERROR:  syntax error at or near &quot;Kepala&quot;
LINE 1: ...sname FROM tbm_jenis_barang WHERE jenisname != Hiasan Kepala
                                                                 ^', 'C:\\xampp\\htdocs\\POS_CODEIGNITER\\system\\Database\\Postgre\\Connection.php', 187, [...])
 2 SYSTEMPATH\Database\Postgre\Connection.php(187): pg_query(resource (pgsql link), 'SELECT jenisid,jenisname FROM tbm_jenis_barang WHERE jenisname != Hiasan Kepala')
 3 SYSTEMPATH\Database\BaseConnection.php(693): CodeIgniter\Database\Postgre\Connection->execute('SELECT jenisid,jenisname FROM tbm_jenis_barang WHERE jenisname != Hiasan Kepala')
 4 SYSTEMPATH\Database\BaseConnection.php(607): CodeIgniter\Database\BaseConnection->simpleQuery('SELECT jenisid,jenisname FROM tbm_jenis_barang WHERE jenisname != Hiasan Kepala')
 5 APPPATH\Controllers\Barang.php(157): CodeIgniter\Database\BaseConnection->query('SELECT jenisid,jenisname FROM tbm_jenis_barang WHERE jenisname != Hiasan Kepala')
 6 SYSTEMPATH\CodeIgniter.php(941): App\Controllers\Barang->edit('47')
 7 SYSTEMPATH\CodeIgniter.php(502): CodeIgniter\CodeIgniter->runController(Object(App\Controllers\Barang))
 8 SYSTEMPATH\CodeIgniter.php(361): CodeIgniter\CodeIgniter->handleRequest(null, Object(Config\Cache), false)
 9 FCPATH\index.php(79): CodeIgniter\CodeIgniter->run()
10 SYSTEMPATH\Commands\Server\rewrite.php(47): require_once('C:\\xampp\\htdocs\\POS_CODEIGNITER\\public\\index.php')
INFO - 2024-02-07 01:53:08 --> Session: Class initialized using 'CodeIgniter\Session\Handlers\FileHandler' driver.
INFO - 2024-02-07 02:14:31 --> Session: Class initialized using 'CodeIgniter\Session\Handlers\FileHandler' driver.
INFO - 2024-02-07 02:15:22 --> Session: Class initialized using 'CodeIgniter\Session\Handlers\FileHandler' driver.
INFO - 2024-02-07 02:15:30 --> Session: Class initialized using 'CodeIgniter\Session\Handlers\FileHandler' driver.
INFO - 2024-02-07 02:15:39 --> Session: Class initialized using 'CodeIgniter\Session\Handlers\FileHandler' driver.
INFO - 2024-02-07 02:16:54 --> Session: Class initialized using 'CodeIgniter\Session\Handlers\FileHandler' driver.
INFO - 2024-02-07 02:16:55 --> Session: Class initialized using 'CodeIgniter\Session\Handlers\FileHandler' driver.
INFO - 2024-02-07 02:17:01 --> Session: Class initialized using 'CodeIgniter\Session\Handlers\FileHandler' driver.
INFO - 2024-02-07 02:17:24 --> Session: Class initialized using 'CodeIgniter\Session\Handlers\FileHandler' driver.
INFO - 2024-02-07 02:17:25 --> Session: Class initialized using 'CodeIgniter\Session\Handlers\FileHandler' driver.
INFO - 2024-02-07 02:17:31 --> Session: Class initialized using 'CodeIgniter\Session\Handlers\FileHandler' driver.
INFO - 2024-02-07 02:17:38 --> Session: Class initialized using 'CodeIgniter\Session\Handlers\FileHandler' driver.
INFO - 2024-02-07 02:17:39 --> Session: Class initialized using 'CodeIgniter\Session\Handlers\FileHandler' driver.
INFO - 2024-02-07 02:19:44 --> Session: Class initialized using 'CodeIgniter\Session\Handlers\FileHandler' driver.
INFO - 2024-02-07 02:19:52 --> Session: Class initialized using 'CodeIgniter\Session\Handlers\FileHandler' driver.
INFO - 2024-02-07 02:19:52 --> Session: Class initialized using 'CodeIgniter\Session\Handlers\FileHandler' driver.
INFO - 2024-02-07 02:20:44 --> Session: Class initialized using 'CodeIgniter\Session\Handlers\FileHandler' driver.
INFO - 2024-02-07 02:23:16 --> Session: Class initialized using 'CodeIgniter\Session\Handlers\FileHandler' driver.
INFO - 2024-02-07 02:23:41 --> Session: Class initialized using 'CodeIgniter\Session\Handlers\FileHandler' driver.
INFO - 2024-02-07 02:23:47 --> Session: Class initialized using 'CodeIgniter\Session\Handlers\FileHandler' driver.
INFO - 2024-02-07 02:23:48 --> Session: Class initialized using 'CodeIgniter\Session\Handlers\FileHandler' driver.
INFO - 2024-02-07 02:24:37 --> Session: Class initialized using 'CodeIgniter\Session\Handlers\FileHandler' driver.
INFO - 2024-02-07 02:24:48 --> Session: Class initialized using 'CodeIgniter\Session\Handlers\FileHandler' driver.
INFO - 2024-02-07 02:24:52 --> Session: Class initialized using 'CodeIgniter\Session\Handlers\FileHandler' driver.
INFO - 2024-02-07 02:24:56 --> Session: Class initialized using 'CodeIgniter\Session\Handlers\FileHandler' driver.
INFO - 2024-02-07 02:25:01 --> Session: Class initialized using 'CodeIgniter\Session\Handlers\FileHandler' driver.
INFO - 2024-02-07 02:25:02 --> Session: Class initialized using 'CodeIgniter\Session\Handlers\FileHandler' driver.
INFO - 2024-02-07 02:25:47 --> Session: Class initialized using 'CodeIgniter\Session\Handlers\FileHandler' driver.
INFO - 2024-02-07 02:25:53 --> Session: Class initialized using 'CodeIgniter\Session\Handlers\FileHandler' driver.
INFO - 2024-02-07 02:25:59 --> Session: Class initialized using 'CodeIgniter\Session\Handlers\FileHandler' driver.
INFO - 2024-02-07 02:26:03 --> Session: Class initialized using 'CodeIgniter\Session\Handlers\FileHandler' driver.
INFO - 2024-02-07 02:26:04 --> Session: Class initialized using 'CodeIgniter\Session\Handlers\FileHandler' driver.
INFO - 2024-02-07 02:26:09 --> Session: Class initialized using 'CodeIgniter\Session\Handlers\FileHandler' driver.
INFO - 2024-02-07 02:26:11 --> Session: Class initialized using 'CodeIgniter\Session\Handlers\FileHandler' driver.
WARNING - 2024-02-07 02:26:11 --> Session: Sessions is enabled, and one exists. Please don't $session->start();
INFO - 2024-02-07 02:26:39 --> Session: Class initialized using 'CodeIgniter\Session\Handlers\FileHandler' driver.
WARNING - 2024-02-07 02:26:39 --> Session: Sessions is enabled, and one exists. Please don't $session->start();
INFO - 2024-02-07 02:26:41 --> Session: Class initialized using 'CodeIgniter\Session\Handlers\FileHandler' driver.
WARNING - 2024-02-07 02:26:41 --> Session: Sessions is enabled, and one exists. Please don't $session->start();
